2025-10-14 15:21:28.436 +02:00 [WRN] The ASP.NET Core developer certificate is not trusted. For information about trusting the ASP.NET Core developer certificate, see https://aka.ms/aspnet/https-trust-dev-cert
2025-10-14 15:21:28.647 +02:00 [INF] Now listening on: https://localhost:7272
2025-10-14 15:21:28.649 +02:00 [INF] Now listening on: http://localhost:5092
2025-10-14 15:21:28.668 +02:00 [INF] Application started. Press Ctrl+C to shut down.
2025-10-14 15:21:28.674 +02:00 [INF] Hosting environment: Development
2025-10-14 15:21:28.676 +02:00 [INF] Content root path: /home/tobias/RiderProjects/SentrySMP/SentrySMP.Admin
2025-10-14 15:21:34.587 +02:00 [INF] [BasicAuth] Handling request for /
2025-10-14 15:21:34.591 +02:00 [WRN] [BasicAuth] Missing Authorization header
2025-10-14 15:21:34.597 +02:00 [INF] BasicAuth was not authenticated. Failure message: Missing Authorization Header
2025-10-14 15:21:34.752 +02:00 [INF] Home: CredentialStore has credentials: false
2025-10-14 15:21:34.757 +02:00 [INF] Home: User authenticated: false
2025-10-14 15:21:34.758 +02:00 [INF] Home: User name: null
2025-10-14 15:21:34.759 +02:00 [WRN] Home: User not authenticated, redirecting to login
2025-10-14 15:21:34.836 +02:00 [INF] [BasicAuth] Handling request for /login
2025-10-14 15:21:34.838 +02:00 [WRN] [BasicAuth] Missing Authorization header
2025-10-14 15:21:34.839 +02:00 [INF] BasicAuth was not authenticated. Failure message: Missing Authorization Header
2025-10-14 15:21:35.189 +02:00 [INF] [BasicAuth] Handling request for /_framework/blazor.web.js
2025-10-14 15:21:35.189 +02:00 [WRN] [BasicAuth] Missing Authorization header
2025-10-14 15:21:35.189 +02:00 [INF] BasicAuth was not authenticated. Failure message: Missing Authorization Header
2025-10-14 15:21:35.306 +02:00 [INF] [BasicAuth] Handling request for /_blazor/initializers
2025-10-14 15:21:35.307 +02:00 [WRN] [BasicAuth] Missing Authorization header
2025-10-14 15:21:35.308 +02:00 [INF] BasicAuth was not authenticated. Failure message: Missing Authorization Header
2025-10-14 15:21:35.347 +02:00 [INF] [BasicAuth] Handling request for /_blazor/negotiate
2025-10-14 15:21:35.347 +02:00 [WRN] [BasicAuth] Missing Authorization header
2025-10-14 15:21:35.347 +02:00 [INF] BasicAuth was not authenticated. Failure message: Missing Authorization Header
2025-10-14 15:21:35.372 +02:00 [INF] [BasicAuth] Handling request for /_blazor
2025-10-14 15:21:35.373 +02:00 [WRN] [BasicAuth] Missing Authorization header
2025-10-14 15:21:35.374 +02:00 [INF] BasicAuth was not authenticated. Failure message: Missing Authorization Header
2025-10-14 15:21:42.333 +02:00 [INF] Attempting login for user: admin
2025-10-14 15:21:42.337 +02:00 [INF] Attempting auth verification for admin against https://localhost:7271
2025-10-14 15:21:46.014 +02:00 [INF] Auth verification for admin: "OK" from https://localhost:7271
2025-10-14 15:21:46.149 +02:00 [INF] Login successful for user: admin
2025-10-14 15:21:46.245 +02:00 [INF] [BasicAuth] Handling request for /
2025-10-14 15:21:46.245 +02:00 [WRN] [BasicAuth] Missing Authorization header
2025-10-14 15:21:46.245 +02:00 [INF] BasicAuth was not authenticated. Failure message: Missing Authorization Header
2025-10-14 15:21:46.249 +02:00 [INF] Home: CredentialStore has credentials: true
2025-10-14 15:21:46.250 +02:00 [INF] Home: Username: admin
2025-10-14 15:21:46.250 +02:00 [INF] Home: User authenticated: true
2025-10-14 15:21:46.251 +02:00 [INF] Home: User name: admin
2025-10-14 15:21:46.251 +02:00 [INF] Home: User is authenticated, staying on page
2025-10-14 15:21:46.281 +02:00 [INF] Home: CredentialStore has credentials: true
2025-10-14 15:21:46.281 +02:00 [INF] Home: Username: admin
2025-10-14 15:21:46.281 +02:00 [INF] Home: User authenticated: true
2025-10-14 15:21:46.281 +02:00 [INF] Home: User name: admin
2025-10-14 15:21:46.282 +02:00 [INF] Home: User is authenticated, staying on page
2025-10-14 15:24:56.211 +02:00 [INF] [BasicAuth] Handling request for /servers
2025-10-14 15:24:56.212 +02:00 [WRN] [BasicAuth] Missing Authorization header
2025-10-14 15:24:56.212 +02:00 [INF] BasicAuth was not authenticated. Failure message: Missing Authorization Header
2025-10-14 15:24:57.322 +02:00 [INF] [BasicAuth] Handling request for /keys
2025-10-14 15:24:57.322 +02:00 [WRN] [BasicAuth] Missing Authorization header
2025-10-14 15:24:57.323 +02:00 [INF] BasicAuth was not authenticated. Failure message: Missing Authorization Header
2025-10-14 15:24:57.494 +02:00 [INF] [BasicAuth] Handling request for /dd
2025-10-14 15:24:57.496 +02:00 [WRN] [BasicAuth] Missing Authorization header
2025-10-14 15:24:57.497 +02:00 [INF] BasicAuth was not authenticated. Failure message: Missing Authorization Header
2025-10-14 15:24:59.510 +02:00 [INF] [BasicAuth] Handling request for /_blazor/disconnect
2025-10-14 15:24:59.510 +02:00 [WRN] [BasicAuth] Missing Authorization header
2025-10-14 15:24:59.511 +02:00 [INF] BasicAuth was not authenticated. Failure message: Missing Authorization Header
2025-10-14 15:25:01.988 +02:00 [INF] [BasicAuth] Handling request for /login
2025-10-14 15:25:01.988 +02:00 [WRN] [BasicAuth] Missing Authorization header
2025-10-14 15:25:01.988 +02:00 [INF] BasicAuth was not authenticated. Failure message: Missing Authorization Header
2025-10-14 15:25:02.007 +02:00 [INF] [BasicAuth] Handling request for /
2025-10-14 15:25:02.007 +02:00 [WRN] [BasicAuth] Missing Authorization header
2025-10-14 15:25:02.008 +02:00 [INF] BasicAuth was not authenticated. Failure message: Missing Authorization Header
2025-10-14 15:25:02.008 +02:00 [INF] Home: CredentialStore has credentials: true
2025-10-14 15:25:02.008 +02:00 [INF] Home: Username: admin
2025-10-14 15:25:02.009 +02:00 [INF] Home: User authenticated: true
2025-10-14 15:25:02.009 +02:00 [INF] Home: User name: admin
2025-10-14 15:25:02.009 +02:00 [INF] Home: User is authenticated, staying on page
2025-10-14 15:25:02.121 +02:00 [INF] [BasicAuth] Handling request for /_framework/blazor.web.js
2025-10-14 15:25:02.122 +02:00 [WRN] [BasicAuth] Missing Authorization header
2025-10-14 15:25:02.122 +02:00 [INF] BasicAuth was not authenticated. Failure message: Missing Authorization Header
2025-10-14 15:25:02.202 +02:00 [INF] [BasicAuth] Handling request for /_blazor/initializers
2025-10-14 15:25:02.203 +02:00 [WRN] [BasicAuth] Missing Authorization header
2025-10-14 15:25:02.204 +02:00 [INF] BasicAuth was not authenticated. Failure message: Missing Authorization Header
2025-10-14 15:25:02.228 +02:00 [INF] [BasicAuth] Handling request for /_blazor/negotiate
2025-10-14 15:25:02.230 +02:00 [WRN] [BasicAuth] Missing Authorization header
2025-10-14 15:25:02.230 +02:00 [INF] BasicAuth was not authenticated. Failure message: Missing Authorization Header
2025-10-14 15:25:02.251 +02:00 [INF] [BasicAuth] Handling request for /_blazor
2025-10-14 15:25:02.252 +02:00 [WRN] [BasicAuth] Missing Authorization header
2025-10-14 15:25:02.252 +02:00 [INF] BasicAuth was not authenticated. Failure message: Missing Authorization Header
2025-10-14 15:25:02.272 +02:00 [INF] Home: CredentialStore has credentials: true
2025-10-14 15:25:02.273 +02:00 [INF] Home: Username: admin
2025-10-14 15:25:02.273 +02:00 [INF] Home: User authenticated: true
2025-10-14 15:25:02.273 +02:00 [INF] Home: User name: admin
2025-10-14 15:25:02.274 +02:00 [INF] Home: User is authenticated, staying on page
2025-10-14 15:25:03.450 +02:00 [INF] [BasicAuth] Handling request for /
2025-10-14 15:25:03.450 +02:00 [WRN] [BasicAuth] Missing Authorization header
2025-10-14 15:25:03.450 +02:00 [INF] BasicAuth was not authenticated. Failure message: Missing Authorization Header
2025-10-14 15:25:03.451 +02:00 [INF] Home: CredentialStore has credentials: true
2025-10-14 15:25:03.451 +02:00 [INF] Home: Username: admin
2025-10-14 15:25:03.453 +02:00 [INF] Home: User authenticated: true
2025-10-14 15:25:03.453 +02:00 [INF] Home: User name: admin
2025-10-14 15:25:03.453 +02:00 [INF] Home: User is authenticated, staying on page
2025-10-14 15:25:03.699 +02:00 [INF] [BasicAuth] Handling request for /servers
2025-10-14 15:25:03.699 +02:00 [WRN] [BasicAuth] Missing Authorization header
2025-10-14 15:25:03.700 +02:00 [INF] BasicAuth was not authenticated. Failure message: Missing Authorization Header
2025-10-14 15:25:04.182 +02:00 [INF] [BasicAuth] Handling request for /keys
2025-10-14 15:25:04.183 +02:00 [WRN] [BasicAuth] Missing Authorization header
2025-10-14 15:25:04.183 +02:00 [INF] BasicAuth was not authenticated. Failure message: Missing Authorization Header
2025-10-14 15:25:04.358 +02:00 [INF] [BasicAuth] Handling request for /dd
2025-10-14 15:25:04.359 +02:00 [WRN] [BasicAuth] Missing Authorization header
2025-10-14 15:25:04.359 +02:00 [INF] BasicAuth was not authenticated. Failure message: Missing Authorization Header
2025-10-14 15:25:06.357 +02:00 [INF] [BasicAuth] Handling request for /_blazor/disconnect
2025-10-14 15:25:06.357 +02:00 [WRN] [BasicAuth] Missing Authorization header
2025-10-14 15:25:06.357 +02:00 [INF] BasicAuth was not authenticated. Failure message: Missing Authorization Header
2025-10-14 15:25:36.062 +02:00 [INF] [BasicAuth] Handling request for /servers
2025-10-14 15:25:36.064 +02:00 [WRN] [BasicAuth] Missing Authorization header
2025-10-14 15:25:36.064 +02:00 [INF] BasicAuth was not authenticated. Failure message: Missing Authorization Header
2025-10-14 15:25:36.182 +02:00 [INF] [BasicAuth] Handling request for /_blazor/negotiate
2025-10-14 15:25:36.182 +02:00 [WRN] [BasicAuth] Missing Authorization header
2025-10-14 15:25:36.182 +02:00 [INF] BasicAuth was not authenticated. Failure message: Missing Authorization Header
2025-10-14 15:25:36.205 +02:00 [INF] [BasicAuth] Handling request for /_blazor
2025-10-14 15:25:36.206 +02:00 [WRN] [BasicAuth] Missing Authorization header
2025-10-14 15:25:36.207 +02:00 [INF] BasicAuth was not authenticated. Failure message: Missing Authorization Header
2025-10-14 15:25:36.865 +02:00 [INF] [BasicAuth] Handling request for /
2025-10-14 15:25:36.866 +02:00 [WRN] [BasicAuth] Missing Authorization header
2025-10-14 15:25:36.866 +02:00 [INF] BasicAuth was not authenticated. Failure message: Missing Authorization Header
2025-10-14 15:25:36.867 +02:00 [INF] Home: CredentialStore has credentials: true
2025-10-14 15:25:36.867 +02:00 [INF] Home: Username: admin
2025-10-14 15:25:36.869 +02:00 [INF] Home: User authenticated: true
2025-10-14 15:25:36.870 +02:00 [INF] Home: User name: admin
2025-10-14 15:25:36.872 +02:00 [INF] Home: User is authenticated, staying on page
2025-10-14 15:25:36.892 +02:00 [INF] Home: CredentialStore has credentials: true
2025-10-14 15:25:36.892 +02:00 [INF] Home: Username: admin
2025-10-14 15:25:36.892 +02:00 [INF] Home: User authenticated: true
2025-10-14 15:25:36.892 +02:00 [INF] Home: User name: admin
2025-10-14 15:25:36.892 +02:00 [INF] Home: User is authenticated, staying on page
2025-10-14 15:28:12.083 +02:00 [INF] [BasicAuth] Handling request for /keys
2025-10-14 15:28:12.084 +02:00 [WRN] [BasicAuth] Missing Authorization header
2025-10-14 15:28:12.085 +02:00 [INF] BasicAuth was not authenticated. Failure message: Missing Authorization Header
2025-10-14 15:28:12.271 +02:00 [INF] [BasicAuth] Handling request for /dd
2025-10-14 15:28:12.272 +02:00 [WRN] [BasicAuth] Missing Authorization header
2025-10-14 15:28:12.272 +02:00 [INF] BasicAuth was not authenticated. Failure message: Missing Authorization Header
2025-10-14 15:28:14.258 +02:00 [INF] [BasicAuth] Handling request for /_blazor/disconnect
2025-10-14 15:28:14.259 +02:00 [WRN] [BasicAuth] Missing Authorization header
2025-10-14 15:28:14.259 +02:00 [INF] BasicAuth was not authenticated. Failure message: Missing Authorization Header
2025-10-14 15:28:14.376 +02:00 [INF] [BasicAuth] Handling request for /edit-key/4
2025-10-14 15:28:14.376 +02:00 [WRN] [BasicAuth] Missing Authorization header
2025-10-14 15:28:14.377 +02:00 [INF] BasicAuth was not authenticated. Failure message: Missing Authorization Header
2025-10-14 15:28:14.651 +02:00 [INF] [BasicAuth] Handling request for /_blazor/negotiate
2025-10-14 15:28:14.651 +02:00 [WRN] [BasicAuth] Missing Authorization header
2025-10-14 15:28:14.651 +02:00 [INF] BasicAuth was not authenticated. Failure message: Missing Authorization Header
2025-10-14 15:28:14.665 +02:00 [INF] [BasicAuth] Handling request for /_blazor
2025-10-14 15:28:14.665 +02:00 [WRN] [BasicAuth] Missing Authorization header
2025-10-14 15:28:14.665 +02:00 [INF] BasicAuth was not authenticated. Failure message: Missing Authorization Header
2025-10-14 15:28:16.771 +02:00 [INF] Updating key 4 with data: Name=df, Price=5, ServerId=6
2025-10-14 15:28:18.525 +02:00 [INF] [BasicAuth] Handling request for /keys
2025-10-14 15:28:18.525 +02:00 [WRN] [BasicAuth] Missing Authorization header
2025-10-14 15:28:18.526 +02:00 [INF] BasicAuth was not authenticated. Failure message: Missing Authorization Header
2025-10-14 15:28:18.636 +02:00 [INF] [BasicAuth] Handling request for /dd
2025-10-14 15:28:18.636 +02:00 [WRN] [BasicAuth] Missing Authorization header
2025-10-14 15:28:18.636 +02:00 [INF] BasicAuth was not authenticated. Failure message: Missing Authorization Header
2025-10-14 15:28:20.743 +02:00 [INF] [BasicAuth] Handling request for /_blazor/disconnect
2025-10-14 15:28:20.743 +02:00 [WRN] [BasicAuth] Missing Authorization header
2025-10-14 15:28:20.743 +02:00 [INF] BasicAuth was not authenticated. Failure message: Missing Authorization Header
2025-10-14 15:31:39.961 +02:00 [INF] Application is shutting down...
2025-10-14 15:31:53.468 +02:00 [WRN] The ASP.NET Core developer certificate is not trusted. For information about trusting the ASP.NET Core developer certificate, see https://aka.ms/aspnet/https-trust-dev-cert
2025-10-14 15:31:53.532 +02:00 [INF] Now listening on: https://localhost:7272
2025-10-14 15:31:53.537 +02:00 [INF] Now listening on: http://localhost:5092
2025-10-14 15:31:53.542 +02:00 [INF] Application started. Press Ctrl+C to shut down.
2025-10-14 15:31:53.542 +02:00 [INF] Hosting environment: Development
2025-10-14 15:31:53.543 +02:00 [INF] Content root path: /home/tobias/RiderProjects/SentrySMP/SentrySMP.Admin
2025-10-14 15:31:56.274 +02:00 [INF] [BasicAuth] Handling request for /
2025-10-14 15:31:56.276 +02:00 [WRN] [BasicAuth] Missing Authorization header
2025-10-14 15:31:56.278 +02:00 [INF] BasicAuth was not authenticated. Failure message: Missing Authorization Header
2025-10-14 15:31:56.352 +02:00 [INF] Home: CredentialStore has credentials: false
2025-10-14 15:31:56.354 +02:00 [INF] Home: User authenticated: false
2025-10-14 15:31:56.355 +02:00 [INF] Home: User name: null
2025-10-14 15:31:56.355 +02:00 [WRN] Home: User not authenticated, redirecting to login
2025-10-14 15:31:56.419 +02:00 [INF] [BasicAuth] Handling request for /login
2025-10-14 15:31:56.420 +02:00 [WRN] [BasicAuth] Missing Authorization header
2025-10-14 15:31:56.420 +02:00 [INF] BasicAuth was not authenticated. Failure message: Missing Authorization Header
2025-10-14 15:31:56.710 +02:00 [INF] [BasicAuth] Handling request for /_framework/blazor.web.js
2025-10-14 15:31:56.710 +02:00 [WRN] [BasicAuth] Missing Authorization header
2025-10-14 15:31:56.711 +02:00 [INF] BasicAuth was not authenticated. Failure message: Missing Authorization Header
2025-10-14 15:31:56.825 +02:00 [INF] [BasicAuth] Handling request for /_blazor/initializers
2025-10-14 15:31:56.826 +02:00 [WRN] [BasicAuth] Missing Authorization header
2025-10-14 15:31:56.826 +02:00 [INF] BasicAuth was not authenticated. Failure message: Missing Authorization Header
2025-10-14 15:31:56.845 +02:00 [INF] [BasicAuth] Handling request for /_blazor/negotiate
2025-10-14 15:31:56.845 +02:00 [WRN] [BasicAuth] Missing Authorization header
2025-10-14 15:31:56.845 +02:00 [INF] BasicAuth was not authenticated. Failure message: Missing Authorization Header
2025-10-14 15:31:56.876 +02:00 [INF] [BasicAuth] Handling request for /_blazor
2025-10-14 15:31:56.876 +02:00 [WRN] [BasicAuth] Missing Authorization header
2025-10-14 15:31:56.877 +02:00 [INF] BasicAuth was not authenticated. Failure message: Missing Authorization Header
2025-10-14 15:32:02.008 +02:00 [INF] Attempting login for user: admin
2025-10-14 15:32:02.014 +02:00 [INF] Attempting auth verification for admin against https://localhost:7271
2025-10-14 15:32:02.178 +02:00 [INF] Auth verification for admin: "OK" from https://localhost:7271
2025-10-14 15:32:02.312 +02:00 [INF] Login successful for user: admin
2025-10-14 15:32:02.357 +02:00 [INF] [BasicAuth] Handling request for /
2025-10-14 15:32:02.358 +02:00 [WRN] [BasicAuth] Missing Authorization header
2025-10-14 15:32:02.358 +02:00 [INF] BasicAuth was not authenticated. Failure message: Missing Authorization Header
2025-10-14 15:32:02.362 +02:00 [INF] Home: CredentialStore has credentials: true
2025-10-14 15:32:02.362 +02:00 [INF] Home: Username: admin
2025-10-14 15:32:02.362 +02:00 [INF] Home: User authenticated: true
2025-10-14 15:32:02.363 +02:00 [INF] Home: User name: admin
2025-10-14 15:32:02.363 +02:00 [INF] Home: User is authenticated, staying on page
2025-10-14 15:32:02.385 +02:00 [INF] Home: CredentialStore has credentials: true
2025-10-14 15:32:02.386 +02:00 [INF] Home: Username: admin
2025-10-14 15:32:02.387 +02:00 [INF] Home: User authenticated: true
2025-10-14 15:32:02.387 +02:00 [INF] Home: User name: admin
2025-10-14 15:32:02.387 +02:00 [INF] Home: User is authenticated, staying on page
2025-10-14 15:32:03.800 +02:00 [INF] [BasicAuth] Handling request for /servers
2025-10-14 15:32:03.800 +02:00 [WRN] [BasicAuth] Missing Authorization header
2025-10-14 15:32:03.800 +02:00 [INF] BasicAuth was not authenticated. Failure message: Missing Authorization Header
2025-10-14 15:32:05.785 +02:00 [INF] [BasicAuth] Handling request for /keys
2025-10-14 15:32:05.785 +02:00 [WRN] [BasicAuth] Missing Authorization header
2025-10-14 15:32:05.786 +02:00 [INF] BasicAuth was not authenticated. Failure message: Missing Authorization Header
2025-10-14 15:32:05.986 +02:00 [INF] [BasicAuth] Handling request for /dd
2025-10-14 15:32:05.986 +02:00 [WRN] [BasicAuth] Missing Authorization header
2025-10-14 15:32:05.987 +02:00 [INF] BasicAuth was not authenticated. Failure message: Missing Authorization Header
2025-10-14 15:32:07.326 +02:00 [INF] [BasicAuth] Handling request for /servers
2025-10-14 15:32:07.327 +02:00 [WRN] [BasicAuth] Missing Authorization header
2025-10-14 15:32:07.329 +02:00 [INF] BasicAuth was not authenticated. Failure message: Missing Authorization Header
2025-10-14 15:32:13.024 +02:00 [INF] [BasicAuth] Handling request for /keys
2025-10-14 15:32:13.027 +02:00 [WRN] [BasicAuth] Missing Authorization header
2025-10-14 15:32:13.027 +02:00 [INF] BasicAuth was not authenticated. Failure message: Missing Authorization Header
2025-10-14 15:32:13.140 +02:00 [INF] [BasicAuth] Handling request for /dd
2025-10-14 15:32:13.140 +02:00 [WRN] [BasicAuth] Missing Authorization header
2025-10-14 15:32:13.140 +02:00 [INF] BasicAuth was not authenticated. Failure message: Missing Authorization Header
2025-10-14 15:32:14.440 +02:00 [INF] [BasicAuth] Handling request for /add-key
2025-10-14 15:32:14.442 +02:00 [WRN] [BasicAuth] Missing Authorization header
2025-10-14 15:32:14.443 +02:00 [INF] BasicAuth was not authenticated. Failure message: Missing Authorization Header
2025-10-14 15:32:26.220 +02:00 [INF] Successfully uploaded image: screenshot-2025-09-28_14-31-28.png
2025-10-14 15:32:39.359 +02:00 [INF] [BasicAuth] Handling request for /keys
2025-10-14 15:32:39.360 +02:00 [WRN] [BasicAuth] Missing Authorization header
2025-10-14 15:32:39.360 +02:00 [INF] BasicAuth was not authenticated. Failure message: Missing Authorization Header
2025-10-14 15:32:39.463 +02:00 [INF] [BasicAuth] Handling request for /dd
2025-10-14 15:32:39.463 +02:00 [WRN] [BasicAuth] Missing Authorization header
2025-10-14 15:32:39.463 +02:00 [INF] BasicAuth was not authenticated. Failure message: Missing Authorization Header
2025-10-14 15:32:40.759 +02:00 [INF] [BasicAuth] Handling request for /servers
2025-10-14 15:32:40.760 +02:00 [WRN] [BasicAuth] Missing Authorization header
2025-10-14 15:32:40.761 +02:00 [INF] BasicAuth was not authenticated. Failure message: Missing Authorization Header
2025-10-14 15:37:32.214 +02:00 [INF] Application is shutting down...
2025-10-14 15:39:47.510 +02:00 [WRN] The ASP.NET Core developer certificate is not trusted. For information about trusting the ASP.NET Core developer certificate, see https://aka.ms/aspnet/https-trust-dev-cert
2025-10-14 15:39:47.566 +02:00 [INF] Now listening on: https://localhost:7272
2025-10-14 15:39:47.568 +02:00 [INF] Now listening on: http://localhost:5092
2025-10-14 15:39:47.571 +02:00 [INF] Application started. Press Ctrl+C to shut down.
2025-10-14 15:39:47.572 +02:00 [INF] Hosting environment: Development
2025-10-14 15:39:47.572 +02:00 [INF] Content root path: /home/tobias/RiderProjects/SentrySMP/SentrySMP.Admin
2025-10-14 15:39:50.681 +02:00 [INF] [BasicAuth] Handling request for /
2025-10-14 15:39:50.683 +02:00 [WRN] [BasicAuth] Missing Authorization header
2025-10-14 15:39:50.685 +02:00 [INF] BasicAuth was not authenticated. Failure message: Missing Authorization Header
2025-10-14 15:39:50.759 +02:00 [INF] Home: CredentialStore has credentials: false
2025-10-14 15:39:50.761 +02:00 [INF] Home: User authenticated: false
2025-10-14 15:39:50.761 +02:00 [INF] Home: User name: null
2025-10-14 15:39:50.762 +02:00 [WRN] Home: User not authenticated, redirecting to login
2025-10-14 15:39:50.818 +02:00 [INF] [BasicAuth] Handling request for /login
2025-10-14 15:39:50.819 +02:00 [WRN] [BasicAuth] Missing Authorization header
2025-10-14 15:39:50.820 +02:00 [INF] BasicAuth was not authenticated. Failure message: Missing Authorization Header
2025-10-14 15:39:50.990 +02:00 [INF] [BasicAuth] Handling request for /_framework/blazor.web.js
2025-10-14 15:39:50.991 +02:00 [WRN] [BasicAuth] Missing Authorization header
2025-10-14 15:39:50.993 +02:00 [INF] BasicAuth was not authenticated. Failure message: Missing Authorization Header
2025-10-14 15:39:51.150 +02:00 [INF] [BasicAuth] Handling request for /_blazor/initializers
2025-10-14 15:39:51.151 +02:00 [WRN] [BasicAuth] Missing Authorization header
2025-10-14 15:39:51.153 +02:00 [INF] BasicAuth was not authenticated. Failure message: Missing Authorization Header
2025-10-14 15:39:51.169 +02:00 [INF] [BasicAuth] Handling request for /_blazor/negotiate
2025-10-14 15:39:51.169 +02:00 [WRN] [BasicAuth] Missing Authorization header
2025-10-14 15:39:51.170 +02:00 [INF] BasicAuth was not authenticated. Failure message: Missing Authorization Header
2025-10-14 15:39:51.194 +02:00 [INF] [BasicAuth] Handling request for /_blazor
2025-10-14 15:39:51.194 +02:00 [WRN] [BasicAuth] Missing Authorization header
2025-10-14 15:39:51.195 +02:00 [INF] BasicAuth was not authenticated. Failure message: Missing Authorization Header
2025-10-14 15:39:53.287 +02:00 [INF] Attempting login for user: admin
2025-10-14 15:39:53.293 +02:00 [INF] Attempting auth verification for admin against https://localhost:7271
2025-10-14 15:39:56.287 +02:00 [INF] Auth verification for admin: "OK" from https://localhost:7271
2025-10-14 15:39:56.404 +02:00 [INF] Login successful for user: admin
2025-10-14 15:39:56.482 +02:00 [INF] [BasicAuth] Handling request for /
2025-10-14 15:39:56.483 +02:00 [WRN] [BasicAuth] Missing Authorization header
2025-10-14 15:39:56.483 +02:00 [INF] BasicAuth was not authenticated. Failure message: Missing Authorization Header
2025-10-14 15:39:56.489 +02:00 [INF] Home: CredentialStore has credentials: true
2025-10-14 15:39:56.490 +02:00 [INF] Home: Username: admin
2025-10-14 15:39:56.490 +02:00 [INF] Home: User authenticated: true
2025-10-14 15:39:56.491 +02:00 [INF] Home: User name: admin
2025-10-14 15:39:56.491 +02:00 [INF] Home: User is authenticated, staying on page
2025-10-14 15:39:56.533 +02:00 [INF] Home: CredentialStore has credentials: true
2025-10-14 15:39:56.533 +02:00 [INF] Home: Username: admin
2025-10-14 15:39:56.533 +02:00 [INF] Home: User authenticated: true
2025-10-14 15:39:56.534 +02:00 [INF] Home: User name: admin
2025-10-14 15:39:56.534 +02:00 [INF] Home: User is authenticated, staying on page
2025-10-14 15:40:21.789 +02:00 [INF] [BasicAuth] Handling request for /keys
2025-10-14 15:40:21.789 +02:00 [WRN] [BasicAuth] Missing Authorization header
2025-10-14 15:40:21.789 +02:00 [INF] BasicAuth was not authenticated. Failure message: Missing Authorization Header
2025-10-14 15:40:22.198 +02:00 [INF] [BasicAuth] Handling request for /dd
2025-10-14 15:40:22.199 +02:00 [WRN] [BasicAuth] Missing Authorization header
2025-10-14 15:40:22.199 +02:00 [INF] BasicAuth was not authenticated. Failure message: Missing Authorization Header
2025-10-14 15:40:24.162 +02:00 [INF] [BasicAuth] Handling request for /_blazor/disconnect
2025-10-14 15:40:24.162 +02:00 [WRN] [BasicAuth] Missing Authorization header
2025-10-14 15:40:24.162 +02:00 [INF] BasicAuth was not authenticated. Failure message: Missing Authorization Header
2025-10-14 15:40:30.719 +02:00 [INF] [BasicAuth] Handling request for /servers
2025-10-14 15:40:30.719 +02:00 [WRN] [BasicAuth] Missing Authorization header
2025-10-14 15:40:30.720 +02:00 [INF] BasicAuth was not authenticated. Failure message: Missing Authorization Header
2025-10-14 15:40:30.900 +02:00 [INF] [BasicAuth] Handling request for /_blazor/negotiate
2025-10-14 15:40:30.900 +02:00 [WRN] [BasicAuth] Missing Authorization header
2025-10-14 15:40:30.900 +02:00 [INF] BasicAuth was not authenticated. Failure message: Missing Authorization Header
2025-10-14 15:40:30.913 +02:00 [INF] [BasicAuth] Handling request for /_blazor
2025-10-14 15:40:30.913 +02:00 [WRN] [BasicAuth] Missing Authorization header
2025-10-14 15:40:30.913 +02:00 [INF] BasicAuth was not authenticated. Failure message: Missing Authorization Header
2025-10-14 15:40:31.321 +02:00 [INF] [BasicAuth] Handling request for /keys
2025-10-14 15:40:31.321 +02:00 [WRN] [BasicAuth] Missing Authorization header
2025-10-14 15:40:31.321 +02:00 [INF] BasicAuth was not authenticated. Failure message: Missing Authorization Header
2025-10-14 15:40:31.456 +02:00 [INF] [BasicAuth] Handling request for /dd
2025-10-14 15:40:31.456 +02:00 [WRN] [BasicAuth] Missing Authorization header
2025-10-14 15:40:31.456 +02:00 [INF] BasicAuth was not authenticated. Failure message: Missing Authorization Header
2025-10-14 15:40:33.463 +02:00 [INF] [BasicAuth] Handling request for /_blazor/disconnect
2025-10-14 15:40:33.463 +02:00 [WRN] [BasicAuth] Missing Authorization header
2025-10-14 15:40:33.464 +02:00 [INF] BasicAuth was not authenticated. Failure message: Missing Authorization Header
2025-10-14 15:41:50.704 +02:00 [INF] Application is shutting down...
2025-10-14 15:41:57.433 +02:00 [WRN] The ASP.NET Core developer certificate is not trusted. For information about trusting the ASP.NET Core developer certificate, see https://aka.ms/aspnet/https-trust-dev-cert
2025-10-14 15:41:57.500 +02:00 [INF] Now listening on: https://localhost:7272
2025-10-14 15:41:57.502 +02:00 [INF] Now listening on: http://localhost:5092
2025-10-14 15:41:57.506 +02:00 [INF] Application started. Press Ctrl+C to shut down.
2025-10-14 15:41:57.506 +02:00 [INF] Hosting environment: Development
2025-10-14 15:41:57.507 +02:00 [INF] Content root path: /home/tobias/RiderProjects/SentrySMP/SentrySMP.Admin
2025-10-14 15:42:00.550 +02:00 [INF] [BasicAuth] Handling request for /
2025-10-14 15:42:00.552 +02:00 [WRN] [BasicAuth] Missing Authorization header
2025-10-14 15:42:00.554 +02:00 [INF] BasicAuth was not authenticated. Failure message: Missing Authorization Header
2025-10-14 15:42:00.628 +02:00 [INF] Home: CredentialStore has credentials: false
2025-10-14 15:42:00.630 +02:00 [INF] Home: User authenticated: false
2025-10-14 15:42:00.630 +02:00 [INF] Home: User name: null
2025-10-14 15:42:00.631 +02:00 [WRN] Home: User not authenticated, redirecting to login
2025-10-14 15:42:00.691 +02:00 [INF] [BasicAuth] Handling request for /login
2025-10-14 15:42:00.691 +02:00 [WRN] [BasicAuth] Missing Authorization header
2025-10-14 15:42:00.691 +02:00 [INF] BasicAuth was not authenticated. Failure message: Missing Authorization Header
2025-10-14 15:42:00.857 +02:00 [INF] [BasicAuth] Handling request for /_framework/blazor.web.js
2025-10-14 15:42:00.859 +02:00 [WRN] [BasicAuth] Missing Authorization header
2025-10-14 15:42:00.860 +02:00 [INF] BasicAuth was not authenticated. Failure message: Missing Authorization Header
2025-10-14 15:42:01.010 +02:00 [INF] [BasicAuth] Handling request for /_blazor/initializers
2025-10-14 15:42:01.010 +02:00 [WRN] [BasicAuth] Missing Authorization header
2025-10-14 15:42:01.011 +02:00 [INF] BasicAuth was not authenticated. Failure message: Missing Authorization Header
2025-10-14 15:42:01.026 +02:00 [INF] [BasicAuth] Handling request for /_blazor/negotiate
2025-10-14 15:42:01.026 +02:00 [WRN] [BasicAuth] Missing Authorization header
2025-10-14 15:42:01.026 +02:00 [INF] BasicAuth was not authenticated. Failure message: Missing Authorization Header
2025-10-14 15:42:01.041 +02:00 [INF] [BasicAuth] Handling request for /_blazor
2025-10-14 15:42:01.042 +02:00 [WRN] [BasicAuth] Missing Authorization header
2025-10-14 15:42:01.042 +02:00 [INF] BasicAuth was not authenticated. Failure message: Missing Authorization Header
2025-10-14 15:42:05.915 +02:00 [INF] Attempting login for user: admin
2025-10-14 15:42:05.919 +02:00 [INF] Attempting auth verification for admin against https://localhost:7271
2025-10-14 15:42:06.059 +02:00 [INF] Auth verification for admin: "OK" from https://localhost:7271
2025-10-14 15:42:06.178 +02:00 [INF] Login successful for user: admin
2025-10-14 15:42:06.226 +02:00 [INF] [BasicAuth] Handling request for /
2025-10-14 15:42:06.226 +02:00 [WRN] [BasicAuth] Missing Authorization header
2025-10-14 15:42:06.226 +02:00 [INF] BasicAuth was not authenticated. Failure message: Missing Authorization Header
2025-10-14 15:42:06.229 +02:00 [INF] Home: CredentialStore has credentials: true
2025-10-14 15:42:06.229 +02:00 [INF] Home: Username: admin
2025-10-14 15:42:06.229 +02:00 [INF] Home: User authenticated: true
2025-10-14 15:42:06.230 +02:00 [INF] Home: User name: admin
2025-10-14 15:42:06.230 +02:00 [INF] Home: User is authenticated, staying on page
2025-10-14 15:42:06.256 +02:00 [INF] Home: CredentialStore has credentials: true
2025-10-14 15:42:06.257 +02:00 [INF] Home: Username: admin
2025-10-14 15:42:06.259 +02:00 [INF] Home: User authenticated: true
2025-10-14 15:42:06.260 +02:00 [INF] Home: User name: admin
2025-10-14 15:42:06.262 +02:00 [INF] Home: User is authenticated, staying on page
2025-10-14 15:42:07.490 +02:00 [INF] [BasicAuth] Handling request for /servers
2025-10-14 15:42:07.491 +02:00 [WRN] [BasicAuth] Missing Authorization header
2025-10-14 15:42:07.492 +02:00 [INF] BasicAuth was not authenticated. Failure message: Missing Authorization Header
2025-10-14 15:42:08.335 +02:00 [INF] [BasicAuth] Handling request for /keys
2025-10-14 15:42:08.336 +02:00 [WRN] [BasicAuth] Missing Authorization header
2025-10-14 15:42:08.336 +02:00 [INF] BasicAuth was not authenticated. Failure message: Missing Authorization Header
2025-10-14 15:42:08.494 +02:00 [INF] [BasicAuth] Handling request for /dd
2025-10-14 15:42:08.494 +02:00 [WRN] [BasicAuth] Missing Authorization header
2025-10-14 15:42:08.495 +02:00 [INF] BasicAuth was not authenticated. Failure message: Missing Authorization Header
2025-10-14 15:42:08.572 +02:00 [INF] [BasicAuth] Handling request for /dd
2025-10-14 15:42:08.574 +02:00 [WRN] [BasicAuth] Missing Authorization header
2025-10-14 15:42:08.574 +02:00 [INF] BasicAuth was not authenticated. Failure message: Missing Authorization Header
2025-10-14 15:42:20.827 +02:00 [INF] [BasicAuth] Handling request for /servers
2025-10-14 15:42:20.827 +02:00 [WRN] [BasicAuth] Missing Authorization header
2025-10-14 15:42:20.827 +02:00 [INF] BasicAuth was not authenticated. Failure message: Missing Authorization Header
2025-10-14 15:42:35.670 +02:00 [INF] [BasicAuth] Handling request for /keys
2025-10-14 15:42:35.672 +02:00 [WRN] [BasicAuth] Missing Authorization header
2025-10-14 15:42:35.673 +02:00 [INF] BasicAuth was not authenticated. Failure message: Missing Authorization Header
2025-10-14 15:42:36.772 +02:00 [INF] [BasicAuth] Handling request for /add-key
2025-10-14 15:42:36.772 +02:00 [WRN] [BasicAuth] Missing Authorization header
2025-10-14 15:42:36.772 +02:00 [INF] BasicAuth was not authenticated. Failure message: Missing Authorization Header
2025-10-14 15:42:46.820 +02:00 [INF] Successfully uploaded image: screenshot-2025-09-28_14-31-28.png
2025-10-14 15:42:52.486 +02:00 [INF] [BasicAuth] Handling request for /_blazor/negotiate
2025-10-14 15:42:52.487 +02:00 [WRN] [BasicAuth] Missing Authorization header
2025-10-14 15:42:52.488 +02:00 [INF] BasicAuth was not authenticated. Failure message: Missing Authorization Header
2025-10-14 15:42:52.525 +02:00 [INF] [BasicAuth] Handling request for /_blazor
2025-10-14 15:42:52.527 +02:00 [WRN] [BasicAuth] Missing Authorization header
2025-10-14 15:42:52.528 +02:00 [INF] BasicAuth was not authenticated. Failure message: Missing Authorization Header
2025-10-14 15:42:55.719 +02:00 [INF] [BasicAuth] Handling request for /keys
2025-10-14 15:42:55.720 +02:00 [WRN] [BasicAuth] Missing Authorization header
2025-10-14 15:42:55.720 +02:00 [INF] BasicAuth was not authenticated. Failure message: Missing Authorization Header
2025-10-14 15:42:57.735 +02:00 [INF] [BasicAuth] Handling request for /servers
2025-10-14 15:42:57.740 +02:00 [WRN] [BasicAuth] Missing Authorization header
2025-10-14 15:42:57.740 +02:00 [INF] BasicAuth was not authenticated. Failure message: Missing Authorization Header
2025-10-14 15:43:00.701 +02:00 [INF] [BasicAuth] Handling request for /keys
2025-10-14 15:43:00.703 +02:00 [WRN] [BasicAuth] Missing Authorization header
2025-10-14 15:43:00.704 +02:00 [INF] BasicAuth was not authenticated. Failure message: Missing Authorization Header
2025-10-14 15:43:04.712 +02:00 [INF] [BasicAuth] Handling request for /add-key
2025-10-14 15:43:04.712 +02:00 [WRN] [BasicAuth] Missing Authorization header
2025-10-14 15:43:04.713 +02:00 [INF] BasicAuth was not authenticated. Failure message: Missing Authorization Header
2025-10-14 15:43:12.084 +02:00 [INF] Successfully uploaded image: screenshot-2025-10-12_10-36-43.png
2025-10-14 15:43:18.289 +02:00 [INF] [BasicAuth] Handling request for /keys
2025-10-14 15:43:18.290 +02:00 [WRN] [BasicAuth] Missing Authorization header
2025-10-14 15:43:18.291 +02:00 [INF] BasicAuth was not authenticated. Failure message: Missing Authorization Header
2025-10-14 15:43:19.819 +02:00 [INF] [BasicAuth] Handling request for /servers
2025-10-14 15:43:19.820 +02:00 [WRN] [BasicAuth] Missing Authorization header
2025-10-14 15:43:19.821 +02:00 [INF] BasicAuth was not authenticated. Failure message: Missing Authorization Header
2025-10-14 15:44:30.414 +02:00 [INF] [BasicAuth] Handling request for /login
2025-10-14 15:44:30.415 +02:00 [WRN] [BasicAuth] Missing Authorization header
2025-10-14 15:44:30.415 +02:00 [INF] BasicAuth was not authenticated. Failure message: Missing Authorization Header
2025-10-14 15:44:30.451 +02:00 [INF] [BasicAuth] Handling request for /
2025-10-14 15:44:30.451 +02:00 [WRN] [BasicAuth] Missing Authorization header
2025-10-14 15:44:30.452 +02:00 [INF] BasicAuth was not authenticated. Failure message: Missing Authorization Header
2025-10-14 15:44:30.453 +02:00 [INF] Home: CredentialStore has credentials: true
2025-10-14 15:44:30.453 +02:00 [INF] Home: Username: admin
2025-10-14 15:44:30.453 +02:00 [INF] Home: User authenticated: true
2025-10-14 15:44:30.453 +02:00 [INF] Home: User name: admin
2025-10-14 15:44:30.453 +02:00 [INF] Home: User is authenticated, staying on page
2025-10-14 15:48:15.138 +02:00 [INF] Application is shutting down...
2025-10-14 15:48:23.353 +02:00 [WRN] The ASP.NET Core developer certificate is not trusted. For information about trusting the ASP.NET Core developer certificate, see https://aka.ms/aspnet/https-trust-dev-cert
2025-10-14 15:48:23.425 +02:00 [INF] Now listening on: https://localhost:7272
2025-10-14 15:48:23.427 +02:00 [INF] Now listening on: http://localhost:5092
2025-10-14 15:48:23.430 +02:00 [INF] Application started. Press Ctrl+C to shut down.
2025-10-14 15:48:23.431 +02:00 [INF] Hosting environment: Development
2025-10-14 15:48:23.432 +02:00 [INF] Content root path: /home/tobias/RiderProjects/SentrySMP/SentrySMP.Admin
2025-10-14 15:48:26.624 +02:00 [INF] [BasicAuth] Handling request for /
2025-10-14 15:48:26.626 +02:00 [WRN] [BasicAuth] Missing Authorization header
2025-10-14 15:48:26.630 +02:00 [INF] BasicAuth was not authenticated. Failure message: Missing Authorization Header
2025-10-14 15:48:26.726 +02:00 [INF] Home: CredentialStore has credentials: false
2025-10-14 15:48:26.728 +02:00 [INF] Home: User authenticated: false
2025-10-14 15:48:26.728 +02:00 [INF] Home: User name: null
2025-10-14 15:48:26.729 +02:00 [WRN] Home: User not authenticated, redirecting to login
2025-10-14 15:48:26.783 +02:00 [INF] [BasicAuth] Handling request for /login
2025-10-14 15:48:26.784 +02:00 [WRN] [BasicAuth] Missing Authorization header
2025-10-14 15:48:26.784 +02:00 [INF] BasicAuth was not authenticated. Failure message: Missing Authorization Header
2025-10-14 15:48:26.960 +02:00 [INF] [BasicAuth] Handling request for /_framework/blazor.web.js
2025-10-14 15:48:26.960 +02:00 [WRN] [BasicAuth] Missing Authorization header
2025-10-14 15:48:26.960 +02:00 [INF] BasicAuth was not authenticated. Failure message: Missing Authorization Header
2025-10-14 15:48:27.071 +02:00 [INF] [BasicAuth] Handling request for /_blazor/initializers
2025-10-14 15:48:27.072 +02:00 [WRN] [BasicAuth] Missing Authorization header
2025-10-14 15:48:27.072 +02:00 [INF] BasicAuth was not authenticated. Failure message: Missing Authorization Header
2025-10-14 15:48:27.089 +02:00 [INF] [BasicAuth] Handling request for /_blazor/negotiate
2025-10-14 15:48:27.090 +02:00 [WRN] [BasicAuth] Missing Authorization header
2025-10-14 15:48:27.091 +02:00 [INF] BasicAuth was not authenticated. Failure message: Missing Authorization Header
2025-10-14 15:48:27.108 +02:00 [INF] [BasicAuth] Handling request for /_blazor
2025-10-14 15:48:27.109 +02:00 [WRN] [BasicAuth] Missing Authorization header
2025-10-14 15:48:27.109 +02:00 [INF] BasicAuth was not authenticated. Failure message: Missing Authorization Header
2025-10-14 15:48:28.767 +02:00 [INF] Attempting login for user: admin
2025-10-14 15:48:28.771 +02:00 [INF] Attempting auth verification for admin against https://localhost:7271
2025-10-14 15:48:31.652 +02:00 [INF] Auth verification for admin: "OK" from https://localhost:7271
2025-10-14 15:48:31.773 +02:00 [INF] Login successful for user: admin
2025-10-14 15:48:31.829 +02:00 [INF] [BasicAuth] Handling request for /
2025-10-14 15:48:31.830 +02:00 [WRN] [BasicAuth] Missing Authorization header
2025-10-14 15:48:31.833 +02:00 [INF] BasicAuth was not authenticated. Failure message: Missing Authorization Header
2025-10-14 15:48:31.837 +02:00 [INF] Home: CredentialStore has credentials: true
2025-10-14 15:48:31.837 +02:00 [INF] Home: Username: admin
2025-10-14 15:48:31.838 +02:00 [INF] Home: User authenticated: true
2025-10-14 15:48:31.838 +02:00 [INF] Home: User name: admin
2025-10-14 15:48:31.840 +02:00 [INF] Home: User is authenticated, staying on page
2025-10-14 15:48:31.870 +02:00 [INF] Home: CredentialStore has credentials: true
2025-10-14 15:48:31.873 +02:00 [INF] Home: Username: admin
2025-10-14 15:48:31.875 +02:00 [INF] Home: User authenticated: true
2025-10-14 15:48:31.876 +02:00 [INF] Home: User name: admin
2025-10-14 15:48:31.877 +02:00 [INF] Home: User is authenticated, staying on page
2025-10-14 15:48:33.405 +02:00 [INF] [BasicAuth] Handling request for /servers
2025-10-14 15:48:33.407 +02:00 [WRN] [BasicAuth] Missing Authorization header
2025-10-14 15:48:33.408 +02:00 [INF] BasicAuth was not authenticated. Failure message: Missing Authorization Header
2025-10-14 15:48:35.481 +02:00 [INF] [BasicAuth] Handling request for /keys
2025-10-14 15:48:35.482 +02:00 [WRN] [BasicAuth] Missing Authorization header
2025-10-14 15:48:35.482 +02:00 [INF] BasicAuth was not authenticated. Failure message: Missing Authorization Header
2025-10-14 15:48:38.151 +02:00 [INF] [BasicAuth] Handling request for /servers
2025-10-14 15:48:38.152 +02:00 [WRN] [BasicAuth] Missing Authorization header
2025-10-14 15:48:38.152 +02:00 [INF] BasicAuth was not authenticated. Failure message: Missing Authorization Header
2025-10-14 15:48:38.657 +02:00 [INF] [BasicAuth] Handling request for /
2025-10-14 15:48:38.659 +02:00 [WRN] [BasicAuth] Missing Authorization header
2025-10-14 15:48:38.660 +02:00 [INF] BasicAuth was not authenticated. Failure message: Missing Authorization Header
2025-10-14 15:48:38.661 +02:00 [INF] Home: CredentialStore has credentials: true
2025-10-14 15:48:38.662 +02:00 [INF] Home: Username: admin
2025-10-14 15:48:38.665 +02:00 [INF] Home: User authenticated: true
2025-10-14 15:48:38.666 +02:00 [INF] Home: User name: admin
2025-10-14 15:48:38.666 +02:00 [INF] Home: User is authenticated, staying on page
2025-10-14 15:48:38.696 +02:00 [INF] Home: CredentialStore has credentials: true
2025-10-14 15:48:38.699 +02:00 [INF] Home: Username: admin
2025-10-14 15:48:38.700 +02:00 [INF] Home: User authenticated: true
2025-10-14 15:48:38.702 +02:00 [INF] Home: User name: admin
2025-10-14 15:48:38.702 +02:00 [INF] Home: User is authenticated, staying on page
2025-10-14 15:48:39.314 +02:00 [INF] [BasicAuth] Handling request for /keys
2025-10-14 15:48:39.315 +02:00 [WRN] [BasicAuth] Missing Authorization header
2025-10-14 15:48:39.316 +02:00 [INF] BasicAuth was not authenticated. Failure message: Missing Authorization Header
2025-10-14 15:49:31.606 +02:00 [INF] [BasicAuth] Handling request for /servers
2025-10-14 15:49:31.606 +02:00 [WRN] [BasicAuth] Missing Authorization header
2025-10-14 15:49:31.607 +02:00 [INF] BasicAuth was not authenticated. Failure message: Missing Authorization Header
2025-10-14 15:51:34.909 +02:00 [INF] [BasicAuth] Handling request for /add-server
2025-10-14 15:51:34.910 +02:00 [WRN] [BasicAuth] Missing Authorization header
2025-10-14 15:51:34.911 +02:00 [INF] BasicAuth was not authenticated. Failure message: Missing Authorization Header
2025-10-14 15:52:43.384 +02:00 [INF] Creating server with data: Name=SMP, RCONIP=5.83.128.32, RCONPort=25563, Password length=6
2025-10-14 15:52:45.570 +02:00 [INF] [BasicAuth] Handling request for /servers
2025-10-14 15:52:45.570 +02:00 [WRN] [BasicAuth] Missing Authorization header
2025-10-14 15:52:45.570 +02:00 [INF] BasicAuth was not authenticated. Failure message: Missing Authorization Header
2025-10-14 15:53:45.344 +02:00 [INF] [BasicAuth] Handling request for /add-server
2025-10-14 15:53:45.346 +02:00 [WRN] [BasicAuth] Missing Authorization header
2025-10-14 15:53:45.346 +02:00 [INF] BasicAuth was not authenticated. Failure message: Missing Authorization Header
2025-10-14 15:54:16.823 +02:00 [INF] Creating server with data: Name=Vanilla SMP, RCONIP=5.83.128.32, RCONPort=25575, Password length=6
2025-10-14 15:54:18.506 +02:00 [INF] [BasicAuth] Handling request for /servers
2025-10-14 15:54:18.506 +02:00 [WRN] [BasicAuth] Missing Authorization header
2025-10-14 15:54:18.508 +02:00 [INF] BasicAuth was not authenticated. Failure message: Missing Authorization Header
2025-10-14 15:55:06.360 +02:00 [INF] [BasicAuth] Handling request for /add-server
2025-10-14 15:55:06.361 +02:00 [WRN] [BasicAuth] Missing Authorization header
2025-10-14 15:55:06.362 +02:00 [INF] BasicAuth was not authenticated. Failure message: Missing Authorization Header
2025-10-14 15:56:11.781 +02:00 [INF] Creating server with data: Name=MaceBox, RCONIP=5.83.128.32, RCONPort=25575, Password length=6
2025-10-14 15:56:13.441 +02:00 [INF] [BasicAuth] Handling request for /servers
2025-10-14 15:56:13.441 +02:00 [WRN] [BasicAuth] Missing Authorization header
2025-10-14 15:56:13.441 +02:00 [INF] BasicAuth was not authenticated. Failure message: Missing Authorization Header
2025-10-14 15:56:20.806 +02:00 [INF] [BasicAuth] Handling request for /keys
2025-10-14 15:56:20.806 +02:00 [WRN] [BasicAuth] Missing Authorization header
2025-10-14 15:56:20.806 +02:00 [INF] BasicAuth was not authenticated. Failure message: Missing Authorization Header
2025-10-14 15:56:41.041 +02:00 [INF] [BasicAuth] Handling request for /servers
2025-10-14 15:56:41.042 +02:00 [WRN] [BasicAuth] Missing Authorization header
2025-10-14 15:56:41.044 +02:00 [INF] BasicAuth was not authenticated. Failure message: Missing Authorization Header
2025-10-14 15:56:41.659 +02:00 [INF] [BasicAuth] Handling request for /keys
2025-10-14 15:56:41.660 +02:00 [WRN] [BasicAuth] Missing Authorization header
2025-10-14 15:56:41.660 +02:00 [INF] BasicAuth was not authenticated. Failure message: Missing Authorization Header
2025-10-14 15:56:43.103 +02:00 [INF] [BasicAuth] Handling request for /add-key
2025-10-14 15:56:43.104 +02:00 [WRN] [BasicAuth] Missing Authorization header
2025-10-14 15:56:43.105 +02:00 [INF] BasicAuth was not authenticated. Failure message: Missing Authorization Header
2025-10-14 15:56:45.917 +02:00 [INF] Successfully uploaded image: screenshot-2025-10-12_10-36-43.png
2025-10-14 15:56:55.644 +02:00 [INF] Successfully uploaded image: screenshot-2025-10-12_10-36-43.png
2025-10-14 15:56:59.129 +02:00 [INF] Successfully uploaded image: screenshot-2025-09-28_14-31-28.png
2025-10-14 15:57:07.088 +02:00 [INF] [BasicAuth] Handling request for /keys
2025-10-14 15:57:07.089 +02:00 [WRN] [BasicAuth] Missing Authorization header
2025-10-14 15:57:07.089 +02:00 [INF] BasicAuth was not authenticated. Failure message: Missing Authorization Header
2025-10-14 16:56:11.505 +02:00 [INF] Application is shutting down...
2025-10-14 16:57:28.697 +02:00 [WRN] The ASP.NET Core developer certificate is not trusted. For information about trusting the ASP.NET Core developer certificate, see https://aka.ms/aspnet/https-trust-dev-cert
2025-10-14 16:57:28.759 +02:00 [INF] Now listening on: https://localhost:7272
2025-10-14 16:57:28.762 +02:00 [INF] Now listening on: http://localhost:5092
2025-10-14 16:57:28.766 +02:00 [INF] Application started. Press Ctrl+C to shut down.
2025-10-14 16:57:28.766 +02:00 [INF] Hosting environment: Development
2025-10-14 16:57:28.767 +02:00 [INF] Content root path: /home/tobias/RiderProjects/SentrySMP/SentrySMP.Admin
2025-10-14 16:57:30.965 +02:00 [INF] [BasicAuth] Handling request for /
2025-10-14 16:57:30.968 +02:00 [WRN] [BasicAuth] Missing Authorization header
2025-10-14 16:57:30.972 +02:00 [INF] BasicAuth was not authenticated. Failure message: Missing Authorization Header
2025-10-14 16:57:31.058 +02:00 [INF] Home: CredentialStore has credentials: false
2025-10-14 16:57:31.060 +02:00 [INF] Home: User authenticated: false
2025-10-14 16:57:31.061 +02:00 [INF] Home: User name: null
2025-10-14 16:57:31.061 +02:00 [WRN] Home: User not authenticated, redirecting to login
2025-10-14 16:57:31.123 +02:00 [INF] [BasicAuth] Handling request for /login
2025-10-14 16:57:31.124 +02:00 [WRN] [BasicAuth] Missing Authorization header
2025-10-14 16:57:31.124 +02:00 [INF] BasicAuth was not authenticated. Failure message: Missing Authorization Header
2025-10-14 16:57:31.333 +02:00 [INF] [BasicAuth] Handling request for /_framework/blazor.web.js
2025-10-14 16:57:31.334 +02:00 [WRN] [BasicAuth] Missing Authorization header
2025-10-14 16:57:31.334 +02:00 [INF] BasicAuth was not authenticated. Failure message: Missing Authorization Header
2025-10-14 16:57:31.430 +02:00 [INF] [BasicAuth] Handling request for /_blazor/initializers
2025-10-14 16:57:31.430 +02:00 [WRN] [BasicAuth] Missing Authorization header
2025-10-14 16:57:31.431 +02:00 [INF] BasicAuth was not authenticated. Failure message: Missing Authorization Header
2025-10-14 16:57:31.449 +02:00 [INF] [BasicAuth] Handling request for /_blazor/negotiate
2025-10-14 16:57:31.449 +02:00 [WRN] [BasicAuth] Missing Authorization header
2025-10-14 16:57:31.449 +02:00 [INF] BasicAuth was not authenticated. Failure message: Missing Authorization Header
2025-10-14 16:57:31.465 +02:00 [INF] [BasicAuth] Handling request for /_blazor
2025-10-14 16:57:31.466 +02:00 [WRN] [BasicAuth] Missing Authorization header
2025-10-14 16:57:31.466 +02:00 [INF] BasicAuth was not authenticated. Failure message: Missing Authorization Header
2025-10-14 16:57:32.781 +02:00 [INF] [BasicAuth] Handling request for /_blazor/negotiate
2025-10-14 16:57:32.781 +02:00 [WRN] [BasicAuth] Missing Authorization header
2025-10-14 16:57:32.782 +02:00 [INF] BasicAuth was not authenticated. Failure message: Missing Authorization Header
2025-10-14 16:57:32.793 +02:00 [INF] [BasicAuth] Handling request for /_blazor
2025-10-14 16:57:32.793 +02:00 [WRN] [BasicAuth] Missing Authorization header
2025-10-14 16:57:32.793 +02:00 [INF] BasicAuth was not authenticated. Failure message: Missing Authorization Header
2025-10-14 16:57:32.863 +02:00 [INF] [BasicAuth] Handling request for /keys
2025-10-14 16:57:32.864 +02:00 [WRN] [BasicAuth] Missing Authorization header
2025-10-14 16:57:32.864 +02:00 [INF] BasicAuth was not authenticated. Failure message: Missing Authorization Header
2025-10-14 16:57:32.928 +02:00 [WRN] [AuthHandler] No credentials present
2025-10-14 16:57:32.950 +02:00 [WRN] [AuthHandler] No credentials present
2025-10-14 16:57:33.273 +02:00 [INF] Attempting login for user: admin
2025-10-14 16:57:33.275 +02:00 [INF] Attempting auth verification for admin against https://localhost:7271
2025-10-14 16:57:33.370 +02:00 [INF] Auth verification for admin: "OK" from https://localhost:7271
2025-10-14 16:57:33.403 +02:00 [INF] [BasicAuth] Handling request for /_framework/blazor.web.js
2025-10-14 16:57:33.404 +02:00 [WRN] [BasicAuth] Missing Authorization header
2025-10-14 16:57:33.404 +02:00 [INF] BasicAuth was not authenticated. Failure message: Missing Authorization Header
2025-10-14 16:57:33.555 +02:00 [INF] Login successful for user: admin
2025-10-14 16:57:33.611 +02:00 [INF] [BasicAuth] Handling request for /
2025-10-14 16:57:33.611 +02:00 [WRN] [BasicAuth] Missing Authorization header
2025-10-14 16:57:33.611 +02:00 [INF] BasicAuth was not authenticated. Failure message: Missing Authorization Header
2025-10-14 16:57:33.612 +02:00 [INF] Home: CredentialStore has credentials: true
2025-10-14 16:57:33.613 +02:00 [INF] Home: Username: admin
2025-10-14 16:57:33.613 +02:00 [INF] Home: User authenticated: true
2025-10-14 16:57:33.613 +02:00 [INF] Home: User name: admin
2025-10-14 16:57:33.613 +02:00 [INF] Home: User is authenticated, staying on page
2025-10-14 16:57:33.642 +02:00 [INF] Home: CredentialStore has credentials: true
2025-10-14 16:57:33.646 +02:00 [INF] Home: Username: admin
2025-10-14 16:57:33.647 +02:00 [INF] Home: User authenticated: true
2025-10-14 16:57:33.647 +02:00 [INF] Home: User name: admin
2025-10-14 16:57:33.648 +02:00 [INF] Home: User is authenticated, staying on page
2025-10-14 16:57:34.356 +02:00 [INF] [BasicAuth] Handling request for /_blazor/initializers
2025-10-14 16:57:34.356 +02:00 [WRN] [BasicAuth] Missing Authorization header
2025-10-14 16:57:34.357 +02:00 [INF] BasicAuth was not authenticated. Failure message: Missing Authorization Header
2025-10-14 16:57:34.375 +02:00 [INF] [BasicAuth] Handling request for /_blazor/negotiate
2025-10-14 16:57:34.376 +02:00 [WRN] [BasicAuth] Missing Authorization header
2025-10-14 16:57:34.378 +02:00 [INF] BasicAuth was not authenticated. Failure message: Missing Authorization Header
2025-10-14 16:57:34.401 +02:00 [INF] [BasicAuth] Handling request for /_blazor
2025-10-14 16:57:34.402 +02:00 [WRN] [BasicAuth] Missing Authorization header
2025-10-14 16:57:34.402 +02:00 [INF] BasicAuth was not authenticated. Failure message: Missing Authorization Header
2025-10-14 20:09:09.884 +02:00 [WRN] The ASP.NET Core developer certificate is not trusted. For information about trusting the ASP.NET Core developer certificate, see https://aka.ms/aspnet/https-trust-dev-cert
2025-10-14 20:09:09.954 +02:00 [INF] Now listening on: https://localhost:7272
2025-10-14 20:09:09.958 +02:00 [INF] Now listening on: http://localhost:5092
2025-10-14 20:09:09.962 +02:00 [INF] Application started. Press Ctrl+C to shut down.
2025-10-14 20:09:09.963 +02:00 [INF] Hosting environment: Development
2025-10-14 20:09:09.963 +02:00 [INF] Content root path: /home/tobias/RiderProjects/SentrySMP/SentrySMP.Admin
2025-10-14 20:09:13.675 +02:00 [INF] [BasicAuth] Handling request for /
2025-10-14 20:09:13.677 +02:00 [WRN] [BasicAuth] Missing Authorization header
2025-10-14 20:09:13.679 +02:00 [INF] BasicAuth was not authenticated. Failure message: Missing Authorization Header
2025-10-14 20:09:13.757 +02:00 [INF] Home: CredentialStore has credentials: false
2025-10-14 20:09:13.759 +02:00 [INF] Home: User authenticated: false
2025-10-14 20:09:13.760 +02:00 [INF] Home: User name: null
2025-10-14 20:09:13.760 +02:00 [WRN] Home: User not authenticated, redirecting to login
2025-10-14 20:09:13.837 +02:00 [INF] [BasicAuth] Handling request for /login
2025-10-14 20:09:13.837 +02:00 [WRN] [BasicAuth] Missing Authorization header
2025-10-14 20:09:13.837 +02:00 [INF] BasicAuth was not authenticated. Failure message: Missing Authorization Header
2025-10-14 20:09:14.209 +02:00 [INF] [BasicAuth] Handling request for /_framework/blazor.web.js
2025-10-14 20:09:14.209 +02:00 [WRN] [BasicAuth] Missing Authorization header
2025-10-14 20:09:14.210 +02:00 [INF] BasicAuth was not authenticated. Failure message: Missing Authorization Header
2025-10-14 20:09:14.316 +02:00 [INF] [BasicAuth] Handling request for /_blazor/initializers
2025-10-14 20:09:14.318 +02:00 [WRN] [BasicAuth] Missing Authorization header
2025-10-14 20:09:14.318 +02:00 [INF] BasicAuth was not authenticated. Failure message: Missing Authorization Header
2025-10-14 20:09:14.346 +02:00 [INF] [BasicAuth] Handling request for /_blazor/negotiate
2025-10-14 20:09:14.348 +02:00 [WRN] [BasicAuth] Missing Authorization header
2025-10-14 20:09:14.348 +02:00 [INF] BasicAuth was not authenticated. Failure message: Missing Authorization Header
2025-10-14 20:09:14.363 +02:00 [INF] [BasicAuth] Handling request for /_blazor
2025-10-14 20:09:14.363 +02:00 [WRN] [BasicAuth] Missing Authorization header
2025-10-14 20:09:14.363 +02:00 [INF] BasicAuth was not authenticated. Failure message: Missing Authorization Header
2025-10-14 20:09:18.641 +02:00 [INF] Attempting login for user: admin
2025-10-14 20:09:18.646 +02:00 [INF] Attempting auth verification for admin against https://localhost:7271
2025-10-14 20:09:19.002 +02:00 [INF] Auth verification for admin: "OK" from https://localhost:7271
2025-10-14 20:09:19.130 +02:00 [INF] Login successful for user: admin
2025-10-14 20:09:19.460 +02:00 [INF] [BasicAuth] Handling request for /
2025-10-14 20:09:19.461 +02:00 [WRN] [BasicAuth] Missing Authorization header
2025-10-14 20:09:19.461 +02:00 [INF] BasicAuth was not authenticated. Failure message: Missing Authorization Header
2025-10-14 20:09:19.473 +02:00 [INF] Home: CredentialStore has credentials: true
2025-10-14 20:09:19.482 +02:00 [INF] Home: Username: admin
2025-10-14 20:09:19.483 +02:00 [INF] Home: User authenticated: true
2025-10-14 20:09:19.483 +02:00 [INF] Home: User name: admin
2025-10-14 20:09:19.483 +02:00 [INF] Home: User is authenticated, staying on page
2025-10-14 20:09:19.552 +02:00 [INF] Home: CredentialStore has credentials: true
2025-10-14 20:09:19.554 +02:00 [INF] Home: Username: admin
2025-10-14 20:09:19.555 +02:00 [INF] Home: User authenticated: true
2025-10-14 20:09:19.561 +02:00 [INF] Home: User name: admin
2025-10-14 20:09:19.561 +02:00 [INF] Home: User is authenticated, staying on page
2025-10-14 20:11:57.079 +02:00 [INF] Application is shutting down...
2025-10-14 20:11:57.080 +02:00 [INF] [BasicAuth] Handling request for /_blazor/negotiate
2025-10-14 20:11:57.082 +02:00 [WRN] [BasicAuth] Missing Authorization header
2025-10-14 20:11:57.082 +02:00 [INF] BasicAuth was not authenticated. Failure message: Missing Authorization Header
2025-10-14 20:12:28.276 +02:00 [WRN] The ASP.NET Core developer certificate is not trusted. For information about trusting the ASP.NET Core developer certificate, see https://aka.ms/aspnet/https-trust-dev-cert
2025-10-14 20:12:28.352 +02:00 [INF] Now listening on: https://localhost:7272
2025-10-14 20:12:28.355 +02:00 [INF] Now listening on: http://localhost:5092
2025-10-14 20:12:28.359 +02:00 [INF] Application started. Press Ctrl+C to shut down.
2025-10-14 20:12:28.361 +02:00 [INF] Hosting environment: Development
2025-10-14 20:12:28.362 +02:00 [INF] Content root path: /home/tobias/RiderProjects/SentrySMP/SentrySMP.Admin
2025-10-14 20:12:32.915 +02:00 [INF] [BasicAuth] Handling request for /_blazor/negotiate
2025-10-14 20:12:32.917 +02:00 [WRN] [BasicAuth] Missing Authorization header
2025-10-14 20:12:32.919 +02:00 [INF] BasicAuth was not authenticated. Failure message: Missing Authorization Header
2025-10-14 20:12:32.945 +02:00 [INF] [BasicAuth] Handling request for /_blazor
2025-10-14 20:12:32.946 +02:00 [WRN] [BasicAuth] Missing Authorization header
2025-10-14 20:12:32.946 +02:00 [INF] BasicAuth was not authenticated. Failure message: Missing Authorization Header
2025-10-14 20:12:33.019 +02:00 [INF] [BasicAuth] Handling request for /
2025-10-14 20:12:33.019 +02:00 [WRN] [BasicAuth] Missing Authorization header
2025-10-14 20:12:33.020 +02:00 [INF] BasicAuth was not authenticated. Failure message: Missing Authorization Header
2025-10-14 20:12:33.089 +02:00 [INF] Home: CredentialStore has credentials: false
2025-10-14 20:12:33.092 +02:00 [INF] Home: User authenticated: false
2025-10-14 20:12:33.092 +02:00 [INF] Home: User name: null
2025-10-14 20:12:33.092 +02:00 [WRN] Home: User not authenticated, redirecting to login
2025-10-14 20:12:33.133 +02:00 [INF] [BasicAuth] Handling request for /login
2025-10-14 20:12:33.133 +02:00 [WRN] [BasicAuth] Missing Authorization header
2025-10-14 20:12:33.133 +02:00 [INF] BasicAuth was not authenticated. Failure message: Missing Authorization Header
2025-10-14 20:12:33.264 +02:00 [INF] [BasicAuth] Handling request for /_framework/blazor.web.js
2025-10-14 20:12:33.264 +02:00 [WRN] [BasicAuth] Missing Authorization header
2025-10-14 20:12:33.265 +02:00 [INF] BasicAuth was not authenticated. Failure message: Missing Authorization Header
2025-10-14 20:12:34.405 +02:00 [INF] [BasicAuth] Handling request for /_blazor/initializers
2025-10-14 20:12:34.405 +02:00 [WRN] [BasicAuth] Missing Authorization header
2025-10-14 20:12:34.405 +02:00 [INF] BasicAuth was not authenticated. Failure message: Missing Authorization Header
2025-10-14 20:12:34.440 +02:00 [INF] [BasicAuth] Handling request for /_blazor/negotiate
2025-10-14 20:12:34.440 +02:00 [WRN] [BasicAuth] Missing Authorization header
2025-10-14 20:12:34.440 +02:00 [INF] BasicAuth was not authenticated. Failure message: Missing Authorization Header
2025-10-14 20:12:34.455 +02:00 [INF] [BasicAuth] Handling request for /_blazor
2025-10-14 20:12:34.456 +02:00 [WRN] [BasicAuth] Missing Authorization header
2025-10-14 20:12:34.456 +02:00 [INF] BasicAuth was not authenticated. Failure message: Missing Authorization Header
2025-10-14 20:13:07.024 +02:00 [INF] [BasicAuth] Handling request for /
2025-10-14 20:13:07.024 +02:00 [WRN] [BasicAuth] Missing Authorization header
2025-10-14 20:13:07.024 +02:00 [INF] BasicAuth was not authenticated. Failure message: Missing Authorization Header
2025-10-14 20:13:07.041 +02:00 [INF] Home: CredentialStore has credentials: false
2025-10-14 20:13:07.045 +02:00 [INF] Home: User authenticated: false
2025-10-14 20:13:07.048 +02:00 [INF] Home: User name: null
2025-10-14 20:13:07.049 +02:00 [WRN] Home: User not authenticated, redirecting to login
2025-10-14 20:13:07.079 +02:00 [INF] [BasicAuth] Handling request for /login
2025-10-14 20:13:07.079 +02:00 [WRN] [BasicAuth] Missing Authorization header
2025-10-14 20:13:07.079 +02:00 [INF] BasicAuth was not authenticated. Failure message: Missing Authorization Header
2025-10-14 20:13:07.259 +02:00 [INF] [BasicAuth] Handling request for /_framework/blazor.web.js
2025-10-14 20:13:07.265 +02:00 [WRN] [BasicAuth] Missing Authorization header
2025-10-14 20:13:07.266 +02:00 [INF] BasicAuth was not authenticated. Failure message: Missing Authorization Header
2025-10-14 20:13:07.382 +02:00 [INF] [BasicAuth] Handling request for /_blazor/initializers
2025-10-14 20:13:07.384 +02:00 [WRN] [BasicAuth] Missing Authorization header
2025-10-14 20:13:07.386 +02:00 [INF] BasicAuth was not authenticated. Failure message: Missing Authorization Header
2025-10-14 20:13:07.400 +02:00 [INF] [BasicAuth] Handling request for /_blazor/negotiate
2025-10-14 20:13:07.401 +02:00 [WRN] [BasicAuth] Missing Authorization header
2025-10-14 20:13:07.402 +02:00 [INF] BasicAuth was not authenticated. Failure message: Missing Authorization Header
2025-10-14 20:13:07.412 +02:00 [INF] [BasicAuth] Handling request for /_blazor
2025-10-14 20:13:07.413 +02:00 [WRN] [BasicAuth] Missing Authorization header
2025-10-14 20:13:07.413 +02:00 [INF] BasicAuth was not authenticated. Failure message: Missing Authorization Header
2025-10-14 20:13:10.004 +02:00 [INF] Attempting login for user: admin
2025-10-14 20:13:10.019 +02:00 [INF] Attempting auth verification for admin against https://localhost:7271
2025-10-14 20:13:10.285 +02:00 [INF] Auth verification for admin: "OK" from https://localhost:7271
2025-10-14 20:13:10.403 +02:00 [INF] Login successful for user: admin
2025-10-14 20:13:10.444 +02:00 [INF] [BasicAuth] Handling request for /
2025-10-14 20:13:10.445 +02:00 [WRN] [BasicAuth] Missing Authorization header
2025-10-14 20:13:10.445 +02:00 [INF] BasicAuth was not authenticated. Failure message: Missing Authorization Header
2025-10-14 20:13:10.446 +02:00 [INF] Home: CredentialStore has credentials: true
2025-10-14 20:13:10.447 +02:00 [INF] Home: Username: admin
2025-10-14 20:13:10.448 +02:00 [INF] Home: User authenticated: true
2025-10-14 20:13:10.448 +02:00 [INF] Home: User name: admin
2025-10-14 20:13:10.448 +02:00 [INF] Home: User is authenticated, staying on page
2025-10-14 20:13:10.475 +02:00 [INF] Home: CredentialStore has credentials: true
2025-10-14 20:13:10.475 +02:00 [INF] Home: Username: admin
2025-10-14 20:13:10.476 +02:00 [INF] Home: User authenticated: true
2025-10-14 20:13:10.476 +02:00 [INF] Home: User name: admin
2025-10-14 20:13:10.477 +02:00 [INF] Home: User is authenticated, staying on page
2025-10-14 20:13:15.067 +02:00 [INF] [BasicAuth] Handling request for /shards
2025-10-14 20:13:15.067 +02:00 [WRN] [BasicAuth] Missing Authorization header
2025-10-14 20:13:15.067 +02:00 [INF] BasicAuth was not authenticated. Failure message: Missing Authorization Header
2025-10-14 20:13:15.084 +02:00 [INF] [BasicAuth] Handling request for /_blazor/negotiate
2025-10-14 20:13:15.085 +02:00 [WRN] [BasicAuth] Missing Authorization header
2025-10-14 20:13:15.086 +02:00 [INF] BasicAuth was not authenticated. Failure message: Missing Authorization Header
2025-10-14 20:13:15.097 +02:00 [INF] [BasicAuth] Handling request for /_blazor
2025-10-14 20:13:15.097 +02:00 [WRN] [BasicAuth] Missing Authorization header
2025-10-14 20:13:15.097 +02:00 [INF] BasicAuth was not authenticated. Failure message: Missing Authorization Header
2025-10-14 20:13:15.169 +02:00 [ERR] Error loading shards
Refit.ApiException: Response status code does not indicate success: 404 (Not Found).
   at Refit.RequestBuilderImplementation.<>c__DisplayClass15_0`2.<<BuildCancellableTaskFuncForMethod>b__0>d.MoveNext() in c:\temp\releaser\refit\Refit\RequestBuilderImplementation.cs:line 384
--- End of stack trace from previous location ---
   at Refit.Implementation.Generated.SentrySMPSharedInterfacesISentryApi.global::SentrySMP.Shared.Interfaces.ISentryApi.GetShardsAsync() in /home/tobias/RiderProjects/SentrySMP/SentrySMP.Shared/obj/Debug/net9.0/InterfaceStubGeneratorV2/Refit.Generator.InterfaceStubGeneratorV2/ISentryApi.g.cs:line 357
   at SentrySMP.Admin.Components.Pages.Shards.LoadShards() in /home/tobias/RiderProjects/SentrySMP/SentrySMP.Admin/Components/Pages/Shards.razor:line 108
2025-10-14 20:13:15.264 +02:00 [INF] [BasicAuth] Handling request for /_framework/blazor.web.js
2025-10-14 20:13:15.264 +02:00 [WRN] [BasicAuth] Missing Authorization header
2025-10-14 20:13:15.264 +02:00 [INF] BasicAuth was not authenticated. Failure message: Missing Authorization Header
2025-10-14 20:13:15.317 +02:00 [INF] [BasicAuth] Handling request for /_blazor/initializers
2025-10-14 20:13:15.317 +02:00 [WRN] [BasicAuth] Missing Authorization header
2025-10-14 20:13:15.318 +02:00 [INF] BasicAuth was not authenticated. Failure message: Missing Authorization Header
2025-10-14 20:13:15.345 +02:00 [INF] [BasicAuth] Handling request for /_blazor/negotiate
2025-10-14 20:13:15.345 +02:00 [WRN] [BasicAuth] Missing Authorization header
2025-10-14 20:13:15.346 +02:00 [INF] BasicAuth was not authenticated. Failure message: Missing Authorization Header
2025-10-14 20:13:15.354 +02:00 [INF] [BasicAuth] Handling request for /_blazor
2025-10-14 20:13:15.354 +02:00 [WRN] [BasicAuth] Missing Authorization header
2025-10-14 20:13:15.354 +02:00 [INF] BasicAuth was not authenticated. Failure message: Missing Authorization Header
2025-10-14 20:13:15.372 +02:00 [ERR] Error loading shards
Refit.ApiException: Response status code does not indicate success: 404 (Not Found).
   at Refit.RequestBuilderImplementation.<>c__DisplayClass15_0`2.<<BuildCancellableTaskFuncForMethod>b__0>d.MoveNext() in c:\temp\releaser\refit\Refit\RequestBuilderImplementation.cs:line 384
--- End of stack trace from previous location ---
   at Refit.Implementation.Generated.SentrySMPSharedInterfacesISentryApi.global::SentrySMP.Shared.Interfaces.ISentryApi.GetShardsAsync() in /home/tobias/RiderProjects/SentrySMP/SentrySMP.Shared/obj/Debug/net9.0/InterfaceStubGeneratorV2/Refit.Generator.InterfaceStubGeneratorV2/ISentryApi.g.cs:line 357
   at SentrySMP.Admin.Components.Pages.Shards.LoadShards() in /home/tobias/RiderProjects/SentrySMP/SentrySMP.Admin/Components/Pages/Shards.razor:line 108
2025-10-14 20:42:55.681 +02:00 [INF] Application is shutting down...
2025-10-14 20:43:11.859 +02:00 [WRN] The ASP.NET Core developer certificate is not trusted. For information about trusting the ASP.NET Core developer certificate, see https://aka.ms/aspnet/https-trust-dev-cert
2025-10-14 20:43:11.920 +02:00 [INF] Now listening on: https://localhost:7272
2025-10-14 20:43:11.924 +02:00 [INF] Now listening on: http://localhost:5092
2025-10-14 20:43:11.928 +02:00 [INF] Application started. Press Ctrl+C to shut down.
2025-10-14 20:43:11.928 +02:00 [INF] Hosting environment: Development
2025-10-14 20:43:11.928 +02:00 [INF] Content root path: /home/tobias/RiderProjects/SentrySMP/SentrySMP.Admin
2025-10-14 20:43:13.740 +02:00 [INF] [BasicAuth] Handling request for /
2025-10-14 20:43:13.742 +02:00 [WRN] [BasicAuth] Missing Authorization header
2025-10-14 20:43:13.745 +02:00 [INF] BasicAuth was not authenticated. Failure message: Missing Authorization Header
2025-10-14 20:43:13.822 +02:00 [INF] Home: CredentialStore has credentials: false
2025-10-14 20:43:13.824 +02:00 [INF] Home: User authenticated: false
2025-10-14 20:43:13.825 +02:00 [INF] Home: User name: null
2025-10-14 20:43:13.825 +02:00 [WRN] Home: User not authenticated, redirecting to login
2025-10-14 20:43:13.889 +02:00 [INF] [BasicAuth] Handling request for /login
2025-10-14 20:43:13.889 +02:00 [WRN] [BasicAuth] Missing Authorization header
2025-10-14 20:43:13.890 +02:00 [INF] BasicAuth was not authenticated. Failure message: Missing Authorization Header
2025-10-14 20:43:14.114 +02:00 [INF] [BasicAuth] Handling request for /_framework/blazor.web.js
2025-10-14 20:43:14.117 +02:00 [WRN] [BasicAuth] Missing Authorization header
2025-10-14 20:43:14.117 +02:00 [INF] BasicAuth was not authenticated. Failure message: Missing Authorization Header
2025-10-14 20:43:14.282 +02:00 [INF] [BasicAuth] Handling request for /_blazor/initializers
2025-10-14 20:43:14.285 +02:00 [WRN] [BasicAuth] Missing Authorization header
2025-10-14 20:43:14.285 +02:00 [INF] BasicAuth was not authenticated. Failure message: Missing Authorization Header
2025-10-14 20:43:14.306 +02:00 [INF] [BasicAuth] Handling request for /_blazor/negotiate
2025-10-14 20:43:14.306 +02:00 [WRN] [BasicAuth] Missing Authorization header
2025-10-14 20:43:14.306 +02:00 [INF] BasicAuth was not authenticated. Failure message: Missing Authorization Header
2025-10-14 20:43:14.327 +02:00 [INF] [BasicAuth] Handling request for /_blazor
2025-10-14 20:43:14.328 +02:00 [WRN] [BasicAuth] Missing Authorization header
2025-10-14 20:43:14.328 +02:00 [INF] BasicAuth was not authenticated. Failure message: Missing Authorization Header
2025-10-14 20:43:16.320 +02:00 [INF] Attempting login for user: admin
2025-10-14 20:43:16.326 +02:00 [INF] Attempting auth verification for admin against https://localhost:7271
2025-10-14 20:43:16.595 +02:00 [INF] Auth verification for admin: "OK" from https://localhost:7271
2025-10-14 20:43:16.720 +02:00 [INF] Login successful for user: admin
2025-10-14 20:43:16.781 +02:00 [INF] [BasicAuth] Handling request for /
2025-10-14 20:43:16.781 +02:00 [WRN] [BasicAuth] Missing Authorization header
2025-10-14 20:43:16.782 +02:00 [INF] BasicAuth was not authenticated. Failure message: Missing Authorization Header
2025-10-14 20:43:16.785 +02:00 [INF] Home: CredentialStore has credentials: true
2025-10-14 20:43:16.785 +02:00 [INF] Home: Username: admin
2025-10-14 20:43:16.786 +02:00 [INF] Home: User authenticated: true
2025-10-14 20:43:16.786 +02:00 [INF] Home: User name: admin
2025-10-14 20:43:16.787 +02:00 [INF] Home: User is authenticated, staying on page
2025-10-14 20:43:16.833 +02:00 [INF] Home: CredentialStore has credentials: true
2025-10-14 20:43:16.835 +02:00 [INF] Home: Username: admin
2025-10-14 20:43:16.836 +02:00 [INF] Home: User authenticated: true
2025-10-14 20:43:16.836 +02:00 [INF] Home: User name: admin
2025-10-14 20:43:16.837 +02:00 [INF] Home: User is authenticated, staying on page
2025-10-14 20:43:18.984 +02:00 [INF] [BasicAuth] Handling request for /shards
2025-10-14 20:43:18.984 +02:00 [WRN] [BasicAuth] Missing Authorization header
2025-10-14 20:43:18.985 +02:00 [INF] BasicAuth was not authenticated. Failure message: Missing Authorization Header
2025-10-14 20:43:26.657 +02:00 [INF] [BasicAuth] Handling request for /add-shard
2025-10-14 20:43:26.657 +02:00 [WRN] [BasicAuth] Missing Authorization header
2025-10-14 20:43:26.658 +02:00 [INF] BasicAuth was not authenticated. Failure message: Missing Authorization Header
2025-10-14 20:43:30.434 +02:00 [INF] [BasicAuth] Handling request for /
2025-10-14 20:43:30.437 +02:00 [WRN] [BasicAuth] Missing Authorization header
2025-10-14 20:43:30.437 +02:00 [INF] BasicAuth was not authenticated. Failure message: Missing Authorization Header
2025-10-14 20:43:30.438 +02:00 [INF] Home: CredentialStore has credentials: true
2025-10-14 20:43:30.438 +02:00 [INF] Home: Username: admin
2025-10-14 20:43:30.439 +02:00 [INF] Home: User authenticated: true
2025-10-14 20:43:30.440 +02:00 [INF] Home: User name: admin
2025-10-14 20:43:30.441 +02:00 [INF] Home: User is authenticated, staying on page
2025-10-14 20:43:30.462 +02:00 [INF] Home: CredentialStore has credentials: true
2025-10-14 20:43:30.466 +02:00 [INF] Home: Username: admin
2025-10-14 20:43:30.467 +02:00 [INF] Home: User authenticated: true
2025-10-14 20:43:30.468 +02:00 [INF] Home: User name: admin
2025-10-14 20:43:30.468 +02:00 [INF] Home: User is authenticated, staying on page
2025-10-14 20:43:31.355 +02:00 [INF] [BasicAuth] Handling request for /shards
2025-10-14 20:43:31.355 +02:00 [WRN] [BasicAuth] Missing Authorization header
2025-10-14 20:43:31.356 +02:00 [INF] BasicAuth was not authenticated. Failure message: Missing Authorization Header
2025-10-14 20:43:31.816 +02:00 [INF] [BasicAuth] Handling request for /keys
2025-10-14 20:43:31.816 +02:00 [WRN] [BasicAuth] Missing Authorization header
2025-10-14 20:43:31.816 +02:00 [INF] BasicAuth was not authenticated. Failure message: Missing Authorization Header
2025-10-14 20:43:32.657 +02:00 [INF] [BasicAuth] Handling request for /add-key
2025-10-14 20:43:32.658 +02:00 [WRN] [BasicAuth] Missing Authorization header
2025-10-14 20:43:32.658 +02:00 [INF] BasicAuth was not authenticated. Failure message: Missing Authorization Header
2025-10-14 20:43:34.969 +02:00 [INF] [BasicAuth] Handling request for /shards
2025-10-14 20:43:34.970 +02:00 [WRN] [BasicAuth] Missing Authorization header
2025-10-14 20:43:34.971 +02:00 [INF] BasicAuth was not authenticated. Failure message: Missing Authorization Header
2025-10-14 20:43:35.840 +02:00 [INF] [BasicAuth] Handling request for /add-shard
2025-10-14 20:43:35.841 +02:00 [WRN] [BasicAuth] Missing Authorization header
2025-10-14 20:43:35.841 +02:00 [INF] BasicAuth was not authenticated. Failure message: Missing Authorization Header
2025-10-14 20:43:41.275 +02:00 [INF] [BasicAuth] Handling request for /shards
2025-10-14 20:43:41.275 +02:00 [WRN] [BasicAuth] Missing Authorization header
2025-10-14 20:43:41.275 +02:00 [INF] BasicAuth was not authenticated. Failure message: Missing Authorization Header
2025-10-14 20:45:00.686 +02:00 [INF] Application is shutting down...
2025-10-14 20:45:12.957 +02:00 [WRN] The ASP.NET Core developer certificate is not trusted. For information about trusting the ASP.NET Core developer certificate, see https://aka.ms/aspnet/https-trust-dev-cert
2025-10-14 20:45:13.028 +02:00 [INF] Now listening on: https://localhost:7272
2025-10-14 20:45:13.031 +02:00 [INF] Now listening on: http://localhost:5092
2025-10-14 20:45:13.036 +02:00 [INF] Application started. Press Ctrl+C to shut down.
2025-10-14 20:45:13.037 +02:00 [INF] Hosting environment: Development
2025-10-14 20:45:13.038 +02:00 [INF] Content root path: /home/tobias/RiderProjects/SentrySMP/SentrySMP.Admin
2025-10-14 20:45:16.271 +02:00 [INF] [BasicAuth] Handling request for /
2025-10-14 20:45:16.273 +02:00 [WRN] [BasicAuth] Missing Authorization header
2025-10-14 20:45:16.276 +02:00 [INF] BasicAuth was not authenticated. Failure message: Missing Authorization Header
2025-10-14 20:45:16.353 +02:00 [INF] Home: CredentialStore has credentials: false
2025-10-14 20:45:16.356 +02:00 [INF] Home: User authenticated: false
2025-10-14 20:45:16.356 +02:00 [INF] Home: User name: null
2025-10-14 20:45:16.356 +02:00 [WRN] Home: User not authenticated, redirecting to login
2025-10-14 20:45:16.428 +02:00 [INF] [BasicAuth] Handling request for /login
2025-10-14 20:45:16.428 +02:00 [WRN] [BasicAuth] Missing Authorization header
2025-10-14 20:45:16.428 +02:00 [INF] BasicAuth was not authenticated. Failure message: Missing Authorization Header
2025-10-14 20:45:16.641 +02:00 [INF] [BasicAuth] Handling request for /_framework/blazor.web.js
2025-10-14 20:45:16.643 +02:00 [WRN] [BasicAuth] Missing Authorization header
2025-10-14 20:45:16.644 +02:00 [INF] BasicAuth was not authenticated. Failure message: Missing Authorization Header
2025-10-14 20:45:16.788 +02:00 [INF] [BasicAuth] Handling request for /_blazor/initializers
2025-10-14 20:45:16.790 +02:00 [INF] [BasicAuth] Handling request for /_blazor/negotiate
2025-10-14 20:45:16.791 +02:00 [WRN] [BasicAuth] Missing Authorization header
2025-10-14 20:45:16.793 +02:00 [INF] BasicAuth was not authenticated. Failure message: Missing Authorization Header
2025-10-14 20:45:16.792 +02:00 [WRN] [BasicAuth] Missing Authorization header
2025-10-14 20:45:16.796 +02:00 [INF] BasicAuth was not authenticated. Failure message: Missing Authorization Header
2025-10-14 20:45:16.828 +02:00 [INF] [BasicAuth] Handling request for /_blazor/negotiate
2025-10-14 20:45:16.829 +02:00 [WRN] [BasicAuth] Missing Authorization header
2025-10-14 20:45:16.831 +02:00 [INF] BasicAuth was not authenticated. Failure message: Missing Authorization Header
2025-10-14 20:45:16.830 +02:00 [INF] [BasicAuth] Handling request for /_blazor
2025-10-14 20:45:16.832 +02:00 [WRN] [BasicAuth] Missing Authorization header
2025-10-14 20:45:16.834 +02:00 [INF] BasicAuth was not authenticated. Failure message: Missing Authorization Header
2025-10-14 20:45:16.865 +02:00 [INF] [BasicAuth] Handling request for /_blazor
2025-10-14 20:45:16.865 +02:00 [WRN] [BasicAuth] Missing Authorization header
2025-10-14 20:45:16.865 +02:00 [INF] BasicAuth was not authenticated. Failure message: Missing Authorization Header
2025-10-14 20:45:16.926 +02:00 [INF] [BasicAuth] Handling request for /shards
2025-10-14 20:45:16.927 +02:00 [WRN] [BasicAuth] Missing Authorization header
2025-10-14 20:45:16.929 +02:00 [INF] BasicAuth was not authenticated. Failure message: Missing Authorization Header
2025-10-14 20:45:16.992 +02:00 [WRN] [AuthHandler] No credentials present
2025-10-14 20:45:17.232 +02:00 [INF] [BasicAuth] Handling request for /_framework/blazor.web.js
2025-10-14 20:45:17.232 +02:00 [WRN] [BasicAuth] Missing Authorization header
2025-10-14 20:45:17.232 +02:00 [INF] BasicAuth was not authenticated. Failure message: Missing Authorization Header
2025-10-14 20:45:20.025 +02:00 [INF] Attempting login for user: admin
2025-10-14 20:45:20.029 +02:00 [INF] Attempting auth verification for admin against https://localhost:7271
2025-10-14 20:45:20.118 +02:00 [INF] Auth verification for admin: "OK" from https://localhost:7271
2025-10-14 20:45:20.240 +02:00 [INF] Login successful for user: admin
2025-10-14 20:45:20.290 +02:00 [INF] [BasicAuth] Handling request for /
2025-10-14 20:45:20.290 +02:00 [WRN] [BasicAuth] Missing Authorization header
2025-10-14 20:45:20.290 +02:00 [INF] BasicAuth was not authenticated. Failure message: Missing Authorization Header
2025-10-14 20:45:20.293 +02:00 [INF] Home: CredentialStore has credentials: true
2025-10-14 20:45:20.293 +02:00 [INF] Home: Username: admin
2025-10-14 20:45:20.293 +02:00 [INF] Home: User authenticated: true
2025-10-14 20:45:20.293 +02:00 [INF] Home: User name: admin
2025-10-14 20:45:20.294 +02:00 [INF] Home: User is authenticated, staying on page
2025-10-14 20:45:20.330 +02:00 [INF] Home: CredentialStore has credentials: true
2025-10-14 20:45:20.330 +02:00 [INF] Home: Username: admin
2025-10-14 20:45:20.330 +02:00 [INF] Home: User authenticated: true
2025-10-14 20:45:20.330 +02:00 [INF] Home: User name: admin
2025-10-14 20:45:20.330 +02:00 [INF] Home: User is authenticated, staying on page
2025-10-14 20:45:22.288 +02:00 [INF] [BasicAuth] Handling request for /shards
2025-10-14 20:45:22.288 +02:00 [WRN] [BasicAuth] Missing Authorization header
2025-10-14 20:45:22.288 +02:00 [INF] BasicAuth was not authenticated. Failure message: Missing Authorization Header
2025-10-14 20:45:23.400 +02:00 [INF] [BasicAuth] Handling request for /add-shard
2025-10-14 20:45:23.401 +02:00 [WRN] [BasicAuth] Missing Authorization header
2025-10-14 20:45:23.401 +02:00 [INF] BasicAuth was not authenticated. Failure message: Missing Authorization Header
2025-10-14 20:45:30.894 +02:00 [INF] Successfully uploaded image: screenshot-2025-09-28_14-31-28.png
2025-10-14 20:45:51.550 +02:00 [INF] [BasicAuth] Handling request for /shards
2025-10-14 20:45:51.553 +02:00 [WRN] [BasicAuth] Missing Authorization header
2025-10-14 20:45:51.553 +02:00 [INF] BasicAuth was not authenticated. Failure message: Missing Authorization Header
2025-10-14 20:47:05.773 +02:00 [INF] Application is shutting down...
2025-10-14 20:47:12.933 +02:00 [WRN] The ASP.NET Core developer certificate is not trusted. For information about trusting the ASP.NET Core developer certificate, see https://aka.ms/aspnet/https-trust-dev-cert
2025-10-14 20:47:12.996 +02:00 [INF] Now listening on: https://localhost:7272
2025-10-14 20:47:12.998 +02:00 [INF] Now listening on: http://localhost:5092
2025-10-14 20:47:13.001 +02:00 [INF] Application started. Press Ctrl+C to shut down.
2025-10-14 20:47:13.002 +02:00 [INF] Hosting environment: Development
2025-10-14 20:47:13.003 +02:00 [INF] Content root path: /home/tobias/RiderProjects/SentrySMP/SentrySMP.Admin
2025-10-14 20:47:16.047 +02:00 [INF] [BasicAuth] Handling request for /
2025-10-14 20:47:16.049 +02:00 [WRN] [BasicAuth] Missing Authorization header
2025-10-14 20:47:16.052 +02:00 [INF] BasicAuth was not authenticated. Failure message: Missing Authorization Header
2025-10-14 20:47:16.130 +02:00 [INF] Home: CredentialStore has credentials: false
2025-10-14 20:47:16.133 +02:00 [INF] Home: User authenticated: false
2025-10-14 20:47:16.133 +02:00 [INF] Home: User name: null
2025-10-14 20:47:16.134 +02:00 [WRN] Home: User not authenticated, redirecting to login
2025-10-14 20:47:16.193 +02:00 [INF] [BasicAuth] Handling request for /login
2025-10-14 20:47:16.193 +02:00 [WRN] [BasicAuth] Missing Authorization header
2025-10-14 20:47:16.194 +02:00 [INF] BasicAuth was not authenticated. Failure message: Missing Authorization Header
2025-10-14 20:47:16.361 +02:00 [INF] [BasicAuth] Handling request for /_framework/blazor.web.js
2025-10-14 20:47:16.367 +02:00 [WRN] [BasicAuth] Missing Authorization header
2025-10-14 20:47:16.367 +02:00 [INF] BasicAuth was not authenticated. Failure message: Missing Authorization Header
2025-10-14 20:47:16.560 +02:00 [INF] [BasicAuth] Handling request for /_blazor/initializers
2025-10-14 20:47:16.561 +02:00 [WRN] [BasicAuth] Missing Authorization header
2025-10-14 20:47:16.562 +02:00 [INF] BasicAuth was not authenticated. Failure message: Missing Authorization Header
2025-10-14 20:47:16.608 +02:00 [INF] [BasicAuth] Handling request for /_blazor/negotiate
2025-10-14 20:47:16.608 +02:00 [WRN] [BasicAuth] Missing Authorization header
2025-10-14 20:47:16.609 +02:00 [INF] BasicAuth was not authenticated. Failure message: Missing Authorization Header
2025-10-14 20:47:16.631 +02:00 [INF] [BasicAuth] Handling request for /_blazor
2025-10-14 20:47:16.631 +02:00 [WRN] [BasicAuth] Missing Authorization header
2025-10-14 20:47:16.631 +02:00 [INF] BasicAuth was not authenticated. Failure message: Missing Authorization Header
2025-10-14 20:47:16.680 +02:00 [INF] [BasicAuth] Handling request for /_blazor/negotiate
2025-10-14 20:47:16.681 +02:00 [WRN] [BasicAuth] Missing Authorization header
2025-10-14 20:47:16.682 +02:00 [INF] BasicAuth was not authenticated. Failure message: Missing Authorization Header
2025-10-14 20:47:16.699 +02:00 [INF] [BasicAuth] Handling request for /_blazor
2025-10-14 20:47:16.701 +02:00 [WRN] [BasicAuth] Missing Authorization header
2025-10-14 20:47:16.702 +02:00 [INF] BasicAuth was not authenticated. Failure message: Missing Authorization Header
2025-10-14 20:47:16.748 +02:00 [INF] [BasicAuth] Handling request for /shards
2025-10-14 20:47:16.749 +02:00 [WRN] [BasicAuth] Missing Authorization header
2025-10-14 20:47:16.749 +02:00 [INF] BasicAuth was not authenticated. Failure message: Missing Authorization Header
2025-10-14 20:47:16.844 +02:00 [WRN] [AuthHandler] No credentials present
2025-10-14 20:47:17.197 +02:00 [INF] [BasicAuth] Handling request for /_framework/blazor.web.js
2025-10-14 20:47:17.198 +02:00 [WRN] [BasicAuth] Missing Authorization header
2025-10-14 20:47:17.201 +02:00 [INF] BasicAuth was not authenticated. Failure message: Missing Authorization Header
2025-10-14 20:47:18.187 +02:00 [INF] [BasicAuth] Handling request for /_blazor/initializers
2025-10-14 20:47:18.188 +02:00 [WRN] [BasicAuth] Missing Authorization header
2025-10-14 20:47:18.188 +02:00 [INF] BasicAuth was not authenticated. Failure message: Missing Authorization Header
2025-10-14 20:47:18.212 +02:00 [INF] [BasicAuth] Handling request for /_blazor/negotiate
2025-10-14 20:47:18.212 +02:00 [WRN] [BasicAuth] Missing Authorization header
2025-10-14 20:47:18.212 +02:00 [INF] BasicAuth was not authenticated. Failure message: Missing Authorization Header
2025-10-14 20:47:18.221 +02:00 [INF] [BasicAuth] Handling request for /_blazor
2025-10-14 20:47:18.222 +02:00 [WRN] [BasicAuth] Missing Authorization header
2025-10-14 20:47:18.223 +02:00 [INF] BasicAuth was not authenticated. Failure message: Missing Authorization Header
2025-10-14 20:47:19.594 +02:00 [INF] Attempting login for user: admin
2025-10-14 20:47:19.596 +02:00 [INF] Attempting auth verification for admin against https://localhost:7271
2025-10-14 20:47:19.700 +02:00 [INF] Auth verification for admin: "OK" from https://localhost:7271
2025-10-14 20:47:19.836 +02:00 [INF] Login successful for user: admin
2025-10-14 20:47:19.907 +02:00 [INF] [BasicAuth] Handling request for /
2025-10-14 20:47:19.908 +02:00 [WRN] [BasicAuth] Missing Authorization header
2025-10-14 20:47:19.908 +02:00 [INF] BasicAuth was not authenticated. Failure message: Missing Authorization Header
2025-10-14 20:47:19.909 +02:00 [INF] Home: CredentialStore has credentials: true
2025-10-14 20:47:19.909 +02:00 [INF] Home: Username: admin
2025-10-14 20:47:19.909 +02:00 [INF] Home: User authenticated: true
2025-10-14 20:47:19.910 +02:00 [INF] Home: User name: admin
2025-10-14 20:47:19.910 +02:00 [INF] Home: User is authenticated, staying on page
2025-10-14 20:47:19.939 +02:00 [INF] Home: CredentialStore has credentials: true
2025-10-14 20:47:19.939 +02:00 [INF] Home: Username: admin
2025-10-14 20:47:19.939 +02:00 [INF] Home: User authenticated: true
2025-10-14 20:47:19.939 +02:00 [INF] Home: User name: admin
2025-10-14 20:47:19.939 +02:00 [INF] Home: User is authenticated, staying on page
2025-10-14 20:47:21.616 +02:00 [INF] [BasicAuth] Handling request for /shards
2025-10-14 20:47:21.616 +02:00 [WRN] [BasicAuth] Missing Authorization header
2025-10-14 20:47:21.616 +02:00 [INF] BasicAuth was not authenticated. Failure message: Missing Authorization Header
2025-10-14 20:47:24.974 +02:00 [INF] [BasicAuth] Handling request for /servers
2025-10-14 20:47:24.975 +02:00 [WRN] [BasicAuth] Missing Authorization header
2025-10-14 20:47:24.975 +02:00 [INF] BasicAuth was not authenticated. Failure message: Missing Authorization Header
2025-10-14 20:47:29.246 +02:00 [INF] [BasicAuth] Handling request for /shards
2025-10-14 20:47:29.247 +02:00 [WRN] [BasicAuth] Missing Authorization header
2025-10-14 20:47:29.247 +02:00 [INF] BasicAuth was not authenticated. Failure message: Missing Authorization Header
2025-10-14 20:47:47.396 +02:00 [INF] [BasicAuth] Handling request for /keys
2025-10-14 20:47:47.397 +02:00 [WRN] [BasicAuth] Missing Authorization header
2025-10-14 20:47:47.398 +02:00 [INF] BasicAuth was not authenticated. Failure message: Missing Authorization Header
2025-10-14 20:47:49.760 +02:00 [INF] [BasicAuth] Handling request for /shards
2025-10-14 20:47:49.760 +02:00 [WRN] [BasicAuth] Missing Authorization header
2025-10-14 20:47:49.761 +02:00 [INF] BasicAuth was not authenticated. Failure message: Missing Authorization Header
2025-10-14 20:50:03.507 +02:00 [INF] Application is shutting down...
2025-10-14 20:50:09.995 +02:00 [WRN] The ASP.NET Core developer certificate is not trusted. For information about trusting the ASP.NET Core developer certificate, see https://aka.ms/aspnet/https-trust-dev-cert
2025-10-14 20:50:10.073 +02:00 [INF] Now listening on: https://localhost:7272
2025-10-14 20:50:10.077 +02:00 [INF] Now listening on: http://localhost:5092
2025-10-14 20:50:10.083 +02:00 [INF] Application started. Press Ctrl+C to shut down.
2025-10-14 20:50:10.085 +02:00 [INF] Hosting environment: Development
2025-10-14 20:50:10.086 +02:00 [INF] Content root path: /home/tobias/RiderProjects/SentrySMP/SentrySMP.Admin
2025-10-14 20:50:13.606 +02:00 [INF] [BasicAuth] Handling request for /
2025-10-14 20:50:13.610 +02:00 [WRN] [BasicAuth] Missing Authorization header
2025-10-14 20:50:13.614 +02:00 [INF] BasicAuth was not authenticated. Failure message: Missing Authorization Header
2025-10-14 20:50:13.702 +02:00 [INF] Home: CredentialStore has credentials: false
2025-10-14 20:50:13.704 +02:00 [INF] Home: User authenticated: false
2025-10-14 20:50:13.705 +02:00 [INF] Home: User name: null
2025-10-14 20:50:13.705 +02:00 [WRN] Home: User not authenticated, redirecting to login
2025-10-14 20:50:13.775 +02:00 [INF] [BasicAuth] Handling request for /login
2025-10-14 20:50:13.776 +02:00 [WRN] [BasicAuth] Missing Authorization header
2025-10-14 20:50:13.776 +02:00 [INF] BasicAuth was not authenticated. Failure message: Missing Authorization Header
2025-10-14 20:50:14.039 +02:00 [INF] [BasicAuth] Handling request for /_framework/blazor.web.js
2025-10-14 20:50:14.042 +02:00 [WRN] [BasicAuth] Missing Authorization header
2025-10-14 20:50:14.042 +02:00 [INF] BasicAuth was not authenticated. Failure message: Missing Authorization Header
2025-10-14 20:50:14.182 +02:00 [INF] [BasicAuth] Handling request for /_blazor/initializers
2025-10-14 20:50:14.182 +02:00 [WRN] [BasicAuth] Missing Authorization header
2025-10-14 20:50:14.184 +02:00 [INF] BasicAuth was not authenticated. Failure message: Missing Authorization Header
2025-10-14 20:50:14.229 +02:00 [INF] [BasicAuth] Handling request for /_blazor/negotiate
2025-10-14 20:50:14.230 +02:00 [WRN] [BasicAuth] Missing Authorization header
2025-10-14 20:50:14.231 +02:00 [INF] BasicAuth was not authenticated. Failure message: Missing Authorization Header
2025-10-14 20:50:14.263 +02:00 [INF] [BasicAuth] Handling request for /_blazor
2025-10-14 20:50:14.263 +02:00 [WRN] [BasicAuth] Missing Authorization header
2025-10-14 20:50:14.263 +02:00 [INF] BasicAuth was not authenticated. Failure message: Missing Authorization Header
2025-10-14 20:50:14.402 +02:00 [INF] [BasicAuth] Handling request for /_blazor/negotiate
2025-10-14 20:50:14.402 +02:00 [WRN] [BasicAuth] Missing Authorization header
2025-10-14 20:50:14.402 +02:00 [INF] BasicAuth was not authenticated. Failure message: Missing Authorization Header
2025-10-14 20:50:14.418 +02:00 [INF] [BasicAuth] Handling request for /_blazor
2025-10-14 20:50:14.418 +02:00 [WRN] [BasicAuth] Missing Authorization header
2025-10-14 20:50:14.420 +02:00 [INF] BasicAuth was not authenticated. Failure message: Missing Authorization Header
2025-10-14 20:50:14.472 +02:00 [INF] [BasicAuth] Handling request for /shards
2025-10-14 20:50:14.473 +02:00 [WRN] [BasicAuth] Missing Authorization header
2025-10-14 20:50:14.475 +02:00 [INF] BasicAuth was not authenticated. Failure message: Missing Authorization Header
2025-10-14 20:50:14.561 +02:00 [WRN] [AuthHandler] No credentials present
2025-10-14 20:50:16.422 +02:00 [INF] Attempting login for user: admin
2025-10-14 20:50:16.427 +02:00 [INF] Attempting auth verification for admin against https://localhost:7271
2025-10-14 20:50:16.534 +02:00 [INF] Auth verification for admin: "OK" from https://localhost:7271
2025-10-14 20:50:16.649 +02:00 [INF] Login successful for user: admin
2025-10-14 20:50:16.693 +02:00 [INF] [BasicAuth] Handling request for /
2025-10-14 20:50:16.694 +02:00 [WRN] [BasicAuth] Missing Authorization header
2025-10-14 20:50:16.694 +02:00 [INF] BasicAuth was not authenticated. Failure message: Missing Authorization Header
2025-10-14 20:50:16.695 +02:00 [INF] Home: CredentialStore has credentials: true
2025-10-14 20:50:16.695 +02:00 [INF] Home: Username: admin
2025-10-14 20:50:16.695 +02:00 [INF] Home: User authenticated: true
2025-10-14 20:50:16.696 +02:00 [INF] Home: User name: admin
2025-10-14 20:50:16.696 +02:00 [INF] Home: User is authenticated, staying on page
2025-10-14 20:50:16.734 +02:00 [INF] Home: CredentialStore has credentials: true
2025-10-14 20:50:16.737 +02:00 [INF] Home: Username: admin
2025-10-14 20:50:16.738 +02:00 [INF] Home: User authenticated: true
2025-10-14 20:50:16.739 +02:00 [INF] Home: User name: admin
2025-10-14 20:50:16.739 +02:00 [INF] Home: User is authenticated, staying on page
2025-10-14 20:50:18.488 +02:00 [INF] [BasicAuth] Handling request for /shards
2025-10-14 20:50:18.489 +02:00 [WRN] [BasicAuth] Missing Authorization header
2025-10-14 20:50:18.490 +02:00 [INF] BasicAuth was not authenticated. Failure message: Missing Authorization Header
