2025-10-16 15:15:05.120 +02:00 [WRN] The ASP.NET Core developer certificate is not trusted. For information about trusting the ASP.NET Core developer certificate, see https://aka.ms/aspnet/https-trust-dev-cert
2025-10-16 15:15:05.182 +02:00 [INF] Now listening on: https://localhost:7272
2025-10-16 15:15:05.184 +02:00 [INF] Now listening on: http://localhost:5092
2025-10-16 15:15:05.195 +02:00 [INF] Application started. Press Ctrl+C to shut down.
2025-10-16 15:15:05.196 +02:00 [INF] Hosting environment: Development
2025-10-16 15:15:05.196 +02:00 [INF] Content root path: /home/tobias/RiderProjects/SentrySMP/SentrySMP.Admin
2025-10-16 15:15:08.550 +02:00 [INF] [BasicAuth] Handling request for /
2025-10-16 15:15:08.552 +02:00 [WRN] [BasicAuth] Missing Authorization header
2025-10-16 15:15:08.556 +02:00 [INF] BasicAuth was not authenticated. Failure message: Missing Authorization Header
2025-10-16 15:15:08.643 +02:00 [INF] Home: CredentialStore has credentials: false
2025-10-16 15:15:08.646 +02:00 [INF] Home: User authenticated: false
2025-10-16 15:15:08.647 +02:00 [INF] Home: User name: null
2025-10-16 15:15:08.647 +02:00 [WRN] Home: User not authenticated, redirecting to login
2025-10-16 15:15:08.732 +02:00 [INF] [BasicAuth] Handling request for /login
2025-10-16 15:15:08.733 +02:00 [WRN] [BasicAuth] Missing Authorization header
2025-10-16 15:15:08.735 +02:00 [INF] BasicAuth was not authenticated. Failure message: Missing Authorization Header
2025-10-16 15:15:09.023 +02:00 [INF] [BasicAuth] Handling request for /_framework/blazor.web.js
2025-10-16 15:15:09.023 +02:00 [WRN] [BasicAuth] Missing Authorization header
2025-10-16 15:15:09.023 +02:00 [INF] BasicAuth was not authenticated. Failure message: Missing Authorization Header
2025-10-16 15:15:09.144 +02:00 [INF] [BasicAuth] Handling request for /_blazor/initializers
2025-10-16 15:15:09.144 +02:00 [WRN] [BasicAuth] Missing Authorization header
2025-10-16 15:15:09.144 +02:00 [INF] BasicAuth was not authenticated. Failure message: Missing Authorization Header
2025-10-16 15:15:09.162 +02:00 [INF] [BasicAuth] Handling request for /_blazor/negotiate
2025-10-16 15:15:09.163 +02:00 [WRN] [BasicAuth] Missing Authorization header
2025-10-16 15:15:09.163 +02:00 [INF] BasicAuth was not authenticated. Failure message: Missing Authorization Header
2025-10-16 15:15:09.177 +02:00 [INF] [BasicAuth] Handling request for /_blazor
2025-10-16 15:15:09.177 +02:00 [WRN] [BasicAuth] Missing Authorization header
2025-10-16 15:15:09.177 +02:00 [INF] BasicAuth was not authenticated. Failure message: Missing Authorization Header
2025-10-16 15:15:11.121 +02:00 [INF] Attempting login for user: admin
2025-10-16 15:15:11.125 +02:00 [INF] Attempting auth verification for admin against https://localhost:7271
2025-10-16 15:15:11.373 +02:00 [INF] Auth verification for admin: "OK" from https://localhost:7271
2025-10-16 15:15:11.491 +02:00 [INF] Login successful for user: admin
2025-10-16 15:15:11.539 +02:00 [INF] [BasicAuth] Handling request for /
2025-10-16 15:15:11.539 +02:00 [WRN] [BasicAuth] Missing Authorization header
2025-10-16 15:15:11.539 +02:00 [INF] BasicAuth was not authenticated. Failure message: Missing Authorization Header
2025-10-16 15:15:11.544 +02:00 [INF] Home: CredentialStore has credentials: true
2025-10-16 15:15:11.544 +02:00 [INF] Home: Username: admin
2025-10-16 15:15:11.545 +02:00 [INF] Home: User authenticated: true
2025-10-16 15:15:11.545 +02:00 [INF] Home: User name: admin
2025-10-16 15:15:11.545 +02:00 [INF] Home: User is authenticated, staying on page
2025-10-16 15:15:11.583 +02:00 [INF] Home: CredentialStore has credentials: true
2025-10-16 15:15:11.583 +02:00 [INF] Home: Username: admin
2025-10-16 15:15:11.583 +02:00 [INF] Home: User authenticated: true
2025-10-16 15:15:11.584 +02:00 [INF] Home: User name: admin
2025-10-16 15:15:11.584 +02:00 [INF] Home: User is authenticated, staying on page
2025-10-16 15:15:13.521 +02:00 [INF] [BasicAuth] Handling request for /servers
2025-10-16 15:15:13.522 +02:00 [WRN] [BasicAuth] Missing Authorization header
2025-10-16 15:15:13.522 +02:00 [INF] BasicAuth was not authenticated. Failure message: Missing Authorization Header
2025-10-16 15:15:17.321 +02:00 [INF] [BasicAuth] Handling request for /keys
2025-10-16 15:15:17.322 +02:00 [WRN] [BasicAuth] Missing Authorization header
2025-10-16 15:15:17.323 +02:00 [INF] BasicAuth was not authenticated. Failure message: Missing Authorization Header
2025-10-16 15:15:18.787 +02:00 [INF] [BasicAuth] Handling request for /shards
2025-10-16 15:15:18.788 +02:00 [WRN] [BasicAuth] Missing Authorization header
2025-10-16 15:15:18.789 +02:00 [INF] BasicAuth was not authenticated. Failure message: Missing Authorization Header
2025-10-16 15:15:19.786 +02:00 [INF] [BasicAuth] Handling request for /keys
2025-10-16 15:15:19.787 +02:00 [WRN] [BasicAuth] Missing Authorization header
2025-10-16 15:15:19.787 +02:00 [INF] BasicAuth was not authenticated. Failure message: Missing Authorization Header
2025-10-16 15:15:20.808 +02:00 [INF] [BasicAuth] Handling request for /add-key
2025-10-16 15:15:20.808 +02:00 [WRN] [BasicAuth] Missing Authorization header
2025-10-16 15:15:20.809 +02:00 [INF] BasicAuth was not authenticated. Failure message: Missing Authorization Header
2025-10-16 15:15:23.515 +02:00 [WRN] Unhandled exception rendering component: Index was out of range. Must be non-negative and less than the size of the collection. (Parameter 'index')
System.ArgumentOutOfRangeException: Index was out of range. Must be non-negative and less than the size of the collection. (Parameter 'index')
   at lambda_method117(Closure)
   at Microsoft.AspNetCore.Components.Forms.FieldIdentifier.ParseAccessor[T](Expression`1 accessor, Object& model, String& fieldName)
   at Microsoft.AspNetCore.Components.Forms.FieldIdentifier.Create[TField](Expression`1 accessor)
   at Microsoft.AspNetCore.Components.Forms.InputBase`1.SetParametersAsync(ParameterView parameters)
   at Microsoft.AspNetCore.Components.Rendering.ComponentState.SupplyCombinedParameters(ParameterView directAndCascadingParameters)
2025-10-16 15:15:23.526 +02:00 [ERR] Unhandled exception in circuit 'vir97IYuRwzg9Ww92AdgT6yHa_89K61-SYbw9c1Vxjo'.
System.ArgumentOutOfRangeException: Index was out of range. Must be non-negative and less than the size of the collection. (Parameter 'index')
   at lambda_method117(Closure)
   at Microsoft.AspNetCore.Components.Forms.FieldIdentifier.ParseAccessor[T](Expression`1 accessor, Object& model, String& fieldName)
   at Microsoft.AspNetCore.Components.Forms.FieldIdentifier.Create[TField](Expression`1 accessor)
   at Microsoft.AspNetCore.Components.Forms.InputBase`1.SetParametersAsync(ParameterView parameters)
   at Microsoft.AspNetCore.Components.Rendering.ComponentState.SupplyCombinedParameters(ParameterView directAndCascadingParameters)
2025-10-16 15:15:23.532 +02:00 [WRN] Unhandled exception rendering component: Cannot access a disposed object.
System.ObjectDisposedException: Cannot access a disposed object.
   at Microsoft.AspNetCore.Components.RenderTree.RenderTreeDiffBuilder.InsertNewFrame(DiffContext& diffContext, Int32 newFrameIndex)
   at Microsoft.AspNetCore.Components.RenderTree.RenderTreeDiffBuilder.AppendDiffEntriesForRange(DiffContext& diffContext, Int32 oldStartIndex, Int32 oldEndIndexExcl, Int32 newStartIndex, Int32 newEndIndexExcl)
   at Microsoft.AspNetCore.Components.RenderTree.RenderTreeDiffBuilder.AppendDiffEntriesForFramesWithSameSequence(DiffContext& diffContext, Int32 oldFrameIndex, Int32 newFrameIndex)
   at Microsoft.AspNetCore.Components.RenderTree.RenderTreeDiffBuilder.AppendDiffEntriesForRange(DiffContext& diffContext, Int32 oldStartIndex, Int32 oldEndIndexExcl, Int32 newStartIndex, Int32 newEndIndexExcl)
   at Microsoft.AspNetCore.Components.RenderTree.RenderTreeDiffBuilder.AppendDiffEntriesForFramesWithSameSequence(DiffContext& diffContext, Int32 oldFrameIndex, Int32 newFrameIndex)
   at Microsoft.AspNetCore.Components.RenderTree.RenderTreeDiffBuilder.AppendDiffEntriesForRange(DiffContext& diffContext, Int32 oldStartIndex, Int32 oldEndIndexExcl, Int32 newStartIndex, Int32 newEndIndexExcl)
   at Microsoft.AspNetCore.Components.RenderTree.RenderTreeDiffBuilder.AppendDiffEntriesForFramesWithSameSequence(DiffContext& diffContext, Int32 oldFrameIndex, Int32 newFrameIndex)
   at Microsoft.AspNetCore.Components.RenderTree.RenderTreeDiffBuilder.AppendDiffEntriesForRange(DiffContext& diffContext, Int32 oldStartIndex, Int32 oldEndIndexExcl, Int32 newStartIndex, Int32 newEndIndexExcl)
   at Microsoft.AspNetCore.Components.Rendering.ComponentState.RenderIntoBatch(RenderBatchBuilder batchBuilder, RenderFragment renderFragment, Exception& renderFragmentException)
   at Microsoft.AspNetCore.Components.RenderTree.Renderer.ProcessRenderQueue()
2025-10-16 15:15:23.533 +02:00 [ERR] Unhandled exception in circuit 'vir97IYuRwzg9Ww92AdgT6yHa_89K61-SYbw9c1Vxjo'.
System.ObjectDisposedException: Cannot access a disposed object.
   at Microsoft.AspNetCore.Components.RenderTree.RenderTreeDiffBuilder.InsertNewFrame(DiffContext& diffContext, Int32 newFrameIndex)
   at Microsoft.AspNetCore.Components.RenderTree.RenderTreeDiffBuilder.AppendDiffEntriesForRange(DiffContext& diffContext, Int32 oldStartIndex, Int32 oldEndIndexExcl, Int32 newStartIndex, Int32 newEndIndexExcl)
   at Microsoft.AspNetCore.Components.RenderTree.RenderTreeDiffBuilder.AppendDiffEntriesForFramesWithSameSequence(DiffContext& diffContext, Int32 oldFrameIndex, Int32 newFrameIndex)
   at Microsoft.AspNetCore.Components.RenderTree.RenderTreeDiffBuilder.AppendDiffEntriesForRange(DiffContext& diffContext, Int32 oldStartIndex, Int32 oldEndIndexExcl, Int32 newStartIndex, Int32 newEndIndexExcl)
   at Microsoft.AspNetCore.Components.RenderTree.RenderTreeDiffBuilder.AppendDiffEntriesForFramesWithSameSequence(DiffContext& diffContext, Int32 oldFrameIndex, Int32 newFrameIndex)
   at Microsoft.AspNetCore.Components.RenderTree.RenderTreeDiffBuilder.AppendDiffEntriesForRange(DiffContext& diffContext, Int32 oldStartIndex, Int32 oldEndIndexExcl, Int32 newStartIndex, Int32 newEndIndexExcl)
   at Microsoft.AspNetCore.Components.RenderTree.RenderTreeDiffBuilder.AppendDiffEntriesForFramesWithSameSequence(DiffContext& diffContext, Int32 oldFrameIndex, Int32 newFrameIndex)
   at Microsoft.AspNetCore.Components.RenderTree.RenderTreeDiffBuilder.AppendDiffEntriesForRange(DiffContext& diffContext, Int32 oldStartIndex, Int32 oldEndIndexExcl, Int32 newStartIndex, Int32 newEndIndexExcl)
   at Microsoft.AspNetCore.Components.Rendering.ComponentState.RenderIntoBatch(RenderBatchBuilder batchBuilder, RenderFragment renderFragment, Exception& renderFragmentException)
   at Microsoft.AspNetCore.Components.RenderTree.Renderer.ProcessRenderQueue()
2025-10-16 15:17:17.995 +02:00 [INF] Application is shutting down...
2025-10-16 15:19:00.539 +02:00 [WRN] The ASP.NET Core developer certificate is not trusted. For information about trusting the ASP.NET Core developer certificate, see https://aka.ms/aspnet/https-trust-dev-cert
2025-10-16 15:19:00.614 +02:00 [INF] Now listening on: https://localhost:7272
2025-10-16 15:19:00.618 +02:00 [INF] Now listening on: http://localhost:5092
2025-10-16 15:19:00.626 +02:00 [INF] Application started. Press Ctrl+C to shut down.
2025-10-16 15:19:00.627 +02:00 [INF] Hosting environment: Development
2025-10-16 15:19:00.628 +02:00 [INF] Content root path: /home/tobias/RiderProjects/SentrySMP/SentrySMP.Admin
2025-10-16 15:19:03.975 +02:00 [INF] [BasicAuth] Handling request for /
2025-10-16 15:19:03.977 +02:00 [WRN] [BasicAuth] Missing Authorization header
2025-10-16 15:19:03.980 +02:00 [INF] BasicAuth was not authenticated. Failure message: Missing Authorization Header
2025-10-16 15:19:04.053 +02:00 [INF] Home: CredentialStore has credentials: false
2025-10-16 15:19:04.056 +02:00 [INF] Home: User authenticated: false
2025-10-16 15:19:04.056 +02:00 [INF] Home: User name: null
2025-10-16 15:19:04.057 +02:00 [WRN] Home: User not authenticated, redirecting to login
2025-10-16 15:19:04.116 +02:00 [INF] [BasicAuth] Handling request for /login
2025-10-16 15:19:04.116 +02:00 [WRN] [BasicAuth] Missing Authorization header
2025-10-16 15:19:04.117 +02:00 [INF] BasicAuth was not authenticated. Failure message: Missing Authorization Header
2025-10-16 15:19:04.279 +02:00 [INF] [BasicAuth] Handling request for /_framework/blazor.web.js
2025-10-16 15:19:04.280 +02:00 [WRN] [BasicAuth] Missing Authorization header
2025-10-16 15:19:04.280 +02:00 [INF] BasicAuth was not authenticated. Failure message: Missing Authorization Header
2025-10-16 15:19:04.392 +02:00 [INF] [BasicAuth] Handling request for /_blazor/initializers
2025-10-16 15:19:04.392 +02:00 [WRN] [BasicAuth] Missing Authorization header
2025-10-16 15:19:04.392 +02:00 [INF] BasicAuth was not authenticated. Failure message: Missing Authorization Header
2025-10-16 15:19:04.426 +02:00 [INF] [BasicAuth] Handling request for /_blazor/negotiate
2025-10-16 15:19:04.426 +02:00 [WRN] [BasicAuth] Missing Authorization header
2025-10-16 15:19:04.427 +02:00 [INF] BasicAuth was not authenticated. Failure message: Missing Authorization Header
2025-10-16 15:19:04.453 +02:00 [INF] [BasicAuth] Handling request for /_blazor
2025-10-16 15:19:04.453 +02:00 [WRN] [BasicAuth] Missing Authorization header
2025-10-16 15:19:04.453 +02:00 [INF] BasicAuth was not authenticated. Failure message: Missing Authorization Header
2025-10-16 15:19:06.199 +02:00 [INF] Attempting login for user: admin
2025-10-16 15:19:06.204 +02:00 [INF] Attempting auth verification for admin against https://localhost:7271
2025-10-16 15:19:06.343 +02:00 [INF] Auth verification for admin: "OK" from https://localhost:7271
2025-10-16 15:19:06.469 +02:00 [INF] Login successful for user: admin
2025-10-16 15:19:06.530 +02:00 [INF] [BasicAuth] Handling request for /
2025-10-16 15:19:06.531 +02:00 [WRN] [BasicAuth] Missing Authorization header
2025-10-16 15:19:06.531 +02:00 [INF] BasicAuth was not authenticated. Failure message: Missing Authorization Header
2025-10-16 15:19:06.535 +02:00 [INF] Home: CredentialStore has credentials: true
2025-10-16 15:19:06.536 +02:00 [INF] Home: Username: admin
2025-10-16 15:19:06.536 +02:00 [INF] Home: User authenticated: true
2025-10-16 15:19:06.537 +02:00 [INF] Home: User name: admin
2025-10-16 15:19:06.538 +02:00 [INF] Home: User is authenticated, staying on page
2025-10-16 15:19:06.564 +02:00 [INF] Home: CredentialStore has credentials: true
2025-10-16 15:19:06.564 +02:00 [INF] Home: Username: admin
2025-10-16 15:19:06.565 +02:00 [INF] Home: User authenticated: true
2025-10-16 15:19:06.565 +02:00 [INF] Home: User name: admin
2025-10-16 15:19:06.565 +02:00 [INF] Home: User is authenticated, staying on page
2025-10-16 15:19:08.372 +02:00 [INF] [BasicAuth] Handling request for /keys
2025-10-16 15:19:08.373 +02:00 [WRN] [BasicAuth] Missing Authorization header
2025-10-16 15:19:08.373 +02:00 [INF] BasicAuth was not authenticated. Failure message: Missing Authorization Header
2025-10-16 15:19:09.894 +02:00 [INF] [BasicAuth] Handling request for /add-key
2025-10-16 15:19:09.895 +02:00 [WRN] [BasicAuth] Missing Authorization header
2025-10-16 15:19:09.895 +02:00 [INF] BasicAuth was not authenticated. Failure message: Missing Authorization Header
2025-10-16 15:19:43.304 +02:00 [INF] Successfully uploaded image: screenshot-2025-10-12_10-36-43.png
2025-10-16 15:20:00.003 +02:00 [INF] [BasicAuth] Handling request for /keys
2025-10-16 15:20:00.003 +02:00 [WRN] [BasicAuth] Missing Authorization header
2025-10-16 15:20:00.003 +02:00 [INF] BasicAuth was not authenticated. Failure message: Missing Authorization Header
2025-10-16 15:20:04.924 +02:00 [INF] [BasicAuth] Handling request for /edit-key/9
2025-10-16 15:20:04.925 +02:00 [WRN] [BasicAuth] Missing Authorization header
2025-10-16 15:20:04.926 +02:00 [INF] BasicAuth was not authenticated. Failure message: Missing Authorization Header
2025-10-16 15:20:13.618 +02:00 [INF] [BasicAuth] Handling request for /keys
2025-10-16 15:20:13.618 +02:00 [WRN] [BasicAuth] Missing Authorization header
2025-10-16 15:20:13.618 +02:00 [INF] BasicAuth was not authenticated. Failure message: Missing Authorization Header
2025-10-16 15:20:57.548 +02:00 [INF] [BasicAuth] Handling request for /shards
2025-10-16 15:20:57.549 +02:00 [WRN] [BasicAuth] Missing Authorization header
2025-10-16 15:20:57.550 +02:00 [INF] BasicAuth was not authenticated. Failure message: Missing Authorization Header
2025-10-16 15:20:59.200 +02:00 [INF] [BasicAuth] Handling request for /add-shard
2025-10-16 15:20:59.201 +02:00 [WRN] [BasicAuth] Missing Authorization header
2025-10-16 15:20:59.202 +02:00 [INF] BasicAuth was not authenticated. Failure message: Missing Authorization Header
2025-10-16 15:21:17.242 +02:00 [INF] Successfully uploaded image: screenshot-2025-09-28_14-31-28.png
2025-10-16 15:21:22.683 +02:00 [INF] [BasicAuth] Handling request for /shards
2025-10-16 15:21:22.683 +02:00 [WRN] [BasicAuth] Missing Authorization header
2025-10-16 15:21:22.683 +02:00 [INF] BasicAuth was not authenticated. Failure message: Missing Authorization Header
2025-10-16 15:21:22.815 +02:00 [ERR] Error loading shards
Refit.ApiException: Response status code does not indicate success: 500 (Internal Server Error).
   at Refit.RequestBuilderImplementation.<>c__DisplayClass15_0`2.<<BuildCancellableTaskFuncForMethod>b__0>d.MoveNext() in c:\temp\releaser\refit\Refit\RequestBuilderImplementation.cs:line 384
--- End of stack trace from previous location ---
   at Refit.Implementation.Generated.SentrySMPSharedInterfacesISentryApi.global::SentrySMP.Shared.Interfaces.ISentryApi.GetShardsAsync() in /home/tobias/RiderProjects/SentrySMP/SentrySMP.Shared/obj/Debug/net9.0/InterfaceStubGeneratorV2/Refit.Generator.InterfaceStubGeneratorV2/ISentryApi.g.cs:line 357
   at SentrySMP.Admin.Components.Pages.Shards.LoadShards() in /home/tobias/RiderProjects/SentrySMP/SentrySMP.Admin/Components/Pages/Shards.razor:line 158
2025-10-16 15:21:22.959 +02:00 [ERR] Error loading shards
Refit.ApiException: Response status code does not indicate success: 500 (Internal Server Error).
   at Refit.RequestBuilderImplementation.<>c__DisplayClass15_0`2.<<BuildCancellableTaskFuncForMethod>b__0>d.MoveNext() in c:\temp\releaser\refit\Refit\RequestBuilderImplementation.cs:line 384
--- End of stack trace from previous location ---
   at Refit.Implementation.Generated.SentrySMPSharedInterfacesISentryApi.global::SentrySMP.Shared.Interfaces.ISentryApi.GetShardsAsync() in /home/tobias/RiderProjects/SentrySMP/SentrySMP.Shared/obj/Debug/net9.0/InterfaceStubGeneratorV2/Refit.Generator.InterfaceStubGeneratorV2/ISentryApi.g.cs:line 357
   at SentrySMP.Admin.Components.Pages.Shards.LoadShards() in /home/tobias/RiderProjects/SentrySMP/SentrySMP.Admin/Components/Pages/Shards.razor:line 158
2025-10-16 15:24:45.373 +02:00 [INF] Application is shutting down...
2025-10-16 15:24:51.339 +02:00 [WRN] The ASP.NET Core developer certificate is not trusted. For information about trusting the ASP.NET Core developer certificate, see https://aka.ms/aspnet/https-trust-dev-cert
2025-10-16 15:24:51.522 +02:00 [INF] Now listening on: https://localhost:7272
2025-10-16 15:24:51.524 +02:00 [INF] Now listening on: http://localhost:5092
2025-10-16 15:24:51.534 +02:00 [INF] Application started. Press Ctrl+C to shut down.
2025-10-16 15:24:51.535 +02:00 [INF] Hosting environment: Development
2025-10-16 15:24:51.535 +02:00 [INF] Content root path: /home/tobias/RiderProjects/SentrySMP/SentrySMP.Admin
2025-10-16 15:24:55.982 +02:00 [INF] [BasicAuth] Handling request for /_blazor/negotiate
2025-10-16 15:24:55.986 +02:00 [WRN] [BasicAuth] Missing Authorization header
2025-10-16 15:24:55.992 +02:00 [INF] BasicAuth was not authenticated. Failure message: Missing Authorization Header
2025-10-16 15:24:56.049 +02:00 [INF] [BasicAuth] Handling request for /_blazor
2025-10-16 15:24:56.050 +02:00 [WRN] [BasicAuth] Missing Authorization header
2025-10-16 15:24:56.050 +02:00 [INF] BasicAuth was not authenticated. Failure message: Missing Authorization Header
2025-10-16 15:24:56.286 +02:00 [INF] [BasicAuth] Handling request for /shards
2025-10-16 15:24:56.291 +02:00 [WRN] [BasicAuth] Missing Authorization header
2025-10-16 15:24:56.291 +02:00 [INF] BasicAuth was not authenticated. Failure message: Missing Authorization Header
2025-10-16 15:24:56.540 +02:00 [WRN] [AuthHandler] No credentials present
2025-10-16 15:25:14.947 +02:00 [INF] [BasicAuth] Handling request for /
2025-10-16 15:25:14.954 +02:00 [WRN] [BasicAuth] Missing Authorization header
2025-10-16 15:25:14.955 +02:00 [INF] BasicAuth was not authenticated. Failure message: Missing Authorization Header
2025-10-16 15:25:14.997 +02:00 [INF] Home: CredentialStore has credentials: false
2025-10-16 15:25:15.000 +02:00 [INF] Home: User authenticated: false
2025-10-16 15:25:15.001 +02:00 [INF] Home: User name: null
2025-10-16 15:25:15.001 +02:00 [WRN] Home: User not authenticated, redirecting to login
2025-10-16 15:25:15.051 +02:00 [INF] [BasicAuth] Handling request for /login
2025-10-16 15:25:15.051 +02:00 [WRN] [BasicAuth] Missing Authorization header
2025-10-16 15:25:15.051 +02:00 [INF] BasicAuth was not authenticated. Failure message: Missing Authorization Header
2025-10-16 15:25:15.144 +02:00 [INF] [BasicAuth] Handling request for /_framework/blazor.web.js
2025-10-16 15:25:15.144 +02:00 [WRN] [BasicAuth] Missing Authorization header
2025-10-16 15:25:15.144 +02:00 [INF] BasicAuth was not authenticated. Failure message: Missing Authorization Header
2025-10-16 15:25:15.659 +02:00 [INF] [BasicAuth] Handling request for /_blazor/initializers
2025-10-16 15:25:15.660 +02:00 [WRN] [BasicAuth] Missing Authorization header
2025-10-16 15:25:15.660 +02:00 [INF] BasicAuth was not authenticated. Failure message: Missing Authorization Header
2025-10-16 15:25:15.680 +02:00 [INF] [BasicAuth] Handling request for /_blazor/negotiate
2025-10-16 15:25:15.682 +02:00 [WRN] [BasicAuth] Missing Authorization header
2025-10-16 15:25:15.683 +02:00 [INF] BasicAuth was not authenticated. Failure message: Missing Authorization Header
2025-10-16 15:25:15.692 +02:00 [INF] [BasicAuth] Handling request for /_blazor
2025-10-16 15:25:15.692 +02:00 [WRN] [BasicAuth] Missing Authorization header
2025-10-16 15:25:15.692 +02:00 [INF] BasicAuth was not authenticated. Failure message: Missing Authorization Header
2025-10-16 15:25:18.014 +02:00 [INF] Attempting login for user: admin
2025-10-16 15:25:18.016 +02:00 [INF] Attempting auth verification for admin against https://localhost:7271
2025-10-16 15:25:18.286 +02:00 [INF] Auth verification for admin: "OK" from https://localhost:7271
2025-10-16 15:25:18.400 +02:00 [INF] Login successful for user: admin
2025-10-16 15:25:18.463 +02:00 [INF] [BasicAuth] Handling request for /
2025-10-16 15:25:18.463 +02:00 [WRN] [BasicAuth] Missing Authorization header
2025-10-16 15:25:18.463 +02:00 [INF] BasicAuth was not authenticated. Failure message: Missing Authorization Header
2025-10-16 15:25:18.464 +02:00 [INF] Home: CredentialStore has credentials: true
2025-10-16 15:25:18.465 +02:00 [INF] Home: Username: admin
2025-10-16 15:25:18.465 +02:00 [INF] Home: User authenticated: true
2025-10-16 15:25:18.466 +02:00 [INF] Home: User name: admin
2025-10-16 15:25:18.466 +02:00 [INF] Home: User is authenticated, staying on page
2025-10-16 15:25:18.498 +02:00 [INF] Home: CredentialStore has credentials: true
2025-10-16 15:25:18.500 +02:00 [INF] Home: Username: admin
2025-10-16 15:25:18.500 +02:00 [INF] Home: User authenticated: true
2025-10-16 15:25:18.500 +02:00 [INF] Home: User name: admin
2025-10-16 15:25:18.500 +02:00 [INF] Home: User is authenticated, staying on page
2025-10-16 15:25:20.102 +02:00 [INF] [BasicAuth] Handling request for /shards
2025-10-16 15:25:20.102 +02:00 [WRN] [BasicAuth] Missing Authorization header
2025-10-16 15:25:20.102 +02:00 [INF] BasicAuth was not authenticated. Failure message: Missing Authorization Header
2025-10-16 15:25:35.955 +02:00 [INF] [BasicAuth] Handling request for /keys
2025-10-16 15:25:35.955 +02:00 [WRN] [BasicAuth] Missing Authorization header
2025-10-16 15:25:35.955 +02:00 [INF] BasicAuth was not authenticated. Failure message: Missing Authorization Header
2025-10-16 15:25:36.675 +02:00 [INF] [BasicAuth] Handling request for /servers
2025-10-16 15:25:36.675 +02:00 [WRN] [BasicAuth] Missing Authorization header
2025-10-16 15:25:36.677 +02:00 [INF] BasicAuth was not authenticated. Failure message: Missing Authorization Header
2025-10-16 15:28:50.759 +02:00 [INF] Application is shutting down...
2025-10-16 15:29:31.766 +02:00 [WRN] The ASP.NET Core developer certificate is not trusted. For information about trusting the ASP.NET Core developer certificate, see https://aka.ms/aspnet/https-trust-dev-cert
2025-10-16 15:29:31.828 +02:00 [INF] Now listening on: https://localhost:7272
2025-10-16 15:29:31.830 +02:00 [INF] Now listening on: http://localhost:5092
2025-10-16 15:29:31.834 +02:00 [INF] Application started. Press Ctrl+C to shut down.
2025-10-16 15:29:31.834 +02:00 [INF] Hosting environment: Development
2025-10-16 15:29:31.836 +02:00 [INF] Content root path: /home/tobias/RiderProjects/SentrySMP/SentrySMP.Admin
2025-10-16 15:29:36.447 +02:00 [INF] [BasicAuth] Handling request for /
2025-10-16 15:29:36.449 +02:00 [WRN] [BasicAuth] Missing Authorization header
2025-10-16 15:29:36.452 +02:00 [INF] BasicAuth was not authenticated. Failure message: Missing Authorization Header
2025-10-16 15:29:36.524 +02:00 [INF] Home: CredentialStore has credentials: false
2025-10-16 15:29:36.527 +02:00 [INF] Home: User authenticated: false
2025-10-16 15:29:36.527 +02:00 [INF] Home: User name: null
2025-10-16 15:29:36.527 +02:00 [WRN] Home: User not authenticated, redirecting to login
2025-10-16 15:29:36.584 +02:00 [INF] [BasicAuth] Handling request for /login
2025-10-16 15:29:36.584 +02:00 [WRN] [BasicAuth] Missing Authorization header
2025-10-16 15:29:36.585 +02:00 [INF] BasicAuth was not authenticated. Failure message: Missing Authorization Header
2025-10-16 15:29:36.758 +02:00 [INF] [BasicAuth] Handling request for /_framework/blazor.web.js
2025-10-16 15:29:36.758 +02:00 [WRN] [BasicAuth] Missing Authorization header
2025-10-16 15:29:36.759 +02:00 [INF] BasicAuth was not authenticated. Failure message: Missing Authorization Header
2025-10-16 15:29:36.863 +02:00 [INF] [BasicAuth] Handling request for /_blazor/initializers
2025-10-16 15:29:36.863 +02:00 [WRN] [BasicAuth] Missing Authorization header
2025-10-16 15:29:36.863 +02:00 [INF] BasicAuth was not authenticated. Failure message: Missing Authorization Header
2025-10-16 15:29:36.895 +02:00 [INF] [BasicAuth] Handling request for /_blazor/negotiate
2025-10-16 15:29:36.895 +02:00 [WRN] [BasicAuth] Missing Authorization header
2025-10-16 15:29:36.895 +02:00 [INF] BasicAuth was not authenticated. Failure message: Missing Authorization Header
2025-10-16 15:29:36.910 +02:00 [INF] [BasicAuth] Handling request for /_blazor
2025-10-16 15:29:36.910 +02:00 [WRN] [BasicAuth] Missing Authorization header
2025-10-16 15:29:36.910 +02:00 [INF] BasicAuth was not authenticated. Failure message: Missing Authorization Header
2025-10-16 15:29:41.088 +02:00 [INF] Attempting login for user: admin
2025-10-16 15:29:41.092 +02:00 [INF] Attempting auth verification for admin against https://localhost:7271
2025-10-16 15:29:41.276 +02:00 [INF] Auth verification for admin: "OK" from https://localhost:7271
2025-10-16 15:29:41.397 +02:00 [INF] Login successful for user: admin
2025-10-16 15:29:41.454 +02:00 [INF] [BasicAuth] Handling request for /
2025-10-16 15:29:41.456 +02:00 [WRN] [BasicAuth] Missing Authorization header
2025-10-16 15:29:41.456 +02:00 [INF] BasicAuth was not authenticated. Failure message: Missing Authorization Header
2025-10-16 15:29:41.462 +02:00 [INF] Home: CredentialStore has credentials: true
2025-10-16 15:29:41.463 +02:00 [INF] Home: Username: admin
2025-10-16 15:29:41.463 +02:00 [INF] Home: User authenticated: true
2025-10-16 15:29:41.464 +02:00 [INF] Home: User name: admin
2025-10-16 15:29:41.464 +02:00 [INF] Home: User is authenticated, staying on page
2025-10-16 15:29:41.495 +02:00 [INF] Home: CredentialStore has credentials: true
2025-10-16 15:29:41.496 +02:00 [INF] Home: Username: admin
2025-10-16 15:29:41.499 +02:00 [INF] Home: User authenticated: true
2025-10-16 15:29:41.499 +02:00 [INF] Home: User name: admin
2025-10-16 15:29:41.500 +02:00 [INF] Home: User is authenticated, staying on page
2025-10-16 15:29:42.659 +02:00 [INF] [BasicAuth] Handling request for /keys
2025-10-16 15:29:42.660 +02:00 [WRN] [BasicAuth] Missing Authorization header
2025-10-16 15:29:42.661 +02:00 [INF] BasicAuth was not authenticated. Failure message: Missing Authorization Header
2025-10-16 15:29:54.373 +02:00 [INF] [BasicAuth] Handling request for /shards
2025-10-16 15:29:54.373 +02:00 [WRN] [BasicAuth] Missing Authorization header
2025-10-16 15:29:54.373 +02:00 [INF] BasicAuth was not authenticated. Failure message: Missing Authorization Header
2025-10-16 15:44:53.255 +02:00 [INF] Application is shutting down...
2025-10-16 15:45:01.355 +02:00 [WRN] The ASP.NET Core developer certificate is not trusted. For information about trusting the ASP.NET Core developer certificate, see https://aka.ms/aspnet/https-trust-dev-cert
2025-10-16 15:45:01.469 +02:00 [INF] Now listening on: https://localhost:7272
2025-10-16 15:45:01.472 +02:00 [INF] Now listening on: http://localhost:5092
2025-10-16 15:45:01.476 +02:00 [INF] Application started. Press Ctrl+C to shut down.
2025-10-16 15:45:01.477 +02:00 [INF] Hosting environment: Development
2025-10-16 15:45:01.477 +02:00 [INF] Content root path: /home/tobias/RiderProjects/SentrySMP/SentrySMP.Admin
2025-10-16 15:45:03.534 +02:00 [INF] [BasicAuth] Handling request for /_blazor/negotiate
2025-10-16 15:45:03.536 +02:00 [WRN] [BasicAuth] Missing Authorization header
2025-10-16 15:45:03.539 +02:00 [INF] BasicAuth was not authenticated. Failure message: Missing Authorization Header
2025-10-16 15:45:03.582 +02:00 [INF] [BasicAuth] Handling request for /_blazor
2025-10-16 15:45:03.582 +02:00 [WRN] [BasicAuth] Missing Authorization header
2025-10-16 15:45:03.582 +02:00 [INF] BasicAuth was not authenticated. Failure message: Missing Authorization Header
2025-10-16 15:45:03.695 +02:00 [INF] [BasicAuth] Handling request for /shards
2025-10-16 15:45:03.696 +02:00 [WRN] [BasicAuth] Missing Authorization header
2025-10-16 15:45:03.696 +02:00 [INF] BasicAuth was not authenticated. Failure message: Missing Authorization Header
2025-10-16 15:45:03.829 +02:00 [WRN] [AuthHandler] No credentials present
2025-10-16 15:45:03.877 +02:00 [ERR] Error loading shards
System.Net.Http.HttpRequestException: Connection refused (localhost:7271)
 ---> System.Net.Sockets.SocketException (111): Connection refused
   at System.Net.Sockets.Socket.AwaitableSocketAsyncEventArgs.ThrowException(SocketError error, CancellationToken cancellationToken)
   at System.Net.Sockets.Socket.AwaitableSocketAsyncEventArgs.System.Threading.Tasks.Sources.IValueTaskSource.GetResult(Int16 token)
   at System.Net.Sockets.Socket.<ConnectAsync>g__WaitForConnectWithCancellation|285_0(AwaitableSocketAsyncEventArgs saea, ValueTask connectTask, CancellationToken cancellationToken)
   at System.Net.Http.HttpConnectionPool.ConnectToTcpHostAsync(String host, Int32 port, HttpRequestMessage initialRequest, Boolean async, CancellationToken cancellationToken)
   --- End of inner exception stack trace ---
   at System.Net.Http.HttpConnectionPool.ConnectToTcpHostAsync(String host, Int32 port, HttpRequestMessage initialRequest, Boolean async, CancellationToken cancellationToken)
   at System.Net.Http.HttpConnectionPool.ConnectAsync(HttpRequestMessage request, Boolean async, CancellationToken cancellationToken)
   at System.Net.Http.HttpConnectionPool.CreateHttp11ConnectionAsync(HttpRequestMessage request, Boolean async, CancellationToken cancellationToken)
   at System.Net.Http.HttpConnectionPool.InjectNewHttp11ConnectionAsync(QueueItem queueItem)
   at System.Threading.Tasks.TaskCompletionSourceWithCancellation`1.WaitWithCancellationAsync(CancellationToken cancellationToken)
   at System.Net.Http.HttpConnectionPool.SendWithVersionDetectionAndRetryAsync(HttpRequestMessage request, Boolean async, Boolean doRequestAuth, CancellationToken cancellationToken)
   at System.Net.Http.DiagnosticsHandler.SendAsyncCore(HttpRequestMessage request, Boolean async, CancellationToken cancellationToken)
   at System.Net.Http.RedirectHandler.SendAsync(HttpRequestMessage request, Boolean async, CancellationToken cancellationToken)
   at Microsoft.Extensions.Http.Logging.LoggingHttpMessageHandler.<SendCoreAsync>g__Core|4_0(HttpRequestMessage request, Boolean useAsync, CancellationToken cancellationToken)
   at SentrySMP.Admin.Handlers.HttpLoggingHandler.SendAsync(HttpRequestMessage request, CancellationToken cancellationToken) in /home/tobias/RiderProjects/SentrySMP/SentrySMP.Admin/Handlers/HttpLoggingHandler.cs:line 49
   at Microsoft.Extensions.Http.Logging.LoggingScopeHttpMessageHandler.<SendCoreAsync>g__Core|4_0(HttpRequestMessage request, Boolean useAsync, CancellationToken cancellationToken)
   at System.Net.Http.HttpClient.<SendAsync>g__Core|83_0(HttpRequestMessage request, HttpCompletionOption completionOption, CancellationTokenSource cts, Boolean disposeCts, CancellationTokenSource pendingRequestsCts, CancellationToken originalCancellationToken)
   at Refit.RequestBuilderImplementation.<>c__DisplayClass15_0`2.<<BuildCancellableTaskFuncForMethod>b__0>d.MoveNext() in c:\temp\releaser\refit\Refit\RequestBuilderImplementation.cs:line 331
--- End of stack trace from previous location ---
   at Refit.Implementation.Generated.SentrySMPSharedInterfacesISentryApi.global::SentrySMP.Shared.Interfaces.ISentryApi.GetShardsAsync() in /home/tobias/RiderProjects/SentrySMP/SentrySMP.Shared/obj/Debug/net9.0/InterfaceStubGeneratorV2/Refit.Generator.InterfaceStubGeneratorV2/ISentryApi.g.cs:line 357
   at SentrySMP.Admin.Components.Pages.Shards.LoadShards() in /home/tobias/RiderProjects/SentrySMP/SentrySMP.Admin/Components/Pages/Shards.razor:line 173
2025-10-16 15:45:04.198 +02:00 [INF] [BasicAuth] Handling request for /_framework/blazor.web.js
2025-10-16 15:45:04.198 +02:00 [WRN] [BasicAuth] Missing Authorization header
2025-10-16 15:45:04.199 +02:00 [INF] BasicAuth was not authenticated. Failure message: Missing Authorization Header
2025-10-16 15:45:05.165 +02:00 [INF] [BasicAuth] Handling request for /_blazor/initializers
2025-10-16 15:45:05.168 +02:00 [WRN] [BasicAuth] Missing Authorization header
2025-10-16 15:45:05.171 +02:00 [INF] BasicAuth was not authenticated. Failure message: Missing Authorization Header
2025-10-16 15:45:05.264 +02:00 [INF] [BasicAuth] Handling request for /_blazor/negotiate
2025-10-16 15:45:05.264 +02:00 [WRN] [BasicAuth] Missing Authorization header
2025-10-16 15:45:05.265 +02:00 [INF] BasicAuth was not authenticated. Failure message: Missing Authorization Header
2025-10-16 15:45:05.346 +02:00 [INF] [BasicAuth] Handling request for /_blazor
2025-10-16 15:45:05.347 +02:00 [WRN] [BasicAuth] Missing Authorization header
2025-10-16 15:45:05.351 +02:00 [INF] BasicAuth was not authenticated. Failure message: Missing Authorization Header
2025-10-16 15:45:06.233 +02:00 [WRN] [AuthHandler] No credentials present
2025-10-16 15:45:28.247 +02:00 [INF] [BasicAuth] Handling request for /keys
2025-10-16 15:45:28.247 +02:00 [WRN] [BasicAuth] Missing Authorization header
2025-10-16 15:45:28.249 +02:00 [INF] BasicAuth was not authenticated. Failure message: Missing Authorization Header
2025-10-16 15:45:28.265 +02:00 [WRN] [AuthHandler] No credentials present
2025-10-16 15:45:28.268 +02:00 [WRN] [AuthHandler] No credentials present
2025-10-16 15:45:28.480 +02:00 [WRN] [AuthHandler] No credentials present
2025-10-16 15:45:28.484 +02:00 [WRN] [AuthHandler] No credentials present
2025-10-16 15:45:29.829 +02:00 [INF] [BasicAuth] Handling request for /servers
2025-10-16 15:45:29.830 +02:00 [WRN] [BasicAuth] Missing Authorization header
2025-10-16 15:45:29.830 +02:00 [INF] BasicAuth was not authenticated. Failure message: Missing Authorization Header
2025-10-16 15:45:29.838 +02:00 [WRN] [AuthHandler] No credentials present
2025-10-16 15:45:29.941 +02:00 [WRN] [AuthHandler] No credentials present
2025-10-16 15:45:30.593 +02:00 [INF] [BasicAuth] Handling request for /
2025-10-16 15:45:30.594 +02:00 [WRN] [BasicAuth] Missing Authorization header
2025-10-16 15:45:30.595 +02:00 [INF] BasicAuth was not authenticated. Failure message: Missing Authorization Header
2025-10-16 15:45:30.599 +02:00 [INF] Home: CredentialStore has credentials: false
2025-10-16 15:45:30.604 +02:00 [INF] Home: User authenticated: false
2025-10-16 15:45:30.604 +02:00 [INF] Home: User name: null
2025-10-16 15:45:30.605 +02:00 [WRN] Home: User not authenticated, redirecting to login
2025-10-16 15:45:30.629 +02:00 [INF] [BasicAuth] Handling request for /login
2025-10-16 15:45:30.630 +02:00 [WRN] [BasicAuth] Missing Authorization header
2025-10-16 15:45:30.631 +02:00 [INF] BasicAuth was not authenticated. Failure message: Missing Authorization Header
2025-10-16 15:45:32.588 +02:00 [INF] Attempting login for user: admin
2025-10-16 15:45:32.590 +02:00 [INF] Attempting auth verification for admin against https://localhost:7271
2025-10-16 15:45:32.677 +02:00 [INF] Auth verification for admin: "OK" from https://localhost:7271
2025-10-16 15:45:32.787 +02:00 [INF] Login successful for user: admin
2025-10-16 15:45:32.850 +02:00 [INF] [BasicAuth] Handling request for /
2025-10-16 15:45:32.851 +02:00 [WRN] [BasicAuth] Missing Authorization header
2025-10-16 15:45:32.851 +02:00 [INF] BasicAuth was not authenticated. Failure message: Missing Authorization Header
2025-10-16 15:45:32.852 +02:00 [INF] Home: CredentialStore has credentials: true
2025-10-16 15:45:32.852 +02:00 [INF] Home: Username: admin
2025-10-16 15:45:32.852 +02:00 [INF] Home: User authenticated: true
2025-10-16 15:45:32.852 +02:00 [INF] Home: User name: admin
2025-10-16 15:45:32.853 +02:00 [INF] Home: User is authenticated, staying on page
2025-10-16 15:45:32.867 +02:00 [INF] Home: CredentialStore has credentials: true
2025-10-16 15:45:32.867 +02:00 [INF] Home: Username: admin
2025-10-16 15:45:32.867 +02:00 [INF] Home: User authenticated: true
2025-10-16 15:45:32.867 +02:00 [INF] Home: User name: admin
2025-10-16 15:45:32.867 +02:00 [INF] Home: User is authenticated, staying on page
2025-10-16 15:45:34.060 +02:00 [INF] [BasicAuth] Handling request for /servers
2025-10-16 15:45:34.061 +02:00 [WRN] [BasicAuth] Missing Authorization header
2025-10-16 15:45:34.062 +02:00 [INF] BasicAuth was not authenticated. Failure message: Missing Authorization Header
2025-10-16 15:45:34.905 +02:00 [INF] [BasicAuth] Handling request for /keys
2025-10-16 15:45:34.906 +02:00 [WRN] [BasicAuth] Missing Authorization header
2025-10-16 15:45:34.906 +02:00 [INF] BasicAuth was not authenticated. Failure message: Missing Authorization Header
2025-10-16 15:45:36.515 +02:00 [INF] [BasicAuth] Handling request for /shards
2025-10-16 15:45:36.517 +02:00 [WRN] [BasicAuth] Missing Authorization header
2025-10-16 15:45:36.517 +02:00 [INF] BasicAuth was not authenticated. Failure message: Missing Authorization Header
2025-10-16 15:45:51.884 +02:00 [INF] [BasicAuth] Handling request for /edit-shard/1
2025-10-16 15:45:51.885 +02:00 [WRN] [BasicAuth] Missing Authorization header
2025-10-16 15:45:51.886 +02:00 [INF] BasicAuth was not authenticated. Failure message: Missing Authorization Header
2025-10-16 16:51:49.632 +02:00 [WRN] The ASP.NET Core developer certificate is not trusted. For information about trusting the ASP.NET Core developer certificate, see https://aka.ms/aspnet/https-trust-dev-cert
2025-10-16 16:51:49.702 +02:00 [INF] Now listening on: https://localhost:7272
2025-10-16 16:51:49.704 +02:00 [INF] Now listening on: http://localhost:5092
2025-10-16 16:51:49.707 +02:00 [INF] Application started. Press Ctrl+C to shut down.
2025-10-16 16:51:49.707 +02:00 [INF] Hosting environment: Development
2025-10-16 16:51:49.708 +02:00 [INF] Content root path: /home/tobias/RiderProjects/SentrySMP/SentrySMP.Admin
2025-10-16 16:52:06.816 +02:00 [INF] [BasicAuth] Handling request for /
2025-10-16 16:52:06.818 +02:00 [WRN] [BasicAuth] Missing Authorization header
2025-10-16 16:52:06.821 +02:00 [INF] BasicAuth was not authenticated. Failure message: Missing Authorization Header
2025-10-16 16:52:06.896 +02:00 [INF] Home: CredentialStore has credentials: false
2025-10-16 16:52:06.898 +02:00 [INF] Home: User authenticated: false
2025-10-16 16:52:06.899 +02:00 [INF] Home: User name: null
2025-10-16 16:52:06.899 +02:00 [WRN] Home: User not authenticated, redirecting to login
2025-10-16 16:52:06.958 +02:00 [INF] [BasicAuth] Handling request for /login
2025-10-16 16:52:06.958 +02:00 [WRN] [BasicAuth] Missing Authorization header
2025-10-16 16:52:06.958 +02:00 [INF] BasicAuth was not authenticated. Failure message: Missing Authorization Header
2025-10-16 16:52:07.167 +02:00 [INF] [BasicAuth] Handling request for /_framework/blazor.web.js
2025-10-16 16:52:07.168 +02:00 [WRN] [BasicAuth] Missing Authorization header
2025-10-16 16:52:07.168 +02:00 [INF] BasicAuth was not authenticated. Failure message: Missing Authorization Header
2025-10-16 16:52:07.270 +02:00 [INF] [BasicAuth] Handling request for /_blazor/initializers
2025-10-16 16:52:07.270 +02:00 [WRN] [BasicAuth] Missing Authorization header
2025-10-16 16:52:07.270 +02:00 [INF] BasicAuth was not authenticated. Failure message: Missing Authorization Header
2025-10-16 16:52:07.380 +02:00 [INF] [BasicAuth] Handling request for /_blazor/negotiate
2025-10-16 16:52:07.381 +02:00 [WRN] [BasicAuth] Missing Authorization header
2025-10-16 16:52:07.381 +02:00 [INF] BasicAuth was not authenticated. Failure message: Missing Authorization Header
2025-10-16 16:52:07.399 +02:00 [INF] [BasicAuth] Handling request for /_blazor
2025-10-16 16:52:07.399 +02:00 [WRN] [BasicAuth] Missing Authorization header
2025-10-16 16:52:07.402 +02:00 [INF] BasicAuth was not authenticated. Failure message: Missing Authorization Header
2025-10-16 16:52:12.222 +02:00 [INF] Attempting login for user: admin
2025-10-16 16:52:12.229 +02:00 [INF] Attempting auth verification for admin against https://localhost:7271
2025-10-16 16:52:12.751 +02:00 [INF] Auth verification for admin: "OK" from https://localhost:7271
2025-10-16 16:52:12.868 +02:00 [INF] Login successful for user: admin
2025-10-16 16:52:12.929 +02:00 [INF] [BasicAuth] Handling request for /
2025-10-16 16:52:12.932 +02:00 [WRN] [BasicAuth] Missing Authorization header
2025-10-16 16:52:12.933 +02:00 [INF] BasicAuth was not authenticated. Failure message: Missing Authorization Header
2025-10-16 16:52:12.940 +02:00 [INF] Home: CredentialStore has credentials: true
2025-10-16 16:52:12.941 +02:00 [INF] Home: Username: admin
2025-10-16 16:52:12.941 +02:00 [INF] Home: User authenticated: true
2025-10-16 16:52:12.942 +02:00 [INF] Home: User name: admin
2025-10-16 16:52:12.943 +02:00 [INF] Home: User is authenticated, staying on page
2025-10-16 16:52:12.990 +02:00 [INF] Home: CredentialStore has credentials: true
2025-10-16 16:52:12.994 +02:00 [INF] Home: Username: admin
2025-10-16 16:52:12.996 +02:00 [INF] Home: User authenticated: true
2025-10-16 16:52:12.998 +02:00 [INF] Home: User name: admin
2025-10-16 16:52:12.999 +02:00 [INF] Home: User is authenticated, staying on page
2025-10-16 16:52:19.213 +02:00 [INF] [BasicAuth] Handling request for /bundles
2025-10-16 16:52:19.213 +02:00 [WRN] [BasicAuth] Missing Authorization header
2025-10-16 16:52:19.213 +02:00 [INF] BasicAuth was not authenticated. Failure message: Missing Authorization Header
2025-10-16 16:52:29.747 +02:00 [INF] [BasicAuth] Handling request for /add-bundle
2025-10-16 16:52:29.747 +02:00 [WRN] [BasicAuth] Missing Authorization header
2025-10-16 16:52:29.748 +02:00 [INF] BasicAuth was not authenticated. Failure message: Missing Authorization Header
2025-10-16 17:02:52.236 +02:00 [INF] Application is shutting down...
2025-10-16 17:03:06.872 +02:00 [WRN] The ASP.NET Core developer certificate is not trusted. For information about trusting the ASP.NET Core developer certificate, see https://aka.ms/aspnet/https-trust-dev-cert
2025-10-16 17:03:06.964 +02:00 [INF] Now listening on: https://localhost:7272
2025-10-16 17:03:06.966 +02:00 [INF] Now listening on: http://localhost:5092
2025-10-16 17:03:06.969 +02:00 [INF] Application started. Press Ctrl+C to shut down.
2025-10-16 17:03:06.969 +02:00 [INF] Hosting environment: Development
2025-10-16 17:03:06.970 +02:00 [INF] Content root path: /home/tobias/RiderProjects/SentrySMP/SentrySMP.Admin
2025-10-16 17:03:07.553 +02:00 [INF] [BasicAuth] Handling request for /_blazor/negotiate
2025-10-16 17:03:07.560 +02:00 [WRN] [BasicAuth] Missing Authorization header
2025-10-16 17:03:07.564 +02:00 [INF] BasicAuth was not authenticated. Failure message: Missing Authorization Header
2025-10-16 17:03:07.644 +02:00 [INF] [BasicAuth] Handling request for /_blazor
2025-10-16 17:03:07.647 +02:00 [WRN] [BasicAuth] Missing Authorization header
2025-10-16 17:03:07.649 +02:00 [INF] BasicAuth was not authenticated. Failure message: Missing Authorization Header
2025-10-16 17:03:08.219 +02:00 [INF] [BasicAuth] Handling request for /add-bundle
2025-10-16 17:03:08.222 +02:00 [WRN] [BasicAuth] Missing Authorization header
2025-10-16 17:03:08.222 +02:00 [INF] BasicAuth was not authenticated. Failure message: Missing Authorization Header
2025-10-16 17:03:08.422 +02:00 [WRN] [AuthHandler] No credentials present
2025-10-16 17:03:12.214 +02:00 [INF] [BasicAuth] Handling request for /_framework/blazor.web.js
2025-10-16 17:03:12.217 +02:00 [WRN] [BasicAuth] Missing Authorization header
2025-10-16 17:03:12.219 +02:00 [INF] BasicAuth was not authenticated. Failure message: Missing Authorization Header
2025-10-16 17:03:13.308 +02:00 [INF] [BasicAuth] Handling request for /_blazor/initializers
2025-10-16 17:03:13.311 +02:00 [WRN] [BasicAuth] Missing Authorization header
2025-10-16 17:03:13.311 +02:00 [INF] BasicAuth was not authenticated. Failure message: Missing Authorization Header
2025-10-16 17:03:13.366 +02:00 [INF] [BasicAuth] Handling request for /_blazor/negotiate
2025-10-16 17:03:13.367 +02:00 [WRN] [BasicAuth] Missing Authorization header
2025-10-16 17:03:13.367 +02:00 [INF] BasicAuth was not authenticated. Failure message: Missing Authorization Header
2025-10-16 17:03:13.386 +02:00 [INF] [BasicAuth] Handling request for /_blazor
2025-10-16 17:03:13.386 +02:00 [WRN] [BasicAuth] Missing Authorization header
2025-10-16 17:03:13.387 +02:00 [INF] BasicAuth was not authenticated. Failure message: Missing Authorization Header
2025-10-16 17:03:14.238 +02:00 [WRN] [AuthHandler] No credentials present
2025-10-16 17:03:44.457 +02:00 [INF] [BasicAuth] Handling request for /
2025-10-16 17:03:44.458 +02:00 [WRN] [BasicAuth] Missing Authorization header
2025-10-16 17:03:44.459 +02:00 [INF] BasicAuth was not authenticated. Failure message: Missing Authorization Header
2025-10-16 17:03:44.474 +02:00 [INF] Home: CredentialStore has credentials: false
2025-10-16 17:03:44.477 +02:00 [INF] Home: User authenticated: false
2025-10-16 17:03:44.478 +02:00 [INF] Home: User name: null
2025-10-16 17:03:44.478 +02:00 [WRN] Home: User not authenticated, redirecting to login
2025-10-16 17:03:44.504 +02:00 [INF] [BasicAuth] Handling request for /login
2025-10-16 17:03:44.505 +02:00 [WRN] [BasicAuth] Missing Authorization header
2025-10-16 17:03:44.505 +02:00 [INF] BasicAuth was not authenticated. Failure message: Missing Authorization Header
2025-10-16 17:03:44.611 +02:00 [INF] [BasicAuth] Handling request for /_framework/blazor.web.js
2025-10-16 17:03:44.614 +02:00 [WRN] [BasicAuth] Missing Authorization header
2025-10-16 17:03:44.615 +02:00 [INF] BasicAuth was not authenticated. Failure message: Missing Authorization Header
2025-10-16 17:03:44.743 +02:00 [INF] [BasicAuth] Handling request for /_blazor/initializers
2025-10-16 17:03:44.744 +02:00 [WRN] [BasicAuth] Missing Authorization header
2025-10-16 17:03:44.744 +02:00 [INF] BasicAuth was not authenticated. Failure message: Missing Authorization Header
2025-10-16 17:03:44.777 +02:00 [INF] [BasicAuth] Handling request for /_blazor/negotiate
2025-10-16 17:03:44.778 +02:00 [WRN] [BasicAuth] Missing Authorization header
2025-10-16 17:03:44.778 +02:00 [INF] BasicAuth was not authenticated. Failure message: Missing Authorization Header
2025-10-16 17:03:44.788 +02:00 [INF] [BasicAuth] Handling request for /_blazor
2025-10-16 17:03:44.788 +02:00 [WRN] [BasicAuth] Missing Authorization header
2025-10-16 17:03:44.788 +02:00 [INF] BasicAuth was not authenticated. Failure message: Missing Authorization Header
2025-10-16 17:03:46.709 +02:00 [INF] Attempting login for user: admin
2025-10-16 17:03:46.711 +02:00 [INF] Attempting auth verification for admin against https://localhost:7271
2025-10-16 17:03:46.810 +02:00 [INF] Auth verification for admin: "OK" from https://localhost:7271
2025-10-16 17:03:46.929 +02:00 [INF] Login successful for user: admin
2025-10-16 17:03:46.996 +02:00 [INF] [BasicAuth] Handling request for /
2025-10-16 17:03:46.997 +02:00 [WRN] [BasicAuth] Missing Authorization header
2025-10-16 17:03:46.998 +02:00 [INF] BasicAuth was not authenticated. Failure message: Missing Authorization Header
2025-10-16 17:03:46.999 +02:00 [INF] Home: CredentialStore has credentials: true
2025-10-16 17:03:47.003 +02:00 [INF] Home: Username: admin
2025-10-16 17:03:47.004 +02:00 [INF] Home: User authenticated: true
2025-10-16 17:03:47.004 +02:00 [INF] Home: User name: admin
2025-10-16 17:03:47.006 +02:00 [INF] Home: User is authenticated, staying on page
2025-10-16 17:03:47.038 +02:00 [INF] Home: CredentialStore has credentials: true
2025-10-16 17:03:47.039 +02:00 [INF] Home: Username: admin
2025-10-16 17:03:47.042 +02:00 [INF] Home: User authenticated: true
2025-10-16 17:03:47.043 +02:00 [INF] Home: User name: admin
2025-10-16 17:03:47.045 +02:00 [INF] Home: User is authenticated, staying on page
2025-10-16 17:05:19.951 +02:00 [INF] [BasicAuth] Handling request for /bundles
2025-10-16 17:05:19.952 +02:00 [WRN] [BasicAuth] Missing Authorization header
2025-10-16 17:05:19.953 +02:00 [INF] BasicAuth was not authenticated. Failure message: Missing Authorization Header
2025-10-16 17:05:21.533 +02:00 [INF] [BasicAuth] Handling request for /add-bundle
2025-10-16 17:05:21.535 +02:00 [WRN] [BasicAuth] Missing Authorization header
2025-10-16 17:05:21.536 +02:00 [INF] BasicAuth was not authenticated. Failure message: Missing Authorization Header
2025-10-16 17:06:30.066 +02:00 [INF] Successfully uploaded image: screenshot-2025-09-28_14-31-28.png
2025-10-16 17:06:47.556 +02:00 [INF] [BasicAuth] Handling request for /bundles
2025-10-16 17:06:47.558 +02:00 [WRN] [BasicAuth] Missing Authorization header
2025-10-16 17:06:47.558 +02:00 [INF] BasicAuth was not authenticated. Failure message: Missing Authorization Header
2025-10-16 17:11:41.007 +02:00 [INF] Application is shutting down...
2025-10-16 17:11:50.957 +02:00 [WRN] The ASP.NET Core developer certificate is not trusted. For information about trusting the ASP.NET Core developer certificate, see https://aka.ms/aspnet/https-trust-dev-cert
2025-10-16 17:11:51.115 +02:00 [INF] Now listening on: https://localhost:7272
2025-10-16 17:11:51.132 +02:00 [INF] Now listening on: http://localhost:5092
2025-10-16 17:11:51.155 +02:00 [INF] Application started. Press Ctrl+C to shut down.
2025-10-16 17:11:51.164 +02:00 [INF] Hosting environment: Development
2025-10-16 17:11:51.174 +02:00 [INF] Content root path: /home/tobias/RiderProjects/SentrySMP/SentrySMP.Admin
2025-10-16 17:11:51.652 +02:00 [INF] [BasicAuth] Handling request for /_blazor/negotiate
2025-10-16 17:11:51.657 +02:00 [WRN] [BasicAuth] Missing Authorization header
2025-10-16 17:11:51.659 +02:00 [INF] BasicAuth was not authenticated. Failure message: Missing Authorization Header
2025-10-16 17:11:51.707 +02:00 [INF] [BasicAuth] Handling request for /_blazor
2025-10-16 17:11:51.709 +02:00 [WRN] [BasicAuth] Missing Authorization header
2025-10-16 17:11:51.709 +02:00 [INF] BasicAuth was not authenticated. Failure message: Missing Authorization Header
2025-10-16 17:11:52.017 +02:00 [INF] [BasicAuth] Handling request for /bundles
2025-10-16 17:11:52.017 +02:00 [WRN] [BasicAuth] Missing Authorization header
2025-10-16 17:11:52.017 +02:00 [INF] BasicAuth was not authenticated. Failure message: Missing Authorization Header
2025-10-16 17:11:52.262 +02:00 [WRN] [AuthHandler] No credentials present
2025-10-16 17:11:52.302 +02:00 [WRN] [AuthHandler] No credentials present
2025-10-16 17:11:52.333 +02:00 [ERR] Error loading bundles
System.Net.Http.HttpRequestException: Connection refused (localhost:7271)
 ---> System.Net.Sockets.SocketException (111): Connection refused
   at System.Net.Sockets.Socket.AwaitableSocketAsyncEventArgs.ThrowException(SocketError error, CancellationToken cancellationToken)
   at System.Net.Sockets.Socket.AwaitableSocketAsyncEventArgs.System.Threading.Tasks.Sources.IValueTaskSource.GetResult(Int16 token)
   at System.Net.Sockets.Socket.<ConnectAsync>g__WaitForConnectWithCancellation|285_0(AwaitableSocketAsyncEventArgs saea, ValueTask connectTask, CancellationToken cancellationToken)
   at System.Net.Http.HttpConnectionPool.ConnectToTcpHostAsync(String host, Int32 port, HttpRequestMessage initialRequest, Boolean async, CancellationToken cancellationToken)
   --- End of inner exception stack trace ---
   at System.Net.Http.HttpConnectionPool.ConnectToTcpHostAsync(String host, Int32 port, HttpRequestMessage initialRequest, Boolean async, CancellationToken cancellationToken)
   at System.Net.Http.HttpConnectionPool.ConnectAsync(HttpRequestMessage request, Boolean async, CancellationToken cancellationToken)
   at System.Net.Http.HttpConnectionPool.CreateHttp11ConnectionAsync(HttpRequestMessage request, Boolean async, CancellationToken cancellationToken)
   at System.Net.Http.HttpConnectionPool.InjectNewHttp11ConnectionAsync(QueueItem queueItem)
   at System.Threading.Tasks.TaskCompletionSourceWithCancellation`1.WaitWithCancellationAsync(CancellationToken cancellationToken)
   at System.Net.Http.HttpConnectionPool.SendWithVersionDetectionAndRetryAsync(HttpRequestMessage request, Boolean async, Boolean doRequestAuth, CancellationToken cancellationToken)
   at System.Net.Http.DiagnosticsHandler.SendAsyncCore(HttpRequestMessage request, Boolean async, CancellationToken cancellationToken)
   at System.Net.Http.RedirectHandler.SendAsync(HttpRequestMessage request, Boolean async, CancellationToken cancellationToken)
   at Microsoft.Extensions.Http.Logging.LoggingHttpMessageHandler.<SendCoreAsync>g__Core|4_0(HttpRequestMessage request, Boolean useAsync, CancellationToken cancellationToken)
   at SentrySMP.Admin.Handlers.HttpLoggingHandler.SendAsync(HttpRequestMessage request, CancellationToken cancellationToken) in /home/tobias/RiderProjects/SentrySMP/SentrySMP.Admin/Handlers/HttpLoggingHandler.cs:line 49
   at Microsoft.Extensions.Http.Logging.LoggingScopeHttpMessageHandler.<SendCoreAsync>g__Core|4_0(HttpRequestMessage request, Boolean useAsync, CancellationToken cancellationToken)
   at System.Net.Http.HttpClient.<SendAsync>g__Core|83_0(HttpRequestMessage request, HttpCompletionOption completionOption, CancellationTokenSource cts, Boolean disposeCts, CancellationTokenSource pendingRequestsCts, CancellationToken originalCancellationToken)
   at Refit.RequestBuilderImplementation.<>c__DisplayClass15_0`2.<<BuildCancellableTaskFuncForMethod>b__0>d.MoveNext() in c:\temp\releaser\refit\Refit\RequestBuilderImplementation.cs:line 331
--- End of stack trace from previous location ---
   at Refit.Implementation.Generated.SentrySMPSharedInterfacesISentryApi.global::SentrySMP.Shared.Interfaces.ISentryApi.GetBundlesAsync() in /home/tobias/RiderProjects/SentrySMP/SentrySMP.Shared/obj/Debug/net9.0/InterfaceStubGeneratorV2/Refit.Generator.InterfaceStubGeneratorV2/ISentryApi.g.cs:line 421
   at SentrySMP.Admin.Components.Pages.Bundles.LoadBundles() in /home/tobias/RiderProjects/SentrySMP/SentrySMP.Admin/Components/Pages/Bundles.razor:line 156
2025-10-16 17:11:52.363 +02:00 [ERR] Error loading servers
System.Net.Http.HttpRequestException: Connection refused (localhost:7271)
 ---> System.Net.Sockets.SocketException (111): Connection refused
   at System.Net.Sockets.Socket.AwaitableSocketAsyncEventArgs.ThrowException(SocketError error, CancellationToken cancellationToken)
   at System.Net.Sockets.Socket.AwaitableSocketAsyncEventArgs.System.Threading.Tasks.Sources.IValueTaskSource.GetResult(Int16 token)
   at System.Net.Sockets.Socket.<ConnectAsync>g__WaitForConnectWithCancellation|285_0(AwaitableSocketAsyncEventArgs saea, ValueTask connectTask, CancellationToken cancellationToken)
   at System.Net.Http.HttpConnectionPool.ConnectToTcpHostAsync(String host, Int32 port, HttpRequestMessage initialRequest, Boolean async, CancellationToken cancellationToken)
   --- End of inner exception stack trace ---
   at System.Net.Http.HttpConnectionPool.ConnectToTcpHostAsync(String host, Int32 port, HttpRequestMessage initialRequest, Boolean async, CancellationToken cancellationToken)
   at System.Net.Http.HttpConnectionPool.ConnectAsync(HttpRequestMessage request, Boolean async, CancellationToken cancellationToken)
   at System.Net.Http.HttpConnectionPool.CreateHttp11ConnectionAsync(HttpRequestMessage request, Boolean async, CancellationToken cancellationToken)
   at System.Net.Http.HttpConnectionPool.InjectNewHttp11ConnectionAsync(QueueItem queueItem)
   at System.Threading.Tasks.TaskCompletionSourceWithCancellation`1.WaitWithCancellationAsync(CancellationToken cancellationToken)
   at System.Net.Http.HttpConnectionPool.SendWithVersionDetectionAndRetryAsync(HttpRequestMessage request, Boolean async, Boolean doRequestAuth, CancellationToken cancellationToken)
   at System.Net.Http.DiagnosticsHandler.SendAsyncCore(HttpRequestMessage request, Boolean async, CancellationToken cancellationToken)
   at System.Net.Http.RedirectHandler.SendAsync(HttpRequestMessage request, Boolean async, CancellationToken cancellationToken)
   at Microsoft.Extensions.Http.Logging.LoggingHttpMessageHandler.<SendCoreAsync>g__Core|4_0(HttpRequestMessage request, Boolean useAsync, CancellationToken cancellationToken)
   at SentrySMP.Admin.Handlers.HttpLoggingHandler.SendAsync(HttpRequestMessage request, CancellationToken cancellationToken) in /home/tobias/RiderProjects/SentrySMP/SentrySMP.Admin/Handlers/HttpLoggingHandler.cs:line 49
   at Microsoft.Extensions.Http.Logging.LoggingScopeHttpMessageHandler.<SendCoreAsync>g__Core|4_0(HttpRequestMessage request, Boolean useAsync, CancellationToken cancellationToken)
   at System.Net.Http.HttpClient.<SendAsync>g__Core|83_0(HttpRequestMessage request, HttpCompletionOption completionOption, CancellationTokenSource cts, Boolean disposeCts, CancellationTokenSource pendingRequestsCts, CancellationToken originalCancellationToken)
   at Refit.RequestBuilderImplementation.<>c__DisplayClass15_0`2.<<BuildCancellableTaskFuncForMethod>b__0>d.MoveNext() in c:\temp\releaser\refit\Refit\RequestBuilderImplementation.cs:line 331
--- End of stack trace from previous location ---
   at Refit.Implementation.Generated.SentrySMPSharedInterfacesISentryApi.global::SentrySMP.Shared.Interfaces.ISentryApi.GetServersAsync() in /home/tobias/RiderProjects/SentrySMP/SentrySMP.Shared/obj/Debug/net9.0/InterfaceStubGeneratorV2/Refit.Generator.InterfaceStubGeneratorV2/ISentryApi.g.cs:line 304
   at SentrySMP.Admin.Components.Pages.Bundles.LoadServers() in /home/tobias/RiderProjects/SentrySMP/SentrySMP.Admin/Components/Pages/Bundles.razor:line 173
2025-10-16 17:11:52.772 +02:00 [INF] [BasicAuth] Handling request for /_framework/blazor.web.js
2025-10-16 17:11:52.772 +02:00 [WRN] [BasicAuth] Missing Authorization header
2025-10-16 17:11:52.772 +02:00 [INF] BasicAuth was not authenticated. Failure message: Missing Authorization Header
2025-10-16 17:11:52.930 +02:00 [INF] [BasicAuth] Handling request for /_blazor/initializers
2025-10-16 17:11:52.931 +02:00 [WRN] [BasicAuth] Missing Authorization header
2025-10-16 17:11:52.932 +02:00 [INF] BasicAuth was not authenticated. Failure message: Missing Authorization Header
2025-10-16 17:11:52.966 +02:00 [INF] [BasicAuth] Handling request for /_blazor/negotiate
2025-10-16 17:11:52.966 +02:00 [WRN] [BasicAuth] Missing Authorization header
2025-10-16 17:11:52.967 +02:00 [INF] BasicAuth was not authenticated. Failure message: Missing Authorization Header
2025-10-16 17:11:52.997 +02:00 [INF] [BasicAuth] Handling request for /_blazor
2025-10-16 17:11:52.998 +02:00 [WRN] [BasicAuth] Missing Authorization header
2025-10-16 17:11:52.998 +02:00 [INF] BasicAuth was not authenticated. Failure message: Missing Authorization Header
2025-10-16 17:11:53.205 +02:00 [WRN] [AuthHandler] No credentials present
2025-10-16 17:11:53.210 +02:00 [WRN] [AuthHandler] No credentials present
2025-10-16 17:12:07.056 +02:00 [INF] [BasicAuth] Handling request for /
2025-10-16 17:12:07.059 +02:00 [WRN] [BasicAuth] Missing Authorization header
2025-10-16 17:12:07.062 +02:00 [INF] BasicAuth was not authenticated. Failure message: Missing Authorization Header
2025-10-16 17:12:07.160 +02:00 [INF] Home: CredentialStore has credentials: false
2025-10-16 17:12:07.164 +02:00 [INF] Home: User authenticated: false
2025-10-16 17:12:07.167 +02:00 [INF] Home: User name: null
2025-10-16 17:12:07.169 +02:00 [WRN] Home: User not authenticated, redirecting to login
2025-10-16 17:12:07.183 +02:00 [INF] [BasicAuth] Handling request for /login
2025-10-16 17:12:07.183 +02:00 [WRN] [BasicAuth] Missing Authorization header
2025-10-16 17:12:07.183 +02:00 [INF] BasicAuth was not authenticated. Failure message: Missing Authorization Header
2025-10-16 17:12:07.303 +02:00 [INF] [BasicAuth] Handling request for /_framework/blazor.web.js
2025-10-16 17:12:07.306 +02:00 [WRN] [BasicAuth] Missing Authorization header
2025-10-16 17:12:07.309 +02:00 [INF] BasicAuth was not authenticated. Failure message: Missing Authorization Header
2025-10-16 17:12:07.439 +02:00 [INF] [BasicAuth] Handling request for /_blazor/initializers
2025-10-16 17:12:07.439 +02:00 [WRN] [BasicAuth] Missing Authorization header
2025-10-16 17:12:07.440 +02:00 [INF] BasicAuth was not authenticated. Failure message: Missing Authorization Header
2025-10-16 17:12:07.450 +02:00 [INF] [BasicAuth] Handling request for /_blazor/negotiate
2025-10-16 17:12:07.450 +02:00 [WRN] [BasicAuth] Missing Authorization header
2025-10-16 17:12:07.450 +02:00 [INF] BasicAuth was not authenticated. Failure message: Missing Authorization Header
2025-10-16 17:12:07.459 +02:00 [INF] [BasicAuth] Handling request for /_blazor
2025-10-16 17:12:07.459 +02:00 [WRN] [BasicAuth] Missing Authorization header
2025-10-16 17:12:07.459 +02:00 [INF] BasicAuth was not authenticated. Failure message: Missing Authorization Header
2025-10-16 17:12:09.433 +02:00 [INF] Attempting login for user: admin
2025-10-16 17:12:09.438 +02:00 [INF] Attempting auth verification for admin against https://localhost:7271
2025-10-16 17:12:09.599 +02:00 [INF] Auth verification for admin: "OK" from https://localhost:7271
2025-10-16 17:12:09.710 +02:00 [INF] Login successful for user: admin
2025-10-16 17:12:09.786 +02:00 [INF] [BasicAuth] Handling request for /
2025-10-16 17:12:09.787 +02:00 [WRN] [BasicAuth] Missing Authorization header
2025-10-16 17:12:09.788 +02:00 [INF] BasicAuth was not authenticated. Failure message: Missing Authorization Header
2025-10-16 17:12:09.789 +02:00 [INF] Home: CredentialStore has credentials: true
2025-10-16 17:12:09.790 +02:00 [INF] Home: Username: admin
2025-10-16 17:12:09.790 +02:00 [INF] Home: User authenticated: true
2025-10-16 17:12:09.791 +02:00 [INF] Home: User name: admin
2025-10-16 17:12:09.791 +02:00 [INF] Home: User is authenticated, staying on page
2025-10-16 17:12:09.875 +02:00 [INF] Home: CredentialStore has credentials: true
2025-10-16 17:12:09.879 +02:00 [INF] Home: Username: admin
2025-10-16 17:12:09.879 +02:00 [INF] Home: User authenticated: true
2025-10-16 17:12:09.880 +02:00 [INF] Home: User name: admin
2025-10-16 17:12:09.882 +02:00 [INF] Home: User is authenticated, staying on page
2025-10-16 17:12:18.592 +02:00 [INF] [BasicAuth] Handling request for /bundles
2025-10-16 17:12:18.593 +02:00 [WRN] [BasicAuth] Missing Authorization header
2025-10-16 17:12:18.593 +02:00 [INF] BasicAuth was not authenticated. Failure message: Missing Authorization Header
2025-10-16 17:12:54.875 +02:00 [INF] [BasicAuth] Handling request for /add-bundle
2025-10-16 17:12:54.876 +02:00 [WRN] [BasicAuth] Missing Authorization header
2025-10-16 17:12:54.876 +02:00 [INF] BasicAuth was not authenticated. Failure message: Missing Authorization Header
2025-10-16 17:13:06.484 +02:00 [INF] Successfully uploaded image: screenshot-2025-09-28_14-31-28.png
2025-10-16 17:13:35.028 +02:00 [INF] [BasicAuth] Handling request for /bundles
2025-10-16 17:13:35.028 +02:00 [WRN] [BasicAuth] Missing Authorization header
2025-10-16 17:13:35.029 +02:00 [INF] BasicAuth was not authenticated. Failure message: Missing Authorization Header
2025-10-16 17:19:33.330 +02:00 [INF] Application is shutting down...
2025-10-16 17:19:44.429 +02:00 [WRN] The ASP.NET Core developer certificate is not trusted. For information about trusting the ASP.NET Core developer certificate, see https://aka.ms/aspnet/https-trust-dev-cert
2025-10-16 17:19:44.539 +02:00 [INF] Now listening on: https://localhost:7272
2025-10-16 17:19:44.545 +02:00 [INF] Now listening on: http://localhost:5092
2025-10-16 17:19:44.552 +02:00 [INF] Application started. Press Ctrl+C to shut down.
2025-10-16 17:19:44.552 +02:00 [INF] Hosting environment: Development
2025-10-16 17:19:44.556 +02:00 [INF] Content root path: /home/tobias/RiderProjects/SentrySMP/SentrySMP.Admin
2025-10-16 17:19:49.669 +02:00 [INF] [BasicAuth] Handling request for /_blazor/negotiate
2025-10-16 17:19:49.671 +02:00 [WRN] [BasicAuth] Missing Authorization header
2025-10-16 17:19:49.673 +02:00 [INF] BasicAuth was not authenticated. Failure message: Missing Authorization Header
2025-10-16 17:19:49.718 +02:00 [INF] [BasicAuth] Handling request for /_blazor
2025-10-16 17:19:49.719 +02:00 [WRN] [BasicAuth] Missing Authorization header
2025-10-16 17:19:49.719 +02:00 [INF] BasicAuth was not authenticated. Failure message: Missing Authorization Header
2025-10-16 17:19:49.855 +02:00 [INF] [BasicAuth] Handling request for /bundles
2025-10-16 17:19:49.858 +02:00 [WRN] [BasicAuth] Missing Authorization header
2025-10-16 17:19:49.860 +02:00 [INF] BasicAuth was not authenticated. Failure message: Missing Authorization Header
2025-10-16 17:19:49.988 +02:00 [WRN] [AuthHandler] No credentials present
2025-10-16 17:19:50.012 +02:00 [WRN] [AuthHandler] No credentials present
2025-10-16 17:19:53.542 +02:00 [INF] [BasicAuth] Handling request for /_framework/blazor.web.js
2025-10-16 17:19:53.545 +02:00 [WRN] [BasicAuth] Missing Authorization header
2025-10-16 17:19:53.545 +02:00 [INF] BasicAuth was not authenticated. Failure message: Missing Authorization Header
2025-10-16 17:19:53.663 +02:00 [INF] [BasicAuth] Handling request for /_blazor/initializers
2025-10-16 17:19:53.663 +02:00 [WRN] [BasicAuth] Missing Authorization header
2025-10-16 17:19:53.664 +02:00 [INF] BasicAuth was not authenticated. Failure message: Missing Authorization Header
2025-10-16 17:19:53.735 +02:00 [INF] [BasicAuth] Handling request for /_blazor/negotiate
2025-10-16 17:19:53.738 +02:00 [WRN] [BasicAuth] Missing Authorization header
2025-10-16 17:19:53.738 +02:00 [INF] BasicAuth was not authenticated. Failure message: Missing Authorization Header
2025-10-16 17:19:53.803 +02:00 [INF] [BasicAuth] Handling request for /_blazor
2025-10-16 17:19:53.803 +02:00 [WRN] [BasicAuth] Missing Authorization header
2025-10-16 17:19:53.804 +02:00 [INF] BasicAuth was not authenticated. Failure message: Missing Authorization Header
2025-10-16 17:19:53.967 +02:00 [WRN] [AuthHandler] No credentials present
2025-10-16 17:19:53.969 +02:00 [WRN] [AuthHandler] No credentials present
2025-10-16 17:19:55.106 +02:00 [INF] [BasicAuth] Handling request for /keys
2025-10-16 17:19:55.106 +02:00 [WRN] [BasicAuth] Missing Authorization header
2025-10-16 17:19:55.108 +02:00 [INF] BasicAuth was not authenticated. Failure message: Missing Authorization Header
2025-10-16 17:19:55.132 +02:00 [WRN] [AuthHandler] No credentials present
2025-10-16 17:19:55.135 +02:00 [WRN] [AuthHandler] No credentials present
2025-10-16 17:19:55.347 +02:00 [WRN] [AuthHandler] No credentials present
2025-10-16 17:19:55.353 +02:00 [WRN] [AuthHandler] No credentials present
2025-10-16 17:19:55.568 +02:00 [INF] [BasicAuth] Handling request for /
2025-10-16 17:19:55.569 +02:00 [WRN] [BasicAuth] Missing Authorization header
2025-10-16 17:19:55.569 +02:00 [INF] BasicAuth was not authenticated. Failure message: Missing Authorization Header
2025-10-16 17:19:55.582 +02:00 [INF] Home: CredentialStore has credentials: false
2025-10-16 17:19:55.590 +02:00 [INF] Home: User authenticated: false
2025-10-16 17:19:55.590 +02:00 [INF] Home: User name: null
2025-10-16 17:19:55.591 +02:00 [WRN] Home: User not authenticated, redirecting to login
2025-10-16 17:19:55.604 +02:00 [INF] [BasicAuth] Handling request for /login
2025-10-16 17:19:55.606 +02:00 [WRN] [BasicAuth] Missing Authorization header
2025-10-16 17:19:55.608 +02:00 [INF] BasicAuth was not authenticated. Failure message: Missing Authorization Header
2025-10-16 17:19:57.771 +02:00 [INF] Attempting login for user: admin
2025-10-16 17:19:57.773 +02:00 [INF] Attempting auth verification for admin against https://localhost:7271
2025-10-16 17:19:57.857 +02:00 [INF] Auth verification for admin: "OK" from https://localhost:7271
2025-10-16 17:19:57.985 +02:00 [INF] Login successful for user: admin
2025-10-16 17:19:58.037 +02:00 [INF] [BasicAuth] Handling request for /
2025-10-16 17:19:58.037 +02:00 [WRN] [BasicAuth] Missing Authorization header
2025-10-16 17:19:58.038 +02:00 [INF] BasicAuth was not authenticated. Failure message: Missing Authorization Header
2025-10-16 17:19:58.058 +02:00 [INF] Home: CredentialStore has credentials: true
2025-10-16 17:19:58.059 +02:00 [INF] Home: Username: admin
2025-10-16 17:19:58.060 +02:00 [INF] Home: User authenticated: true
2025-10-16 17:19:58.061 +02:00 [INF] Home: User name: admin
2025-10-16 17:19:58.063 +02:00 [INF] Home: User is authenticated, staying on page
2025-10-16 17:19:58.084 +02:00 [INF] Home: CredentialStore has credentials: true
2025-10-16 17:19:58.086 +02:00 [INF] Home: Username: admin
2025-10-16 17:19:58.088 +02:00 [INF] Home: User authenticated: true
2025-10-16 17:19:58.089 +02:00 [INF] Home: User name: admin
2025-10-16 17:19:58.089 +02:00 [INF] Home: User is authenticated, staying on page
2025-10-16 17:19:59.403 +02:00 [INF] [BasicAuth] Handling request for /bundles
2025-10-16 17:19:59.403 +02:00 [WRN] [BasicAuth] Missing Authorization header
2025-10-16 17:19:59.405 +02:00 [INF] BasicAuth was not authenticated. Failure message: Missing Authorization Header
2025-10-16 17:20:01.463 +02:00 [INF] [BasicAuth] Handling request for /shards
2025-10-16 17:20:01.463 +02:00 [WRN] [BasicAuth] Missing Authorization header
2025-10-16 17:20:01.464 +02:00 [INF] BasicAuth was not authenticated. Failure message: Missing Authorization Header
2025-10-16 17:20:09.224 +02:00 [INF] [BasicAuth] Handling request for /shards
2025-10-16 17:20:09.225 +02:00 [WRN] [BasicAuth] Missing Authorization header
2025-10-16 17:20:09.225 +02:00 [INF] BasicAuth was not authenticated. Failure message: Missing Authorization Header
2025-10-16 17:20:09.771 +02:00 [INF] [BasicAuth] Handling request for /keys
2025-10-16 17:20:09.771 +02:00 [WRN] [BasicAuth] Missing Authorization header
2025-10-16 17:20:09.771 +02:00 [INF] BasicAuth was not authenticated. Failure message: Missing Authorization Header
