2025-10-22 14:36:07.742 +02:00 [WRN] The ASP.NET Core developer certificate is not trusted. For information about trusting the ASP.NET Core developer certificate, see https://aka.ms/aspnet/https-trust-dev-cert
2025-10-22 14:36:08.170 +02:00 [INF] Now listening on: https://localhost:7271
2025-10-22 14:36:08.180 +02:00 [INF] Now listening on: http://localhost:5230
2025-10-22 14:36:08.196 +02:00 [INF] Application started. Press Ctrl+C to shut down.
2025-10-22 14:36:08.215 +02:00 [INF] Hosting environment: Development
2025-10-22 14:36:08.228 +02:00 [INF] Content root path: /home/tobias/RiderProjects/SentrySMP/SentrySMP.App
2025-10-22 14:36:11.788 +02:00 [INF] [BasicAuth] Handling request for /
2025-10-22 14:36:11.806 +02:00 [WRN] [BasicAuth] Missing Authorization header
2025-10-22 14:36:11.814 +02:00 [INF] BasicAuth was not authenticated. Failure message: Missing Authorization Header
2025-10-22 14:36:14.286 +02:00 [INF] [BasicAuth] Handling request for /_framework/blazor.web.js
2025-10-22 14:36:14.295 +02:00 [WRN] [BasicAuth] Missing Authorization header
2025-10-22 14:36:14.295 +02:00 [INF] BasicAuth was not authenticated. Failure message: Missing Authorization Header
2025-10-22 14:36:15.138 +02:00 [INF] [BasicAuth] Handling request for /_blazor/initializers
2025-10-22 14:36:15.142 +02:00 [WRN] [BasicAuth] Missing Authorization header
2025-10-22 14:36:15.146 +02:00 [INF] BasicAuth was not authenticated. Failure message: Missing Authorization Header
2025-10-22 14:36:16.833 +02:00 [INF] [BasicAuth] Handling request for /_blazor/negotiate
2025-10-22 14:36:16.844 +02:00 [WRN] [BasicAuth] Missing Authorization header
2025-10-22 14:36:16.844 +02:00 [INF] BasicAuth was not authenticated. Failure message: Missing Authorization Header
2025-10-22 14:36:16.947 +02:00 [INF] [BasicAuth] Handling request for /_blazor
2025-10-22 14:36:16.950 +02:00 [WRN] [BasicAuth] Missing Authorization header
2025-10-22 14:36:16.955 +02:00 [INF] BasicAuth was not authenticated. Failure message: Missing Authorization Header
2025-10-22 14:36:20.989 +02:00 [INF] [BasicAuth] Handling request for /api/status/mc
2025-10-22 14:36:20.991 +02:00 [WRN] [BasicAuth] Missing Authorization header
2025-10-22 14:36:20.991 +02:00 [INF] BasicAuth was not authenticated. Failure message: Missing Authorization Header
2025-10-22 14:36:27.196 +02:00 [INF] [BasicAuth] Handling request for /api/status/discord
2025-10-22 14:36:27.196 +02:00 [WRN] [BasicAuth] Missing Authorization header
2025-10-22 14:36:27.197 +02:00 [INF] BasicAuth was not authenticated. Failure message: Missing Authorization Header
2025-10-22 14:36:27.930 +02:00 [INF] Processed 20 announcements from Discord
2025-10-22 14:39:47.586 +02:00 [INF] [BasicAuth] Handling request for /api/servers
2025-10-22 14:39:47.593 +02:00 [INF] [BasicAuth] User 'admin' authenticated successfully
2025-10-22 14:39:50.534 +02:00 [WRN] Compiling a query which loads related collections for more than one collection navigation, either via 'Include' or through projection, but no 'QuerySplittingBehavior' has been configured. By default, Entity Framework will use 'QuerySplittingBehavior.SingleQuery', which can potentially result in slow query performance. See https://go.microsoft.com/fwlink/?linkid=2134277 for more information. To identify the query that's triggering this warning call 'ConfigureWarnings(w => w.Throw(RelationalEventId.MultipleCollectionIncludeWarning))'.
2025-10-22 14:39:50.803 +02:00 [INF] Executed DbCommand (50ms) [Parameters=[], CommandType='"Text"', CommandTimeout='30']
SELECT `s`.`Id`, `s`.`Name`, `s`.`RCONIP`, `s`.`RCONPassword`, `s`.`RCONPort`, `k`.`Id`, `k`.`Description`, `k`.`Image`, `k`.`Name`, `k`.`Price`, `k`.`Sale`, `k`.`ServerId`, `s0`.`Id`, `s0`.`Description`, `s0`.`Image`, `s0`.`Name`, `s0`.`Price`, `s0`.`Sale`, `s0`.`ServerId`
FROM `Servers` AS `s`
LEFT JOIN `Keys` AS `k` ON `s`.`Id` = `k`.`ServerId`
LEFT JOIN `Shards` AS `s0` ON `s`.`Id` = `s0`.`ServerId`
ORDER BY `s`.`Id`, `k`.`Id`
2025-10-22 14:39:53.653 +02:00 [INF] [BasicAuth] Handling request for /api/servers
2025-10-22 14:39:53.654 +02:00 [INF] [BasicAuth] User 'admin' authenticated successfully
2025-10-22 14:39:53.774 +02:00 [INF] Executed DbCommand (16ms) [Parameters=[], CommandType='"Text"', CommandTimeout='30']
SELECT `s`.`Id`, `s`.`Name`, `s`.`RCONIP`, `s`.`RCONPassword`, `s`.`RCONPort`, `k`.`Id`, `k`.`Description`, `k`.`Image`, `k`.`Name`, `k`.`Price`, `k`.`Sale`, `k`.`ServerId`, `s0`.`Id`, `s0`.`Description`, `s0`.`Image`, `s0`.`Name`, `s0`.`Price`, `s0`.`Sale`, `s0`.`ServerId`
FROM `Servers` AS `s`
LEFT JOIN `Keys` AS `k` ON `s`.`Id` = `k`.`ServerId`
LEFT JOIN `Shards` AS `s0` ON `s`.`Id` = `s0`.`ServerId`
ORDER BY `s`.`Id`, `k`.`Id`
2025-10-22 14:39:53.862 +02:00 [INF] [BasicAuth] Handling request for /api/servers
2025-10-22 14:39:53.863 +02:00 [INF] [BasicAuth] User 'admin' authenticated successfully
2025-10-22 14:39:54.027 +02:00 [INF] Executed DbCommand (13ms) [Parameters=[], CommandType='"Text"', CommandTimeout='30']
SELECT `s`.`Id`, `s`.`Name`, `s`.`RCONIP`, `s`.`RCONPassword`, `s`.`RCONPort`, `k`.`Id`, `k`.`Description`, `k`.`Image`, `k`.`Name`, `k`.`Price`, `k`.`Sale`, `k`.`ServerId`, `s0`.`Id`, `s0`.`Description`, `s0`.`Image`, `s0`.`Name`, `s0`.`Price`, `s0`.`Sale`, `s0`.`ServerId`
FROM `Servers` AS `s`
LEFT JOIN `Keys` AS `k` ON `s`.`Id` = `k`.`ServerId`
LEFT JOIN `Shards` AS `s0` ON `s`.`Id` = `s0`.`ServerId`
ORDER BY `s`.`Id`, `k`.`Id`
2025-10-22 14:45:06.017 +02:00 [INF] [BasicAuth] Handling request for /api/servers
2025-10-22 14:45:06.017 +02:00 [WRN] [BasicAuth] Missing Authorization header
2025-10-22 14:45:06.017 +02:00 [INF] BasicAuth was not authenticated. Failure message: Missing Authorization Header
2025-10-22 14:45:06.131 +02:00 [INF] Executed DbCommand (12ms) [Parameters=[], CommandType='"Text"', CommandTimeout='30']
SELECT `s`.`Id`, `s`.`Name`, `s`.`RCONIP`, `s`.`RCONPassword`, `s`.`RCONPort`, `k`.`Id`, `k`.`Description`, `k`.`Image`, `k`.`Name`, `k`.`Price`, `k`.`Sale`, `k`.`ServerId`, `s0`.`Id`, `s0`.`Description`, `s0`.`Image`, `s0`.`Name`, `s0`.`Price`, `s0`.`Sale`, `s0`.`ServerId`
FROM `Servers` AS `s`
LEFT JOIN `Keys` AS `k` ON `s`.`Id` = `k`.`ServerId`
LEFT JOIN `Shards` AS `s0` ON `s`.`Id` = `s0`.`ServerId`
ORDER BY `s`.`Id`, `k`.`Id`
2025-10-22 14:45:06.202 +02:00 [INF] [BasicAuth] Handling request for /api/ranks
2025-10-22 14:45:06.202 +02:00 [WRN] [BasicAuth] Missing Authorization header
2025-10-22 14:45:06.203 +02:00 [INF] BasicAuth was not authenticated. Failure message: Missing Authorization Header
2025-10-22 14:45:06.294 +02:00 [INF] Executed DbCommand (12ms) [Parameters=[], CommandType='"Text"', CommandTimeout='30']
SELECT `r`.`Id`, `r`.`Description`, `r`.`Image`, `r`.`Name`, `r`.`Price`, `r`.`Sale`
FROM `Ranks` AS `r`
2025-10-22 14:45:06.422 +02:00 [INF] Executed DbCommand (12ms) [Parameters=[], CommandType='"Text"', CommandTimeout='30']
SELECT `c`.`Id`, `c`.`CommandText`, `c`.`Type`, `c`.`TypeId`
FROM `Commands` AS `c`
WHERE (`c`.`Type` = 'RANK') AND (`c`.`TypeId` = 2)
2025-10-22 14:45:08.620 +02:00 [INF] [BasicAuth] Handling request for /api/servers
2025-10-22 14:45:08.622 +02:00 [WRN] [BasicAuth] Missing Authorization header
2025-10-22 14:45:08.622 +02:00 [INF] BasicAuth was not authenticated. Failure message: Missing Authorization Header
2025-10-22 14:45:08.702 +02:00 [INF] Executed DbCommand (12ms) [Parameters=[], CommandType='"Text"', CommandTimeout='30']
SELECT `s`.`Id`, `s`.`Name`, `s`.`RCONIP`, `s`.`RCONPassword`, `s`.`RCONPort`, `k`.`Id`, `k`.`Description`, `k`.`Image`, `k`.`Name`, `k`.`Price`, `k`.`Sale`, `k`.`ServerId`, `s0`.`Id`, `s0`.`Description`, `s0`.`Image`, `s0`.`Name`, `s0`.`Price`, `s0`.`Sale`, `s0`.`ServerId`
FROM `Servers` AS `s`
LEFT JOIN `Keys` AS `k` ON `s`.`Id` = `k`.`ServerId`
LEFT JOIN `Shards` AS `s0` ON `s`.`Id` = `s0`.`ServerId`
ORDER BY `s`.`Id`, `k`.`Id`
2025-10-22 14:45:08.716 +02:00 [INF] [BasicAuth] Handling request for /api/ranks
2025-10-22 14:45:08.716 +02:00 [WRN] [BasicAuth] Missing Authorization header
2025-10-22 14:45:08.716 +02:00 [INF] BasicAuth was not authenticated. Failure message: Missing Authorization Header
2025-10-22 14:45:08.798 +02:00 [INF] Executed DbCommand (12ms) [Parameters=[], CommandType='"Text"', CommandTimeout='30']
SELECT `r`.`Id`, `r`.`Description`, `r`.`Image`, `r`.`Name`, `r`.`Price`, `r`.`Sale`
FROM `Ranks` AS `r`
2025-10-22 14:45:08.824 +02:00 [INF] Executed DbCommand (12ms) [Parameters=[], CommandType='"Text"', CommandTimeout='30']
SELECT `c`.`Id`, `c`.`CommandText`, `c`.`Type`, `c`.`TypeId`
FROM `Commands` AS `c`
WHERE (`c`.`Type` = 'RANK') AND (`c`.`TypeId` = 2)
2025-10-22 14:45:16.237 +02:00 [INF] [BasicAuth] Handling request for /api/servers
2025-10-22 14:45:16.238 +02:00 [INF] [BasicAuth] User 'admin' authenticated successfully
2025-10-22 14:45:16.316 +02:00 [INF] Executed DbCommand (12ms) [Parameters=[], CommandType='"Text"', CommandTimeout='30']
SELECT `s`.`Id`, `s`.`Name`, `s`.`RCONIP`, `s`.`RCONPassword`, `s`.`RCONPort`, `k`.`Id`, `k`.`Description`, `k`.`Image`, `k`.`Name`, `k`.`Price`, `k`.`Sale`, `k`.`ServerId`, `s0`.`Id`, `s0`.`Description`, `s0`.`Image`, `s0`.`Name`, `s0`.`Price`, `s0`.`Sale`, `s0`.`ServerId`
FROM `Servers` AS `s`
LEFT JOIN `Keys` AS `k` ON `s`.`Id` = `k`.`ServerId`
LEFT JOIN `Shards` AS `s0` ON `s`.`Id` = `s0`.`ServerId`
ORDER BY `s`.`Id`, `k`.`Id`
2025-10-22 14:45:17.878 +02:00 [INF] [BasicAuth] Handling request for /api/servers
2025-10-22 14:45:17.878 +02:00 [INF] [BasicAuth] User 'admin' authenticated successfully
2025-10-22 14:45:17.957 +02:00 [INF] Executed DbCommand (12ms) [Parameters=[], CommandType='"Text"', CommandTimeout='30']
SELECT `s`.`Id`, `s`.`Name`, `s`.`RCONIP`, `s`.`RCONPassword`, `s`.`RCONPort`, `k`.`Id`, `k`.`Description`, `k`.`Image`, `k`.`Name`, `k`.`Price`, `k`.`Sale`, `k`.`ServerId`, `s0`.`Id`, `s0`.`Description`, `s0`.`Image`, `s0`.`Name`, `s0`.`Price`, `s0`.`Sale`, `s0`.`ServerId`
FROM `Servers` AS `s`
LEFT JOIN `Keys` AS `k` ON `s`.`Id` = `k`.`ServerId`
LEFT JOIN `Shards` AS `s0` ON `s`.`Id` = `s0`.`ServerId`
ORDER BY `s`.`Id`, `k`.`Id`
2025-10-22 14:45:17.963 +02:00 [INF] [BasicAuth] Handling request for /api/ranks
2025-10-22 14:45:17.963 +02:00 [INF] [BasicAuth] User 'admin' authenticated successfully
2025-10-22 14:45:18.041 +02:00 [INF] Executed DbCommand (12ms) [Parameters=[], CommandType='"Text"', CommandTimeout='30']
SELECT `r`.`Id`, `r`.`Description`, `r`.`Image`, `r`.`Name`, `r`.`Price`, `r`.`Sale`
FROM `Ranks` AS `r`
2025-10-22 14:45:18.067 +02:00 [INF] Executed DbCommand (12ms) [Parameters=[], CommandType='"Text"', CommandTimeout='30']
SELECT `c`.`Id`, `c`.`CommandText`, `c`.`Type`, `c`.`TypeId`
FROM `Commands` AS `c`
WHERE (`c`.`Type` = 'RANK') AND (`c`.`TypeId` = 2)
2025-10-22 14:45:18.098 +02:00 [INF] [BasicAuth] Handling request for /api/servers
2025-10-22 14:45:18.100 +02:00 [INF] [BasicAuth] User 'admin' authenticated successfully
2025-10-22 14:45:18.176 +02:00 [INF] Executed DbCommand (12ms) [Parameters=[], CommandType='"Text"', CommandTimeout='30']
SELECT `s`.`Id`, `s`.`Name`, `s`.`RCONIP`, `s`.`RCONPassword`, `s`.`RCONPort`, `k`.`Id`, `k`.`Description`, `k`.`Image`, `k`.`Name`, `k`.`Price`, `k`.`Sale`, `k`.`ServerId`, `s0`.`Id`, `s0`.`Description`, `s0`.`Image`, `s0`.`Name`, `s0`.`Price`, `s0`.`Sale`, `s0`.`ServerId`
FROM `Servers` AS `s`
LEFT JOIN `Keys` AS `k` ON `s`.`Id` = `k`.`ServerId`
LEFT JOIN `Shards` AS `s0` ON `s`.`Id` = `s0`.`ServerId`
ORDER BY `s`.`Id`, `k`.`Id`
2025-10-22 14:45:18.182 +02:00 [INF] [BasicAuth] Handling request for /api/ranks
2025-10-22 14:45:18.182 +02:00 [INF] [BasicAuth] User 'admin' authenticated successfully
2025-10-22 14:45:18.256 +02:00 [INF] Executed DbCommand (12ms) [Parameters=[], CommandType='"Text"', CommandTimeout='30']
SELECT `r`.`Id`, `r`.`Description`, `r`.`Image`, `r`.`Name`, `r`.`Price`, `r`.`Sale`
FROM `Ranks` AS `r`
2025-10-22 14:45:18.288 +02:00 [INF] Executed DbCommand (12ms) [Parameters=[], CommandType='"Text"', CommandTimeout='30']
SELECT `c`.`Id`, `c`.`CommandText`, `c`.`Type`, `c`.`TypeId`
FROM `Commands` AS `c`
WHERE (`c`.`Type` = 'RANK') AND (`c`.`TypeId` = 2)
2025-10-22 14:45:26.833 +02:00 [INF] [BasicAuth] Handling request for /api/ranks
2025-10-22 14:45:26.836 +02:00 [INF] [BasicAuth] User 'admin' authenticated successfully
2025-10-22 14:45:26.914 +02:00 [INF] Executed DbCommand (12ms) [Parameters=[], CommandType='"Text"', CommandTimeout='30']
SELECT `r`.`Id`, `r`.`Description`, `r`.`Image`, `r`.`Name`, `r`.`Price`, `r`.`Sale`
FROM `Ranks` AS `r`
2025-10-22 14:45:26.939 +02:00 [INF] Executed DbCommand (12ms) [Parameters=[], CommandType='"Text"', CommandTimeout='30']
SELECT `c`.`Id`, `c`.`CommandText`, `c`.`Type`, `c`.`TypeId`
FROM `Commands` AS `c`
WHERE (`c`.`Type` = 'RANK') AND (`c`.`TypeId` = 2)
2025-10-22 14:45:26.975 +02:00 [INF] [BasicAuth] Handling request for /api/ranks
2025-10-22 14:45:26.979 +02:00 [INF] [BasicAuth] User 'admin' authenticated successfully
2025-10-22 14:45:27.062 +02:00 [INF] Executed DbCommand (12ms) [Parameters=[], CommandType='"Text"', CommandTimeout='30']
SELECT `r`.`Id`, `r`.`Description`, `r`.`Image`, `r`.`Name`, `r`.`Price`, `r`.`Sale`
FROM `Ranks` AS `r`
2025-10-22 14:45:27.088 +02:00 [INF] Executed DbCommand (12ms) [Parameters=[], CommandType='"Text"', CommandTimeout='30']
SELECT `c`.`Id`, `c`.`CommandText`, `c`.`Type`, `c`.`TypeId`
FROM `Commands` AS `c`
WHERE (`c`.`Type` = 'RANK') AND (`c`.`TypeId` = 2)
2025-10-22 14:45:28.999 +02:00 [INF] [BasicAuth] Handling request for /api/bundles
2025-10-22 14:45:28.999 +02:00 [INF] [BasicAuth] User 'admin' authenticated successfully
2025-10-22 14:45:29.021 +02:00 [INF] [BasicAuth] Handling request for /api/servers
2025-10-22 14:45:29.021 +02:00 [INF] [BasicAuth] User 'admin' authenticated successfully
2025-10-22 14:45:29.101 +02:00 [INF] Executed DbCommand (12ms) [Parameters=[], CommandType='"Text"', CommandTimeout='30']
SELECT `s`.`Id`, `s`.`Name`, `s`.`RCONIP`, `s`.`RCONPassword`, `s`.`RCONPort`, `k`.`Id`, `k`.`Description`, `k`.`Image`, `k`.`Name`, `k`.`Price`, `k`.`Sale`, `k`.`ServerId`, `s0`.`Id`, `s0`.`Description`, `s0`.`Image`, `s0`.`Name`, `s0`.`Price`, `s0`.`Sale`, `s0`.`ServerId`
FROM `Servers` AS `s`
LEFT JOIN `Keys` AS `k` ON `s`.`Id` = `k`.`ServerId`
LEFT JOIN `Shards` AS `s0` ON `s`.`Id` = `s0`.`ServerId`
ORDER BY `s`.`Id`, `k`.`Id`
2025-10-22 14:45:29.129 +02:00 [INF] Executed DbCommand (12ms) [Parameters=[], CommandType='"Text"', CommandTimeout='30']
SELECT `b`.`Id`, `b`.`Description`, `b`.`Image`, `b`.`Name`, `b`.`Price`, `b`.`Sale`, `b`.`ServerId`, `s`.`Id`, `s`.`Name`, `s`.`RCONIP`, `s`.`RCONPassword`, `s`.`RCONPort`
FROM `Bundles` AS `b`
INNER JOIN `Servers` AS `s` ON `b`.`ServerId` = `s`.`Id`
2025-10-22 14:45:29.185 +02:00 [INF] Executed DbCommand (11ms) [Parameters=[], CommandType='"Text"', CommandTimeout='30']
SELECT `c`.`Id`, `c`.`CommandText`, `c`.`Type`, `c`.`TypeId`
FROM `Commands` AS `c`
WHERE (`c`.`Type` = 'BUNDLE') AND (`c`.`TypeId` = 2)
2025-10-22 14:45:29.222 +02:00 [INF] [BasicAuth] Handling request for /api/bundles
2025-10-22 14:45:29.223 +02:00 [INF] [BasicAuth] User 'admin' authenticated successfully
2025-10-22 14:45:29.224 +02:00 [INF] [BasicAuth] Handling request for /api/servers
2025-10-22 14:45:29.226 +02:00 [INF] [BasicAuth] User 'admin' authenticated successfully
2025-10-22 14:45:29.297 +02:00 [INF] Executed DbCommand (12ms) [Parameters=[], CommandType='"Text"', CommandTimeout='30']
SELECT `b`.`Id`, `b`.`Description`, `b`.`Image`, `b`.`Name`, `b`.`Price`, `b`.`Sale`, `b`.`ServerId`, `s`.`Id`, `s`.`Name`, `s`.`RCONIP`, `s`.`RCONPassword`, `s`.`RCONPort`
FROM `Bundles` AS `b`
INNER JOIN `Servers` AS `s` ON `b`.`ServerId` = `s`.`Id`
2025-10-22 14:45:29.324 +02:00 [INF] Executed DbCommand (12ms) [Parameters=[], CommandType='"Text"', CommandTimeout='30']
SELECT `c`.`Id`, `c`.`CommandText`, `c`.`Type`, `c`.`TypeId`
FROM `Commands` AS `c`
WHERE (`c`.`Type` = 'BUNDLE') AND (`c`.`TypeId` = 2)
2025-10-22 14:45:29.338 +02:00 [INF] Executed DbCommand (14ms) [Parameters=[], CommandType='"Text"', CommandTimeout='30']
SELECT `s`.`Id`, `s`.`Name`, `s`.`RCONIP`, `s`.`RCONPassword`, `s`.`RCONPort`, `k`.`Id`, `k`.`Description`, `k`.`Image`, `k`.`Name`, `k`.`Price`, `k`.`Sale`, `k`.`ServerId`, `s0`.`Id`, `s0`.`Description`, `s0`.`Image`, `s0`.`Name`, `s0`.`Price`, `s0`.`Sale`, `s0`.`ServerId`
FROM `Servers` AS `s`
LEFT JOIN `Keys` AS `k` ON `s`.`Id` = `k`.`ServerId`
LEFT JOIN `Shards` AS `s0` ON `s`.`Id` = `s0`.`ServerId`
ORDER BY `s`.`Id`, `k`.`Id`
2025-10-22 14:45:31.712 +02:00 [INF] [BasicAuth] Handling request for /api/bundles/2
2025-10-22 14:45:31.713 +02:00 [INF] [BasicAuth] Handling request for /api/servers
2025-10-22 14:45:31.717 +02:00 [INF] [BasicAuth] User 'admin' authenticated successfully
2025-10-22 14:45:31.716 +02:00 [INF] [BasicAuth] User 'admin' authenticated successfully
2025-10-22 14:45:31.793 +02:00 [INF] Executed DbCommand (13ms) [Parameters=[], CommandType='"Text"', CommandTimeout='30']
SELECT `s`.`Id`, `s`.`Name`, `s`.`RCONIP`, `s`.`RCONPassword`, `s`.`RCONPort`, `k`.`Id`, `k`.`Description`, `k`.`Image`, `k`.`Name`, `k`.`Price`, `k`.`Sale`, `k`.`ServerId`, `s0`.`Id`, `s0`.`Description`, `s0`.`Image`, `s0`.`Name`, `s0`.`Price`, `s0`.`Sale`, `s0`.`ServerId`
FROM `Servers` AS `s`
LEFT JOIN `Keys` AS `k` ON `s`.`Id` = `k`.`ServerId`
LEFT JOIN `Shards` AS `s0` ON `s`.`Id` = `s0`.`ServerId`
ORDER BY `s`.`Id`, `k`.`Id`
2025-10-22 14:45:32.093 +02:00 [INF] Executed DbCommand (111ms) [Parameters=[@__id_0='?' (DbType = Int32)], CommandType='"Text"', CommandTimeout='30']
SELECT `b`.`Id`, `b`.`Description`, `b`.`Image`, `b`.`Name`, `b`.`Price`, `b`.`Sale`, `b`.`ServerId`, `s`.`Id`, `s`.`Name`, `s`.`RCONIP`, `s`.`RCONPassword`, `s`.`RCONPort`
FROM `Bundles` AS `b`
INNER JOIN `Servers` AS `s` ON `b`.`ServerId` = `s`.`Id`
WHERE `b`.`Id` = @__id_0
LIMIT 1
2025-10-22 14:45:32.145 +02:00 [INF] Executed DbCommand (12ms) [Parameters=[@__bundle_Id_0='?' (DbType = Int32)], CommandType='"Text"', CommandTimeout='30']
SELECT `c`.`Id`, `c`.`CommandText`, `c`.`Type`, `c`.`TypeId`
FROM `Commands` AS `c`
WHERE (`c`.`Type` = 'BUNDLE') AND (`c`.`TypeId` = @__bundle_Id_0)
2025-10-22 14:45:32.404 +02:00 [INF] [BasicAuth] Handling request for /api/servers
2025-10-22 14:45:32.407 +02:00 [INF] [BasicAuth] Handling request for /api/bundles/2
2025-10-22 14:45:32.409 +02:00 [INF] [BasicAuth] User 'admin' authenticated successfully
2025-10-22 14:45:32.410 +02:00 [INF] [BasicAuth] User 'admin' authenticated successfully
2025-10-22 14:45:32.493 +02:00 [INF] Executed DbCommand (12ms) [Parameters=[@__id_0='?' (DbType = Int32)], CommandType='"Text"', CommandTimeout='30']
SELECT `b`.`Id`, `b`.`Description`, `b`.`Image`, `b`.`Name`, `b`.`Price`, `b`.`Sale`, `b`.`ServerId`, `s`.`Id`, `s`.`Name`, `s`.`RCONIP`, `s`.`RCONPassword`, `s`.`RCONPort`
FROM `Bundles` AS `b`
INNER JOIN `Servers` AS `s` ON `b`.`ServerId` = `s`.`Id`
WHERE `b`.`Id` = @__id_0
LIMIT 1
2025-10-22 14:45:32.498 +02:00 [INF] Executed DbCommand (14ms) [Parameters=[], CommandType='"Text"', CommandTimeout='30']
SELECT `s`.`Id`, `s`.`Name`, `s`.`RCONIP`, `s`.`RCONPassword`, `s`.`RCONPort`, `k`.`Id`, `k`.`Description`, `k`.`Image`, `k`.`Name`, `k`.`Price`, `k`.`Sale`, `k`.`ServerId`, `s0`.`Id`, `s0`.`Description`, `s0`.`Image`, `s0`.`Name`, `s0`.`Price`, `s0`.`Sale`, `s0`.`ServerId`
FROM `Servers` AS `s`
LEFT JOIN `Keys` AS `k` ON `s`.`Id` = `k`.`ServerId`
LEFT JOIN `Shards` AS `s0` ON `s`.`Id` = `s0`.`ServerId`
ORDER BY `s`.`Id`, `k`.`Id`
2025-10-22 14:45:32.519 +02:00 [INF] Executed DbCommand (12ms) [Parameters=[@__bundle_Id_0='?' (DbType = Int32)], CommandType='"Text"', CommandTimeout='30']
SELECT `c`.`Id`, `c`.`CommandText`, `c`.`Type`, `c`.`TypeId`
FROM `Commands` AS `c`
WHERE (`c`.`Type` = 'BUNDLE') AND (`c`.`TypeId` = @__bundle_Id_0)
2025-10-22 14:45:39.821 +02:00 [INF] [BasicAuth] Handling request for /api/bundles/2
2025-10-22 14:45:39.823 +02:00 [INF] [BasicAuth] User 'admin' authenticated successfully
2025-10-22 14:45:39.952 +02:00 [INF] Executed DbCommand (12ms) [Parameters=[@__id_0='?' (DbType = Int32)], CommandType='"Text"', CommandTimeout='30']
SELECT `b`.`Id`, `b`.`Description`, `b`.`Image`, `b`.`Name`, `b`.`Price`, `b`.`Sale`, `b`.`ServerId`, `s`.`Id`, `s`.`Name`, `s`.`RCONIP`, `s`.`RCONPassword`, `s`.`RCONPort`
FROM `Bundles` AS `b`
INNER JOIN `Servers` AS `s` ON `b`.`ServerId` = `s`.`Id`
WHERE `b`.`Id` = @__id_0
LIMIT 1
2025-10-22 14:45:40.005 +02:00 [INF] Executed DbCommand (12ms) [Parameters=[@__updateBundleDto_ServerId_0='?' (DbType = Int32)], CommandType='"Text"', CommandTimeout='30']
SELECT EXISTS (
    SELECT 1
    FROM `Servers` AS `s`
    WHERE `s`.`Id` = @__updateBundleDto_ServerId_0)
2025-10-22 14:45:40.039 +02:00 [INF] Executed DbCommand (12ms) [Parameters=[@__bundle_Id_0='?' (DbType = Int32)], CommandType='"Text"', CommandTimeout='30']
SELECT `c`.`Id`, `c`.`CommandText`, `c`.`Type`, `c`.`TypeId`
FROM `Commands` AS `c`
WHERE (`c`.`Type` = 'BUNDLE') AND (`c`.`TypeId` = @__bundle_Id_0)
2025-10-22 14:45:40.383 +02:00 [INF] Executed DbCommand (13ms) [Parameters=[@p1='?' (DbType = Int32), @p0='?' (DbType = Int32), @p2='?' (DbType = Int32), @p3='?' (DbType = Int32), @p4='?' (Size = 4000), @p5='?' (Size = 4000), @p6='?' (DbType = Int32), @p7='?' (Size = 4000), @p8='?' (Size = 4000), @p9='?' (DbType = Int32)], CommandType='"Text"', CommandTimeout='30']
UPDATE `Bundles` SET `ServerId` = @p0
WHERE `Id` = @p1;
SELECT ROW_COUNT();

DELETE FROM `Commands`
WHERE `Id` = @p2
RETURNING 1;
DELETE FROM `Commands`
WHERE `Id` = @p3
RETURNING 1;
INSERT INTO `Commands` (`CommandText`, `Type`, `TypeId`)
VALUES (@p4, @p5, @p6)
RETURNING `Id`;
INSERT INTO `Commands` (`CommandText`, `Type`, `TypeId`)
VALUES (@p7, @p8, @p9)
RETURNING `Id`;
2025-10-22 14:45:40.475 +02:00 [INF] Executed DbCommand (12ms) [Parameters=[@__bundle_Id_0='?' (DbType = Int32)], CommandType='"Text"', CommandTimeout='30']
SELECT `c`.`Id`, `c`.`CommandText`, `c`.`Type`, `c`.`TypeId`
FROM `Commands` AS `c`
WHERE (`c`.`Type` = 'BUNDLE') AND (`c`.`TypeId` = @__bundle_Id_0)
2025-10-22 14:45:42.041 +02:00 [INF] [BasicAuth] Handling request for /api/bundles
2025-10-22 14:45:42.041 +02:00 [INF] [BasicAuth] Handling request for /api/servers
2025-10-22 14:45:42.043 +02:00 [INF] [BasicAuth] User 'admin' authenticated successfully
2025-10-22 14:45:42.042 +02:00 [INF] [BasicAuth] User 'admin' authenticated successfully
2025-10-22 14:45:42.127 +02:00 [INF] Executed DbCommand (20ms) [Parameters=[], CommandType='"Text"', CommandTimeout='30']
SELECT `b`.`Id`, `b`.`Description`, `b`.`Image`, `b`.`Name`, `b`.`Price`, `b`.`Sale`, `b`.`ServerId`, `s`.`Id`, `s`.`Name`, `s`.`RCONIP`, `s`.`RCONPassword`, `s`.`RCONPort`
FROM `Bundles` AS `b`
INNER JOIN `Servers` AS `s` ON `b`.`ServerId` = `s`.`Id`
2025-10-22 14:45:42.128 +02:00 [INF] Executed DbCommand (20ms) [Parameters=[], CommandType='"Text"', CommandTimeout='30']
SELECT `s`.`Id`, `s`.`Name`, `s`.`RCONIP`, `s`.`RCONPassword`, `s`.`RCONPort`, `k`.`Id`, `k`.`Description`, `k`.`Image`, `k`.`Name`, `k`.`Price`, `k`.`Sale`, `k`.`ServerId`, `s0`.`Id`, `s0`.`Description`, `s0`.`Image`, `s0`.`Name`, `s0`.`Price`, `s0`.`Sale`, `s0`.`ServerId`
FROM `Servers` AS `s`
LEFT JOIN `Keys` AS `k` ON `s`.`Id` = `k`.`ServerId`
LEFT JOIN `Shards` AS `s0` ON `s`.`Id` = `s0`.`ServerId`
ORDER BY `s`.`Id`, `k`.`Id`
2025-10-22 14:45:42.158 +02:00 [INF] Executed DbCommand (13ms) [Parameters=[], CommandType='"Text"', CommandTimeout='30']
SELECT `c`.`Id`, `c`.`CommandText`, `c`.`Type`, `c`.`TypeId`
FROM `Commands` AS `c`
WHERE (`c`.`Type` = 'BUNDLE') AND (`c`.`TypeId` = 2)
2025-10-22 14:45:42.212 +02:00 [INF] [BasicAuth] Handling request for /api/bundles
2025-10-22 14:45:42.215 +02:00 [INF] [BasicAuth] User 'admin' authenticated successfully
2025-10-22 14:45:42.216 +02:00 [INF] [BasicAuth] Handling request for /api/servers
2025-10-22 14:45:42.218 +02:00 [INF] [BasicAuth] User 'admin' authenticated successfully
2025-10-22 14:45:42.294 +02:00 [INF] Executed DbCommand (12ms) [Parameters=[], CommandType='"Text"', CommandTimeout='30']
SELECT `b`.`Id`, `b`.`Description`, `b`.`Image`, `b`.`Name`, `b`.`Price`, `b`.`Sale`, `b`.`ServerId`, `s`.`Id`, `s`.`Name`, `s`.`RCONIP`, `s`.`RCONPassword`, `s`.`RCONPort`
FROM `Bundles` AS `b`
INNER JOIN `Servers` AS `s` ON `b`.`ServerId` = `s`.`Id`
2025-10-22 14:45:42.295 +02:00 [INF] Executed DbCommand (12ms) [Parameters=[], CommandType='"Text"', CommandTimeout='30']
SELECT `s`.`Id`, `s`.`Name`, `s`.`RCONIP`, `s`.`RCONPassword`, `s`.`RCONPort`, `k`.`Id`, `k`.`Description`, `k`.`Image`, `k`.`Name`, `k`.`Price`, `k`.`Sale`, `k`.`ServerId`, `s0`.`Id`, `s0`.`Description`, `s0`.`Image`, `s0`.`Name`, `s0`.`Price`, `s0`.`Sale`, `s0`.`ServerId`
FROM `Servers` AS `s`
LEFT JOIN `Keys` AS `k` ON `s`.`Id` = `k`.`ServerId`
LEFT JOIN `Shards` AS `s0` ON `s`.`Id` = `s0`.`ServerId`
ORDER BY `s`.`Id`, `k`.`Id`
2025-10-22 14:45:42.320 +02:00 [INF] Executed DbCommand (12ms) [Parameters=[], CommandType='"Text"', CommandTimeout='30']
SELECT `c`.`Id`, `c`.`CommandText`, `c`.`Type`, `c`.`TypeId`
FROM `Commands` AS `c`
WHERE (`c`.`Type` = 'BUNDLE') AND (`c`.`TypeId` = 2)
2025-10-22 14:45:43.382 +02:00 [INF] [BasicAuth] Handling request for /api/servers
2025-10-22 14:45:43.383 +02:00 [INF] [BasicAuth] User 'admin' authenticated successfully
2025-10-22 14:45:43.465 +02:00 [INF] Executed DbCommand (15ms) [Parameters=[], CommandType='"Text"', CommandTimeout='30']
SELECT `s`.`Id`, `s`.`Name`, `s`.`RCONIP`, `s`.`RCONPassword`, `s`.`RCONPort`, `k`.`Id`, `k`.`Description`, `k`.`Image`, `k`.`Name`, `k`.`Price`, `k`.`Sale`, `k`.`ServerId`, `s0`.`Id`, `s0`.`Description`, `s0`.`Image`, `s0`.`Name`, `s0`.`Price`, `s0`.`Sale`, `s0`.`ServerId`
FROM `Servers` AS `s`
LEFT JOIN `Keys` AS `k` ON `s`.`Id` = `k`.`ServerId`
LEFT JOIN `Shards` AS `s0` ON `s`.`Id` = `s0`.`ServerId`
ORDER BY `s`.`Id`, `k`.`Id`
2025-10-22 14:45:43.470 +02:00 [INF] [BasicAuth] Handling request for /api/ranks
2025-10-22 14:45:43.470 +02:00 [INF] [BasicAuth] User 'admin' authenticated successfully
2025-10-22 14:45:43.553 +02:00 [INF] Executed DbCommand (12ms) [Parameters=[], CommandType='"Text"', CommandTimeout='30']
SELECT `r`.`Id`, `r`.`Description`, `r`.`Image`, `r`.`Name`, `r`.`Price`, `r`.`Sale`
FROM `Ranks` AS `r`
2025-10-22 14:45:43.580 +02:00 [INF] Executed DbCommand (12ms) [Parameters=[], CommandType='"Text"', CommandTimeout='30']
SELECT `c`.`Id`, `c`.`CommandText`, `c`.`Type`, `c`.`TypeId`
FROM `Commands` AS `c`
WHERE (`c`.`Type` = 'RANK') AND (`c`.`TypeId` = 2)
2025-10-22 14:45:43.622 +02:00 [INF] [BasicAuth] Handling request for /api/servers
2025-10-22 14:45:43.622 +02:00 [INF] [BasicAuth] User 'admin' authenticated successfully
2025-10-22 14:45:43.698 +02:00 [INF] Executed DbCommand (12ms) [Parameters=[], CommandType='"Text"', CommandTimeout='30']
SELECT `s`.`Id`, `s`.`Name`, `s`.`RCONIP`, `s`.`RCONPassword`, `s`.`RCONPort`, `k`.`Id`, `k`.`Description`, `k`.`Image`, `k`.`Name`, `k`.`Price`, `k`.`Sale`, `k`.`ServerId`, `s0`.`Id`, `s0`.`Description`, `s0`.`Image`, `s0`.`Name`, `s0`.`Price`, `s0`.`Sale`, `s0`.`ServerId`
FROM `Servers` AS `s`
LEFT JOIN `Keys` AS `k` ON `s`.`Id` = `k`.`ServerId`
LEFT JOIN `Shards` AS `s0` ON `s`.`Id` = `s0`.`ServerId`
ORDER BY `s`.`Id`, `k`.`Id`
2025-10-22 14:45:43.700 +02:00 [INF] [BasicAuth] Handling request for /api/ranks
2025-10-22 14:45:43.700 +02:00 [INF] [BasicAuth] User 'admin' authenticated successfully
2025-10-22 14:45:43.776 +02:00 [INF] Executed DbCommand (12ms) [Parameters=[], CommandType='"Text"', CommandTimeout='30']
SELECT `r`.`Id`, `r`.`Description`, `r`.`Image`, `r`.`Name`, `r`.`Price`, `r`.`Sale`
FROM `Ranks` AS `r`
2025-10-22 14:45:43.805 +02:00 [INF] Executed DbCommand (12ms) [Parameters=[], CommandType='"Text"', CommandTimeout='30']
SELECT `c`.`Id`, `c`.`CommandText`, `c`.`Type`, `c`.`TypeId`
FROM `Commands` AS `c`
WHERE (`c`.`Type` = 'RANK') AND (`c`.`TypeId` = 2)
2025-10-22 14:45:50.828 +02:00 [INF] [BasicAuth] Handling request for /api/shards
2025-10-22 14:45:50.829 +02:00 [INF] [BasicAuth] User 'admin' authenticated successfully
2025-10-22 14:45:50.931 +02:00 [INF] Executed DbCommand (13ms) [Parameters=[], CommandType='"Text"', CommandTimeout='30']
SELECT `s`.`Id`, `s`.`Description`, `s`.`Image`, `s`.`Name`, `s`.`Price`, `s`.`Sale`, `s`.`ServerId`, `s0`.`Id`, `s0`.`Name`, `s0`.`RCONIP`, `s0`.`RCONPassword`, `s0`.`RCONPort`
FROM `Shards` AS `s`
INNER JOIN `Servers` AS `s0` ON `s`.`ServerId` = `s0`.`Id`
2025-10-22 14:45:50.967 +02:00 [INF] Executed DbCommand (12ms) [Parameters=[], CommandType='"Text"', CommandTimeout='30']
SELECT `c`.`Id`, `c`.`CommandText`, `c`.`Type`, `c`.`TypeId`
FROM `Commands` AS `c`
WHERE (`c`.`Type` = 'SHARD') AND `c`.`TypeId` IN (1, 2)
2025-10-22 14:45:51.004 +02:00 [INF] [BasicAuth] Handling request for /api/shards
2025-10-22 14:45:51.005 +02:00 [INF] [BasicAuth] User 'admin' authenticated successfully
2025-10-22 14:45:51.079 +02:00 [INF] Executed DbCommand (12ms) [Parameters=[], CommandType='"Text"', CommandTimeout='30']
SELECT `s`.`Id`, `s`.`Description`, `s`.`Image`, `s`.`Name`, `s`.`Price`, `s`.`Sale`, `s`.`ServerId`, `s0`.`Id`, `s0`.`Name`, `s0`.`RCONIP`, `s0`.`RCONPassword`, `s0`.`RCONPort`
FROM `Shards` AS `s`
INNER JOIN `Servers` AS `s0` ON `s`.`ServerId` = `s0`.`Id`
2025-10-22 14:45:51.106 +02:00 [INF] Executed DbCommand (14ms) [Parameters=[], CommandType='"Text"', CommandTimeout='30']
SELECT `c`.`Id`, `c`.`CommandText`, `c`.`Type`, `c`.`TypeId`
FROM `Commands` AS `c`
WHERE (`c`.`Type` = 'SHARD') AND `c`.`TypeId` IN (1, 2)
2025-10-22 14:45:52.375 +02:00 [INF] [BasicAuth] Handling request for /api/keys
2025-10-22 14:45:52.376 +02:00 [INF] [BasicAuth] User 'admin' authenticated successfully
2025-10-22 14:45:52.380 +02:00 [INF] [BasicAuth] Handling request for /api/servers
2025-10-22 14:45:52.380 +02:00 [INF] [BasicAuth] User 'admin' authenticated successfully
2025-10-22 14:45:52.458 +02:00 [INF] Executed DbCommand (12ms) [Parameters=[], CommandType='"Text"', CommandTimeout='30']
SELECT `s`.`Id`, `s`.`Name`, `s`.`RCONIP`, `s`.`RCONPassword`, `s`.`RCONPort`, `k`.`Id`, `k`.`Description`, `k`.`Image`, `k`.`Name`, `k`.`Price`, `k`.`Sale`, `k`.`ServerId`, `s0`.`Id`, `s0`.`Description`, `s0`.`Image`, `s0`.`Name`, `s0`.`Price`, `s0`.`Sale`, `s0`.`ServerId`
FROM `Servers` AS `s`
LEFT JOIN `Keys` AS `k` ON `s`.`Id` = `k`.`ServerId`
LEFT JOIN `Shards` AS `s0` ON `s`.`Id` = `s0`.`ServerId`
ORDER BY `s`.`Id`, `k`.`Id`
2025-10-22 14:45:52.483 +02:00 [INF] Executed DbCommand (12ms) [Parameters=[], CommandType='"Text"', CommandTimeout='30']
SELECT `k`.`Id`, `k`.`Description`, `k`.`Image`, `k`.`Name`, `k`.`Price`, `k`.`Sale`, `k`.`ServerId`, `s`.`Id`, `s`.`Name`, `s`.`RCONIP`, `s`.`RCONPassword`, `s`.`RCONPort`
FROM `Keys` AS `k`
INNER JOIN `Servers` AS `s` ON `k`.`ServerId` = `s`.`Id`
2025-10-22 14:45:52.520 +02:00 [INF] Executed DbCommand (12ms) [Parameters=[], CommandType='"Text"', CommandTimeout='30']
SELECT `c`.`Id`, `c`.`CommandText`, `c`.`Type`, `c`.`TypeId`
FROM `Commands` AS `c`
WHERE (`c`.`Type` = 'KEY') AND `c`.`TypeId` IN (6, 7, 8, 9)
2025-10-22 14:45:52.578 +02:00 [INF] [BasicAuth] Handling request for /api/keys
2025-10-22 14:45:52.579 +02:00 [INF] [BasicAuth] User 'admin' authenticated successfully
2025-10-22 14:45:52.578 +02:00 [INF] [BasicAuth] Handling request for /api/servers
2025-10-22 14:45:52.580 +02:00 [INF] [BasicAuth] User 'admin' authenticated successfully
2025-10-22 14:45:52.654 +02:00 [INF] Executed DbCommand (12ms) [Parameters=[], CommandType='"Text"', CommandTimeout='30']
SELECT `k`.`Id`, `k`.`Description`, `k`.`Image`, `k`.`Name`, `k`.`Price`, `k`.`Sale`, `k`.`ServerId`, `s`.`Id`, `s`.`Name`, `s`.`RCONIP`, `s`.`RCONPassword`, `s`.`RCONPort`
FROM `Keys` AS `k`
INNER JOIN `Servers` AS `s` ON `k`.`ServerId` = `s`.`Id`
2025-10-22 14:45:52.658 +02:00 [INF] Executed DbCommand (12ms) [Parameters=[], CommandType='"Text"', CommandTimeout='30']
SELECT `s`.`Id`, `s`.`Name`, `s`.`RCONIP`, `s`.`RCONPassword`, `s`.`RCONPort`, `k`.`Id`, `k`.`Description`, `k`.`Image`, `k`.`Name`, `k`.`Price`, `k`.`Sale`, `k`.`ServerId`, `s0`.`Id`, `s0`.`Description`, `s0`.`Image`, `s0`.`Name`, `s0`.`Price`, `s0`.`Sale`, `s0`.`ServerId`
FROM `Servers` AS `s`
LEFT JOIN `Keys` AS `k` ON `s`.`Id` = `k`.`ServerId`
LEFT JOIN `Shards` AS `s0` ON `s`.`Id` = `s0`.`ServerId`
ORDER BY `s`.`Id`, `k`.`Id`
2025-10-22 14:45:52.689 +02:00 [INF] Executed DbCommand (12ms) [Parameters=[], CommandType='"Text"', CommandTimeout='30']
SELECT `c`.`Id`, `c`.`CommandText`, `c`.`Type`, `c`.`TypeId`
FROM `Commands` AS `c`
WHERE (`c`.`Type` = 'KEY') AND `c`.`TypeId` IN (6, 7, 8, 9)
2025-10-22 14:45:53.516 +02:00 [INF] [BasicAuth] Handling request for /api/servers
2025-10-22 14:45:53.516 +02:00 [INF] [BasicAuth] User 'admin' authenticated successfully
2025-10-22 14:45:53.592 +02:00 [INF] Executed DbCommand (12ms) [Parameters=[], CommandType='"Text"', CommandTimeout='30']
SELECT `s`.`Id`, `s`.`Name`, `s`.`RCONIP`, `s`.`RCONPassword`, `s`.`RCONPort`, `k`.`Id`, `k`.`Description`, `k`.`Image`, `k`.`Name`, `k`.`Price`, `k`.`Sale`, `k`.`ServerId`, `s0`.`Id`, `s0`.`Description`, `s0`.`Image`, `s0`.`Name`, `s0`.`Price`, `s0`.`Sale`, `s0`.`ServerId`
FROM `Servers` AS `s`
LEFT JOIN `Keys` AS `k` ON `s`.`Id` = `k`.`ServerId`
LEFT JOIN `Shards` AS `s0` ON `s`.`Id` = `s0`.`ServerId`
ORDER BY `s`.`Id`, `k`.`Id`
2025-10-22 14:45:53.596 +02:00 [INF] [BasicAuth] Handling request for /api/ranks
2025-10-22 14:45:53.597 +02:00 [INF] [BasicAuth] User 'admin' authenticated successfully
2025-10-22 14:45:53.674 +02:00 [INF] Executed DbCommand (14ms) [Parameters=[], CommandType='"Text"', CommandTimeout='30']
SELECT `r`.`Id`, `r`.`Description`, `r`.`Image`, `r`.`Name`, `r`.`Price`, `r`.`Sale`
FROM `Ranks` AS `r`
2025-10-22 14:45:53.705 +02:00 [INF] Executed DbCommand (12ms) [Parameters=[], CommandType='"Text"', CommandTimeout='30']
SELECT `c`.`Id`, `c`.`CommandText`, `c`.`Type`, `c`.`TypeId`
FROM `Commands` AS `c`
WHERE (`c`.`Type` = 'RANK') AND (`c`.`TypeId` = 2)
2025-10-22 14:45:53.749 +02:00 [INF] [BasicAuth] Handling request for /api/servers
2025-10-22 14:45:53.753 +02:00 [INF] [BasicAuth] User 'admin' authenticated successfully
2025-10-22 14:45:53.827 +02:00 [INF] Executed DbCommand (12ms) [Parameters=[], CommandType='"Text"', CommandTimeout='30']
SELECT `s`.`Id`, `s`.`Name`, `s`.`RCONIP`, `s`.`RCONPassword`, `s`.`RCONPort`, `k`.`Id`, `k`.`Description`, `k`.`Image`, `k`.`Name`, `k`.`Price`, `k`.`Sale`, `k`.`ServerId`, `s0`.`Id`, `s0`.`Description`, `s0`.`Image`, `s0`.`Name`, `s0`.`Price`, `s0`.`Sale`, `s0`.`ServerId`
FROM `Servers` AS `s`
LEFT JOIN `Keys` AS `k` ON `s`.`Id` = `k`.`ServerId`
LEFT JOIN `Shards` AS `s0` ON `s`.`Id` = `s0`.`ServerId`
ORDER BY `s`.`Id`, `k`.`Id`
2025-10-22 14:45:53.830 +02:00 [INF] [BasicAuth] Handling request for /api/ranks
2025-10-22 14:45:53.831 +02:00 [INF] [BasicAuth] User 'admin' authenticated successfully
2025-10-22 14:45:53.909 +02:00 [INF] Executed DbCommand (12ms) [Parameters=[], CommandType='"Text"', CommandTimeout='30']
SELECT `r`.`Id`, `r`.`Description`, `r`.`Image`, `r`.`Name`, `r`.`Price`, `r`.`Sale`
FROM `Ranks` AS `r`
2025-10-22 14:45:53.933 +02:00 [INF] Executed DbCommand (12ms) [Parameters=[], CommandType='"Text"', CommandTimeout='30']
SELECT `c`.`Id`, `c`.`CommandText`, `c`.`Type`, `c`.`TypeId`
FROM `Commands` AS `c`
WHERE (`c`.`Type` = 'RANK') AND (`c`.`TypeId` = 2)
2025-10-22 14:46:31.748 +02:00 [INF] [BasicAuth] Handling request for /api/team
2025-10-22 14:46:31.754 +02:00 [INF] [BasicAuth] User 'admin' authenticated successfully
2025-10-22 14:46:31.822 +02:00 [INF] [BasicAuth] Handling request for /api/team
2025-10-22 14:46:31.822 +02:00 [INF] [BasicAuth] User 'admin' authenticated successfully
2025-10-22 14:46:55.608 +02:00 [INF] [BasicAuth] Handling request for /api/ranks
2025-10-22 14:46:55.612 +02:00 [INF] [BasicAuth] User 'admin' authenticated successfully
2025-10-22 14:46:55.687 +02:00 [INF] Executed DbCommand (12ms) [Parameters=[], CommandType='"Text"', CommandTimeout='30']
SELECT `r`.`Id`, `r`.`Description`, `r`.`Image`, `r`.`Name`, `r`.`Price`, `r`.`Sale`
FROM `Ranks` AS `r`
2025-10-22 14:46:55.712 +02:00 [INF] Executed DbCommand (12ms) [Parameters=[], CommandType='"Text"', CommandTimeout='30']
SELECT `c`.`Id`, `c`.`CommandText`, `c`.`Type`, `c`.`TypeId`
FROM `Commands` AS `c`
WHERE (`c`.`Type` = 'RANK') AND (`c`.`TypeId` = 2)
2025-10-22 14:46:55.746 +02:00 [INF] [BasicAuth] Handling request for /api/ranks
2025-10-22 14:46:55.747 +02:00 [INF] [BasicAuth] User 'admin' authenticated successfully
2025-10-22 14:46:55.833 +02:00 [INF] Executed DbCommand (19ms) [Parameters=[], CommandType='"Text"', CommandTimeout='30']
SELECT `r`.`Id`, `r`.`Description`, `r`.`Image`, `r`.`Name`, `r`.`Price`, `r`.`Sale`
FROM `Ranks` AS `r`
2025-10-22 14:46:55.858 +02:00 [INF] Executed DbCommand (12ms) [Parameters=[], CommandType='"Text"', CommandTimeout='30']
SELECT `c`.`Id`, `c`.`CommandText`, `c`.`Type`, `c`.`TypeId`
FROM `Commands` AS `c`
WHERE (`c`.`Type` = 'RANK') AND (`c`.`TypeId` = 2)
2025-10-22 14:46:57.230 +02:00 [INF] [BasicAuth] Handling request for /api/ranks/2
2025-10-22 14:46:57.231 +02:00 [INF] [BasicAuth] User 'admin' authenticated successfully
2025-10-22 14:46:57.322 +02:00 [INF] Executed DbCommand (12ms) [Parameters=[@__id_0='?' (DbType = Int32)], CommandType='"Text"', CommandTimeout='30']
SELECT `r`.`Id`, `r`.`Description`, `r`.`Image`, `r`.`Name`, `r`.`Price`, `r`.`Sale`
FROM `Ranks` AS `r`
WHERE `r`.`Id` = @__id_0
LIMIT 1
2025-10-22 14:46:57.351 +02:00 [INF] Executed DbCommand (12ms) [Parameters=[@__rank_Id_0='?' (DbType = Int32)], CommandType='"Text"', CommandTimeout='30']
SELECT `c`.`Id`, `c`.`CommandText`, `c`.`Type`, `c`.`TypeId`
FROM `Commands` AS `c`
WHERE (`c`.`Type` = 'RANK') AND (`c`.`TypeId` = @__rank_Id_0)
2025-10-22 14:46:57.392 +02:00 [INF] [BasicAuth] Handling request for /api/ranks/2
2025-10-22 14:46:57.392 +02:00 [INF] [BasicAuth] User 'admin' authenticated successfully
2025-10-22 14:46:57.469 +02:00 [INF] Executed DbCommand (12ms) [Parameters=[@__id_0='?' (DbType = Int32)], CommandType='"Text"', CommandTimeout='30']
SELECT `r`.`Id`, `r`.`Description`, `r`.`Image`, `r`.`Name`, `r`.`Price`, `r`.`Sale`
FROM `Ranks` AS `r`
WHERE `r`.`Id` = @__id_0
LIMIT 1
2025-10-22 14:46:57.495 +02:00 [INF] Executed DbCommand (12ms) [Parameters=[@__rank_Id_0='?' (DbType = Int32)], CommandType='"Text"', CommandTimeout='30']
SELECT `c`.`Id`, `c`.`CommandText`, `c`.`Type`, `c`.`TypeId`
FROM `Commands` AS `c`
WHERE (`c`.`Type` = 'RANK') AND (`c`.`TypeId` = @__rank_Id_0)
2025-10-22 14:47:07.724 +02:00 [INF] [BasicAuth] Handling request for /api/team
2025-10-22 14:47:07.724 +02:00 [INF] [BasicAuth] User 'admin' authenticated successfully
2025-10-22 14:47:07.756 +02:00 [INF] [BasicAuth] Handling request for /api/team
2025-10-22 14:47:07.757 +02:00 [INF] [BasicAuth] User 'admin' authenticated successfully
2025-10-22 14:47:28.034 +02:00 [INF] [BasicAuth] Handling request for /api/servers
2025-10-22 14:47:28.036 +02:00 [INF] [BasicAuth] User 'admin' authenticated successfully
2025-10-22 14:47:28.126 +02:00 [INF] Executed DbCommand (18ms) [Parameters=[], CommandType='"Text"', CommandTimeout='30']
SELECT `s`.`Id`, `s`.`Name`, `s`.`RCONIP`, `s`.`RCONPassword`, `s`.`RCONPort`, `k`.`Id`, `k`.`Description`, `k`.`Image`, `k`.`Name`, `k`.`Price`, `k`.`Sale`, `k`.`ServerId`, `s0`.`Id`, `s0`.`Description`, `s0`.`Image`, `s0`.`Name`, `s0`.`Price`, `s0`.`Sale`, `s0`.`ServerId`
FROM `Servers` AS `s`
LEFT JOIN `Keys` AS `k` ON `s`.`Id` = `k`.`ServerId`
LEFT JOIN `Shards` AS `s0` ON `s`.`Id` = `s0`.`ServerId`
ORDER BY `s`.`Id`, `k`.`Id`
2025-10-22 14:47:28.128 +02:00 [INF] [BasicAuth] Handling request for /api/ranks
2025-10-22 14:47:28.128 +02:00 [INF] [BasicAuth] User 'admin' authenticated successfully
2025-10-22 14:47:28.200 +02:00 [INF] Executed DbCommand (12ms) [Parameters=[], CommandType='"Text"', CommandTimeout='30']
SELECT `r`.`Id`, `r`.`Description`, `r`.`Image`, `r`.`Name`, `r`.`Price`, `r`.`Sale`
FROM `Ranks` AS `r`
2025-10-22 14:47:28.225 +02:00 [INF] Executed DbCommand (12ms) [Parameters=[], CommandType='"Text"', CommandTimeout='30']
SELECT `c`.`Id`, `c`.`CommandText`, `c`.`Type`, `c`.`TypeId`
FROM `Commands` AS `c`
WHERE (`c`.`Type` = 'RANK') AND (`c`.`TypeId` = 2)
2025-10-22 14:47:28.260 +02:00 [INF] [BasicAuth] Handling request for /api/servers
2025-10-22 14:47:28.260 +02:00 [INF] [BasicAuth] User 'admin' authenticated successfully
2025-10-22 14:47:28.337 +02:00 [INF] Executed DbCommand (12ms) [Parameters=[], CommandType='"Text"', CommandTimeout='30']
SELECT `s`.`Id`, `s`.`Name`, `s`.`RCONIP`, `s`.`RCONPassword`, `s`.`RCONPort`, `k`.`Id`, `k`.`Description`, `k`.`Image`, `k`.`Name`, `k`.`Price`, `k`.`Sale`, `k`.`ServerId`, `s0`.`Id`, `s0`.`Description`, `s0`.`Image`, `s0`.`Name`, `s0`.`Price`, `s0`.`Sale`, `s0`.`ServerId`
FROM `Servers` AS `s`
LEFT JOIN `Keys` AS `k` ON `s`.`Id` = `k`.`ServerId`
LEFT JOIN `Shards` AS `s0` ON `s`.`Id` = `s0`.`ServerId`
ORDER BY `s`.`Id`, `k`.`Id`
2025-10-22 14:47:28.341 +02:00 [INF] [BasicAuth] Handling request for /api/ranks
2025-10-22 14:47:28.342 +02:00 [INF] [BasicAuth] User 'admin' authenticated successfully
2025-10-22 14:47:28.418 +02:00 [INF] Executed DbCommand (13ms) [Parameters=[], CommandType='"Text"', CommandTimeout='30']
SELECT `r`.`Id`, `r`.`Description`, `r`.`Image`, `r`.`Name`, `r`.`Price`, `r`.`Sale`
FROM `Ranks` AS `r`
2025-10-22 14:47:28.443 +02:00 [INF] Executed DbCommand (12ms) [Parameters=[], CommandType='"Text"', CommandTimeout='30']
SELECT `c`.`Id`, `c`.`CommandText`, `c`.`Type`, `c`.`TypeId`
FROM `Commands` AS `c`
WHERE (`c`.`Type` = 'RANK') AND (`c`.`TypeId` = 2)
2025-10-22 15:11:42.166 +02:00 [INF] [BasicAuth] Handling request for /_blazor/negotiate
2025-10-22 15:11:42.166 +02:00 [WRN] [BasicAuth] Missing Authorization header
2025-10-22 15:11:42.167 +02:00 [INF] BasicAuth was not authenticated. Failure message: Missing Authorization Header
2025-10-22 15:11:42.170 +02:00 [INF] Application is shutting down...
2025-10-22 15:11:56.040 +02:00 [WRN] The ASP.NET Core developer certificate is not trusted. For information about trusting the ASP.NET Core developer certificate, see https://aka.ms/aspnet/https-trust-dev-cert
2025-10-22 15:11:56.120 +02:00 [INF] Now listening on: https://localhost:7271
2025-10-22 15:11:56.122 +02:00 [INF] Now listening on: http://localhost:5230
2025-10-22 15:11:56.130 +02:00 [INF] Application started. Press Ctrl+C to shut down.
2025-10-22 15:11:56.130 +02:00 [INF] Hosting environment: Development
2025-10-22 15:11:56.131 +02:00 [INF] Content root path: /home/tobias/RiderProjects/SentrySMP/SentrySMP.App
2025-10-22 15:11:57.090 +02:00 [INF] [BasicAuth] Handling request for /
2025-10-22 15:11:57.094 +02:00 [WRN] [BasicAuth] Missing Authorization header
2025-10-22 15:11:57.102 +02:00 [INF] BasicAuth was not authenticated. Failure message: Missing Authorization Header
2025-10-22 15:11:57.632 +02:00 [INF] [BasicAuth] Handling request for /_framework/blazor.web.js
2025-10-22 15:11:57.634 +02:00 [WRN] [BasicAuth] Missing Authorization header
2025-10-22 15:11:57.636 +02:00 [INF] BasicAuth was not authenticated. Failure message: Missing Authorization Header
2025-10-22 15:11:57.785 +02:00 [INF] [BasicAuth] Handling request for /_blazor/initializers
2025-10-22 15:11:57.785 +02:00 [WRN] [BasicAuth] Missing Authorization header
2025-10-22 15:11:57.786 +02:00 [INF] BasicAuth was not authenticated. Failure message: Missing Authorization Header
2025-10-22 15:11:57.864 +02:00 [INF] [BasicAuth] Handling request for /_blazor/negotiate
2025-10-22 15:11:57.864 +02:00 [WRN] [BasicAuth] Missing Authorization header
2025-10-22 15:11:57.865 +02:00 [INF] BasicAuth was not authenticated. Failure message: Missing Authorization Header
2025-10-22 15:11:57.905 +02:00 [INF] [BasicAuth] Handling request for /_blazor
2025-10-22 15:11:57.905 +02:00 [WRN] [BasicAuth] Missing Authorization header
2025-10-22 15:11:57.905 +02:00 [INF] BasicAuth was not authenticated. Failure message: Missing Authorization Header
2025-10-22 15:11:58.286 +02:00 [INF] [BasicAuth] Handling request for /_blazor/negotiate
2025-10-22 15:11:58.289 +02:00 [WRN] [BasicAuth] Missing Authorization header
2025-10-22 15:11:58.289 +02:00 [INF] BasicAuth was not authenticated. Failure message: Missing Authorization Header
2025-10-22 15:11:58.321 +02:00 [INF] [BasicAuth] Handling request for /_blazor
2025-10-22 15:11:58.324 +02:00 [WRN] [BasicAuth] Missing Authorization header
2025-10-22 15:11:58.325 +02:00 [INF] BasicAuth was not authenticated. Failure message: Missing Authorization Header
2025-10-22 15:11:58.423 +02:00 [INF] [BasicAuth] Handling request for /api/status/mc
2025-10-22 15:11:58.424 +02:00 [WRN] [BasicAuth] Missing Authorization header
2025-10-22 15:11:58.427 +02:00 [INF] BasicAuth was not authenticated. Failure message: Missing Authorization Header
2025-10-22 15:11:58.472 +02:00 [INF] [BasicAuth] Handling request for /
2025-10-22 15:11:58.475 +02:00 [WRN] [BasicAuth] Missing Authorization header
2025-10-22 15:11:58.477 +02:00 [INF] BasicAuth was not authenticated. Failure message: Missing Authorization Header
2025-10-22 15:11:58.735 +02:00 [INF] [BasicAuth] Handling request for /_framework/blazor.web.js
2025-10-22 15:11:58.740 +02:00 [WRN] [BasicAuth] Missing Authorization header
2025-10-22 15:11:58.741 +02:00 [INF] BasicAuth was not authenticated. Failure message: Missing Authorization Header
2025-10-22 15:11:59.541 +02:00 [INF] [BasicAuth] Handling request for /support
2025-10-22 15:11:59.542 +02:00 [WRN] [BasicAuth] Missing Authorization header
2025-10-22 15:11:59.543 +02:00 [INF] BasicAuth was not authenticated. Failure message: Missing Authorization Header
2025-10-22 15:11:59.660 +02:00 [INF] [BasicAuth] Handling request for /_blazor/initializers
2025-10-22 15:11:59.661 +02:00 [WRN] [BasicAuth] Missing Authorization header
2025-10-22 15:11:59.662 +02:00 [INF] BasicAuth was not authenticated. Failure message: Missing Authorization Header
2025-10-22 15:11:59.702 +02:00 [INF] [BasicAuth] Handling request for /_blazor/negotiate
2025-10-22 15:11:59.703 +02:00 [WRN] [BasicAuth] Missing Authorization header
2025-10-22 15:11:59.703 +02:00 [INF] BasicAuth was not authenticated. Failure message: Missing Authorization Header
2025-10-22 15:11:59.720 +02:00 [INF] [BasicAuth] Handling request for /_blazor
2025-10-22 15:11:59.722 +02:00 [WRN] [BasicAuth] Missing Authorization header
2025-10-22 15:11:59.723 +02:00 [INF] BasicAuth was not authenticated. Failure message: Missing Authorization Header
2025-10-22 15:12:00.644 +02:00 [INF] [BasicAuth] Handling request for /api/status/mc
2025-10-22 15:12:00.648 +02:00 [WRN] [BasicAuth] Missing Authorization header
2025-10-22 15:12:00.649 +02:00 [INF] BasicAuth was not authenticated. Failure message: Missing Authorization Header
2025-10-22 15:12:04.020 +02:00 [INF] [BasicAuth] Handling request for /api/status/discord
2025-10-22 15:12:04.024 +02:00 [WRN] [BasicAuth] Missing Authorization header
2025-10-22 15:12:04.027 +02:00 [INF] BasicAuth was not authenticated. Failure message: Missing Authorization Header
2025-10-22 15:12:04.022 +02:00 [INF] [BasicAuth] Handling request for /api/status/discord
2025-10-22 15:12:04.033 +02:00 [WRN] [BasicAuth] Missing Authorization header
2025-10-22 15:12:04.033 +02:00 [INF] BasicAuth was not authenticated. Failure message: Missing Authorization Header
2025-10-22 15:12:04.531 +02:00 [INF] Processed 20 announcements from Discord
2025-10-22 15:12:04.603 +02:00 [INF] Processed 20 announcements from Discord
2025-10-22 15:12:15.464 +02:00 [INF] [BasicAuth] Handling request for /
2025-10-22 15:12:15.464 +02:00 [WRN] [BasicAuth] Missing Authorization header
2025-10-22 15:12:15.464 +02:00 [INF] BasicAuth was not authenticated. Failure message: Missing Authorization Header
2025-10-22 15:12:15.505 +02:00 [INF] [BasicAuth] Handling request for /api/status/mc
2025-10-22 15:12:15.506 +02:00 [WRN] [BasicAuth] Missing Authorization header
2025-10-22 15:12:15.506 +02:00 [INF] BasicAuth was not authenticated. Failure message: Missing Authorization Header
2025-10-22 15:12:15.522 +02:00 [INF] [BasicAuth] Handling request for /api/status/discord
2025-10-22 15:12:15.522 +02:00 [WRN] [BasicAuth] Missing Authorization header
2025-10-22 15:12:15.522 +02:00 [INF] BasicAuth was not authenticated. Failure message: Missing Authorization Header
2025-10-22 15:12:16.020 +02:00 [INF] Processed 20 announcements from Discord
2025-10-22 15:12:16.915 +02:00 [INF] [BasicAuth] Handling request for /vote-for-us
2025-10-22 15:12:16.917 +02:00 [WRN] [BasicAuth] Missing Authorization header
2025-10-22 15:12:16.918 +02:00 [INF] BasicAuth was not authenticated. Failure message: Missing Authorization Header
2025-10-22 15:12:20.308 +02:00 [INF] [BasicAuth] Handling request for /
2025-10-22 15:12:20.308 +02:00 [WRN] [BasicAuth] Missing Authorization header
2025-10-22 15:12:20.308 +02:00 [INF] BasicAuth was not authenticated. Failure message: Missing Authorization Header
2025-10-22 15:12:20.363 +02:00 [INF] [BasicAuth] Handling request for /api/status/mc
2025-10-22 15:12:20.363 +02:00 [WRN] [BasicAuth] Missing Authorization header
2025-10-22 15:12:20.364 +02:00 [INF] BasicAuth was not authenticated. Failure message: Missing Authorization Header
2025-10-22 15:12:20.381 +02:00 [INF] [BasicAuth] Handling request for /api/status/discord
2025-10-22 15:12:20.381 +02:00 [WRN] [BasicAuth] Missing Authorization header
2025-10-22 15:12:20.382 +02:00 [INF] BasicAuth was not authenticated. Failure message: Missing Authorization Header
2025-10-22 15:12:21.021 +02:00 [INF] Processed 20 announcements from Discord
2025-10-22 15:12:21.673 +02:00 [INF] [BasicAuth] Handling request for /about
2025-10-22 15:12:21.673 +02:00 [WRN] [BasicAuth] Missing Authorization header
2025-10-22 15:12:21.673 +02:00 [INF] BasicAuth was not authenticated. Failure message: Missing Authorization Header
2025-10-22 15:12:27.501 +02:00 [INF] [BasicAuth] Handling request for /
2025-10-22 15:12:27.504 +02:00 [WRN] [BasicAuth] Missing Authorization header
2025-10-22 15:12:27.504 +02:00 [INF] BasicAuth was not authenticated. Failure message: Missing Authorization Header
2025-10-22 15:12:27.541 +02:00 [INF] [BasicAuth] Handling request for /api/status/mc
2025-10-22 15:12:27.542 +02:00 [WRN] [BasicAuth] Missing Authorization header
2025-10-22 15:12:27.542 +02:00 [INF] BasicAuth was not authenticated. Failure message: Missing Authorization Header
2025-10-22 15:12:27.561 +02:00 [INF] [BasicAuth] Handling request for /api/status/discord
2025-10-22 15:12:27.562 +02:00 [WRN] [BasicAuth] Missing Authorization header
2025-10-22 15:12:27.562 +02:00 [INF] BasicAuth was not authenticated. Failure message: Missing Authorization Header
2025-10-22 15:12:28.020 +02:00 [INF] Processed 20 announcements from Discord
2025-10-22 15:12:28.969 +02:00 [INF] [BasicAuth] Handling request for /changelog
2025-10-22 15:12:28.970 +02:00 [WRN] [BasicAuth] Missing Authorization header
2025-10-22 15:12:28.970 +02:00 [INF] BasicAuth was not authenticated. Failure message: Missing Authorization Header
2025-10-22 15:12:46.253 +02:00 [INF] [BasicAuth] Handling request for /
2025-10-22 15:12:46.253 +02:00 [WRN] [BasicAuth] Missing Authorization header
2025-10-22 15:12:46.255 +02:00 [INF] BasicAuth was not authenticated. Failure message: Missing Authorization Header
2025-10-22 15:12:46.293 +02:00 [INF] [BasicAuth] Handling request for /api/status/mc
2025-10-22 15:12:46.294 +02:00 [WRN] [BasicAuth] Missing Authorization header
2025-10-22 15:12:46.294 +02:00 [INF] BasicAuth was not authenticated. Failure message: Missing Authorization Header
2025-10-22 15:12:46.314 +02:00 [INF] [BasicAuth] Handling request for /api/status/discord
2025-10-22 15:12:46.315 +02:00 [WRN] [BasicAuth] Missing Authorization header
2025-10-22 15:12:46.315 +02:00 [INF] BasicAuth was not authenticated. Failure message: Missing Authorization Header
2025-10-22 15:12:46.812 +02:00 [INF] Processed 20 announcements from Discord
2025-10-22 15:12:48.863 +02:00 [INF] [BasicAuth] Handling request for /discord-server-rules
2025-10-22 15:12:48.864 +02:00 [WRN] [BasicAuth] Missing Authorization header
2025-10-22 15:12:48.865 +02:00 [INF] BasicAuth was not authenticated. Failure message: Missing Authorization Header
2025-10-22 15:12:52.461 +02:00 [INF] [BasicAuth] Handling request for /
2025-10-22 15:12:52.461 +02:00 [WRN] [BasicAuth] Missing Authorization header
2025-10-22 15:12:52.461 +02:00 [INF] BasicAuth was not authenticated. Failure message: Missing Authorization Header
2025-10-22 15:12:52.510 +02:00 [INF] [BasicAuth] Handling request for /api/status/mc
2025-10-22 15:12:52.510 +02:00 [WRN] [BasicAuth] Missing Authorization header
2025-10-22 15:12:52.510 +02:00 [INF] BasicAuth was not authenticated. Failure message: Missing Authorization Header
2025-10-22 15:12:52.526 +02:00 [INF] [BasicAuth] Handling request for /api/status/discord
2025-10-22 15:12:52.527 +02:00 [WRN] [BasicAuth] Missing Authorization header
2025-10-22 15:12:52.528 +02:00 [INF] BasicAuth was not authenticated. Failure message: Missing Authorization Header
2025-10-22 15:12:53.013 +02:00 [INF] Processed 20 announcements from Discord
2025-10-22 15:12:54.415 +02:00 [INF] [BasicAuth] Handling request for /minecraft-server-rules
2025-10-22 15:12:54.416 +02:00 [WRN] [BasicAuth] Missing Authorization header
2025-10-22 15:12:54.416 +02:00 [INF] BasicAuth was not authenticated. Failure message: Missing Authorization Header
2025-10-22 15:12:55.798 +02:00 [INF] [BasicAuth] Handling request for /
2025-10-22 15:12:55.799 +02:00 [WRN] [BasicAuth] Missing Authorization header
2025-10-22 15:12:55.799 +02:00 [INF] BasicAuth was not authenticated. Failure message: Missing Authorization Header
2025-10-22 15:12:55.848 +02:00 [INF] [BasicAuth] Handling request for /api/status/mc
2025-10-22 15:12:55.848 +02:00 [WRN] [BasicAuth] Missing Authorization header
2025-10-22 15:12:55.848 +02:00 [INF] BasicAuth was not authenticated. Failure message: Missing Authorization Header
2025-10-22 15:12:55.869 +02:00 [INF] [BasicAuth] Handling request for /api/status/discord
2025-10-22 15:12:55.869 +02:00 [WRN] [BasicAuth] Missing Authorization header
2025-10-22 15:12:55.869 +02:00 [INF] BasicAuth was not authenticated. Failure message: Missing Authorization Header
2025-10-22 15:12:56.376 +02:00 [INF] Processed 20 announcements from Discord
2025-10-22 15:12:59.304 +02:00 [INF] [BasicAuth] Handling request for /privacy-policy
2025-10-22 15:12:59.304 +02:00 [WRN] [BasicAuth] Missing Authorization header
2025-10-22 15:12:59.304 +02:00 [INF] BasicAuth was not authenticated. Failure message: Missing Authorization Header
2025-10-22 15:13:07.514 +02:00 [INF] [BasicAuth] Handling request for /
2025-10-22 15:13:07.519 +02:00 [WRN] [BasicAuth] Missing Authorization header
2025-10-22 15:13:07.519 +02:00 [INF] BasicAuth was not authenticated. Failure message: Missing Authorization Header
2025-10-22 15:13:07.593 +02:00 [INF] [BasicAuth] Handling request for /api/status/mc
2025-10-22 15:13:07.593 +02:00 [WRN] [BasicAuth] Missing Authorization header
2025-10-22 15:13:07.593 +02:00 [INF] BasicAuth was not authenticated. Failure message: Missing Authorization Header
2025-10-22 15:13:08.871 +02:00 [INF] [BasicAuth] Handling request for /terms-of-use
2025-10-22 15:13:08.872 +02:00 [WRN] [BasicAuth] Missing Authorization header
2025-10-22 15:13:08.872 +02:00 [INF] BasicAuth was not authenticated. Failure message: Missing Authorization Header
2025-10-22 15:13:13.060 +02:00 [INF] [BasicAuth] Handling request for /api/status/discord
2025-10-22 15:13:13.060 +02:00 [WRN] [BasicAuth] Missing Authorization header
2025-10-22 15:13:13.060 +02:00 [INF] BasicAuth was not authenticated. Failure message: Missing Authorization Header
2025-10-22 15:13:13.502 +02:00 [INF] Processed 20 announcements from Discord
