2025-10-17 15:15:54.183 +02:00 [WRN] The ASP.NET Core developer certificate is not trusted. For information about trusting the ASP.NET Core developer certificate, see https://aka.ms/aspnet/https-trust-dev-cert
2025-10-17 15:15:54.335 +02:00 [INF] Now listening on: https://localhost:7271
2025-10-17 15:15:54.348 +02:00 [INF] Now listening on: http://localhost:5230
2025-10-17 15:15:54.354 +02:00 [INF] Application started. Press Ctrl+C to shut down.
2025-10-17 15:15:54.354 +02:00 [INF] Hosting environment: Development
2025-10-17 15:15:54.354 +02:00 [INF] Content root path: /home/tobias/RiderProjects/SentrySMP/SentrySMP.App
2025-10-17 15:15:55.566 +02:00 [INF] [BasicAuth] Handling request for /
2025-10-17 15:15:55.571 +02:00 [WRN] [BasicAuth] Missing Authorization header
2025-10-17 15:15:55.574 +02:00 [INF] BasicAuth was not authenticated. Failure message: Missing Authorization Header
2025-10-17 15:15:56.204 +02:00 [INF] [BasicAuth] Handling request for /_framework/blazor.web.js
2025-10-17 15:15:56.205 +02:00 [WRN] [BasicAuth] Missing Authorization header
2025-10-17 15:15:56.205 +02:00 [INF] BasicAuth was not authenticated. Failure message: Missing Authorization Header
2025-10-17 15:16:01.495 +02:00 [INF] [BasicAuth] Handling request for /bundles
2025-10-17 15:16:01.497 +02:00 [WRN] [BasicAuth] Missing Authorization header
2025-10-17 15:16:01.497 +02:00 [INF] BasicAuth was not authenticated. Failure message: Missing Authorization Header
2025-10-17 15:16:01.794 +02:00 [INF] [BasicAuth] Handling request for /api/bundles
2025-10-17 15:16:01.796 +02:00 [WRN] [BasicAuth] Missing Authorization header
2025-10-17 15:16:01.796 +02:00 [INF] BasicAuth was not authenticated. Failure message: Missing Authorization Header
2025-10-17 15:16:02.264 +02:00 [INF] [BasicAuth] Handling request for /bundles
2025-10-17 15:16:02.267 +02:00 [WRN] [BasicAuth] Missing Authorization header
2025-10-17 15:16:02.267 +02:00 [INF] BasicAuth was not authenticated. Failure message: Missing Authorization Header
2025-10-17 15:16:02.297 +02:00 [INF] [BasicAuth] Handling request for /api/bundles
2025-10-17 15:16:02.299 +02:00 [WRN] [BasicAuth] Missing Authorization header
2025-10-17 15:16:02.299 +02:00 [INF] BasicAuth was not authenticated. Failure message: Missing Authorization Header
2025-10-17 15:16:05.999 +02:00 [INF] [BasicAuth] Handling request for /bundles
2025-10-17 15:16:06.000 +02:00 [WRN] [BasicAuth] Missing Authorization header
2025-10-17 15:16:06.001 +02:00 [INF] BasicAuth was not authenticated. Failure message: Missing Authorization Header
2025-10-17 15:16:06.044 +02:00 [INF] [BasicAuth] Handling request for /api/bundles
2025-10-17 15:16:06.044 +02:00 [WRN] [BasicAuth] Missing Authorization header
2025-10-17 15:16:06.044 +02:00 [INF] BasicAuth was not authenticated. Failure message: Missing Authorization Header
2025-10-17 15:16:07.803 +02:00 [INF] Executed DbCommand (78ms) [Parameters=[], CommandType='"Text"', CommandTimeout='30']
SELECT `b`.`Id`, `b`.`Description`, `b`.`Image`, `b`.`Name`, `b`.`Price`, `b`.`Sale`, `b`.`ServerId`, `s`.`Id`, `s`.`Name`, `s`.`RCONIP`, `s`.`RCONPassword`, `s`.`RCONPort`
FROM `Bundles` AS `b`
INNER JOIN `Servers` AS `s` ON `b`.`ServerId` = `s`.`Id`
2025-10-17 15:16:07.799 +02:00 [INF] Executed DbCommand (74ms) [Parameters=[], CommandType='"Text"', CommandTimeout='30']
SELECT `b`.`Id`, `b`.`Description`, `b`.`Image`, `b`.`Name`, `b`.`Price`, `b`.`Sale`, `b`.`ServerId`, `s`.`Id`, `s`.`Name`, `s`.`RCONIP`, `s`.`RCONPassword`, `s`.`RCONPort`
FROM `Bundles` AS `b`
INNER JOIN `Servers` AS `s` ON `b`.`ServerId` = `s`.`Id`
2025-10-17 15:16:07.798 +02:00 [INF] Executed DbCommand (69ms) [Parameters=[], CommandType='"Text"', CommandTimeout='30']
SELECT `b`.`Id`, `b`.`Description`, `b`.`Image`, `b`.`Name`, `b`.`Price`, `b`.`Sale`, `b`.`ServerId`, `s`.`Id`, `s`.`Name`, `s`.`RCONIP`, `s`.`RCONPassword`, `s`.`RCONPort`
FROM `Bundles` AS `b`
INNER JOIN `Servers` AS `s` ON `b`.`ServerId` = `s`.`Id`
2025-10-17 15:16:08.915 +02:00 [INF] Executed DbCommand (28ms) [Parameters=[], CommandType='"Text"', CommandTimeout='30']
SELECT `c`.`Id`, `c`.`CommandText`, `c`.`Type`, `c`.`TypeId`
FROM `Commands` AS `c`
WHERE (`c`.`Type` = 'BUNDLE') AND (`c`.`TypeId` = 2)
2025-10-17 15:16:08.915 +02:00 [INF] Executed DbCommand (27ms) [Parameters=[], CommandType='"Text"', CommandTimeout='30']
SELECT `c`.`Id`, `c`.`CommandText`, `c`.`Type`, `c`.`TypeId`
FROM `Commands` AS `c`
WHERE (`c`.`Type` = 'BUNDLE') AND (`c`.`TypeId` = 2)
2025-10-17 15:16:08.921 +02:00 [INF] Executed DbCommand (36ms) [Parameters=[], CommandType='"Text"', CommandTimeout='30']
SELECT `c`.`Id`, `c`.`CommandText`, `c`.`Type`, `c`.`TypeId`
FROM `Commands` AS `c`
WHERE (`c`.`Type` = 'BUNDLE') AND (`c`.`TypeId` = 2)
2025-10-17 15:16:10.392 +02:00 [INF] [BasicAuth] Handling request for /_blazor/initializers
2025-10-17 15:16:10.392 +02:00 [WRN] [BasicAuth] Missing Authorization header
2025-10-17 15:16:10.393 +02:00 [INF] BasicAuth was not authenticated. Failure message: Missing Authorization Header
2025-10-17 15:16:10.931 +02:00 [INF] [BasicAuth] Handling request for /_blazor/negotiate
2025-10-17 15:16:10.935 +02:00 [WRN] [BasicAuth] Missing Authorization header
2025-10-17 15:16:10.935 +02:00 [INF] BasicAuth was not authenticated. Failure message: Missing Authorization Header
2025-10-17 15:16:11.155 +02:00 [INF] [BasicAuth] Handling request for /_blazor
2025-10-17 15:16:11.156 +02:00 [WRN] [BasicAuth] Missing Authorization header
2025-10-17 15:16:11.156 +02:00 [INF] BasicAuth was not authenticated. Failure message: Missing Authorization Header
2025-10-17 15:16:11.822 +02:00 [INF] [BasicAuth] Handling request for /api/bundles
2025-10-17 15:16:11.823 +02:00 [WRN] [BasicAuth] Missing Authorization header
2025-10-17 15:16:11.824 +02:00 [INF] BasicAuth was not authenticated. Failure message: Missing Authorization Header
2025-10-17 15:16:11.921 +02:00 [INF] Executed DbCommand (14ms) [Parameters=[], CommandType='"Text"', CommandTimeout='30']
SELECT `b`.`Id`, `b`.`Description`, `b`.`Image`, `b`.`Name`, `b`.`Price`, `b`.`Sale`, `b`.`ServerId`, `s`.`Id`, `s`.`Name`, `s`.`RCONIP`, `s`.`RCONPassword`, `s`.`RCONPort`
FROM `Bundles` AS `b`
INNER JOIN `Servers` AS `s` ON `b`.`ServerId` = `s`.`Id`
2025-10-17 15:16:11.964 +02:00 [INF] Executed DbCommand (12ms) [Parameters=[], CommandType='"Text"', CommandTimeout='30']
SELECT `c`.`Id`, `c`.`CommandText`, `c`.`Type`, `c`.`TypeId`
FROM `Commands` AS `c`
WHERE (`c`.`Type` = 'BUNDLE') AND (`c`.`TypeId` = 2)
2025-10-17 15:18:13.384 +02:00 [INF] [BasicAuth] Handling request for /api/servers
2025-10-17 15:18:13.386 +02:00 [INF] [BasicAuth] User 'admin' authenticated successfully
2025-10-17 15:18:13.506 +02:00 [WRN] Compiling a query which loads related collections for more than one collection navigation, either via 'Include' or through projection, but no 'QuerySplittingBehavior' has been configured. By default, Entity Framework will use 'QuerySplittingBehavior.SingleQuery', which can potentially result in slow query performance. See https://go.microsoft.com/fwlink/?linkid=2134277 for more information. To identify the query that's triggering this warning call 'ConfigureWarnings(w => w.Throw(RelationalEventId.MultipleCollectionIncludeWarning))'.
2025-10-17 15:18:13.559 +02:00 [INF] Executed DbCommand (13ms) [Parameters=[], CommandType='"Text"', CommandTimeout='30']
SELECT `s`.`Id`, `s`.`Name`, `s`.`RCONIP`, `s`.`RCONPassword`, `s`.`RCONPort`, `k`.`Id`, `k`.`Description`, `k`.`Image`, `k`.`Name`, `k`.`Price`, `k`.`Sale`, `k`.`ServerId`, `s0`.`Id`, `s0`.`Description`, `s0`.`Image`, `s0`.`Name`, `s0`.`Price`, `s0`.`Sale`, `s0`.`ServerId`
FROM `Servers` AS `s`
LEFT JOIN `Keys` AS `k` ON `s`.`Id` = `k`.`ServerId`
LEFT JOIN `Shards` AS `s0` ON `s`.`Id` = `s0`.`ServerId`
ORDER BY `s`.`Id`, `k`.`Id`
2025-10-17 15:18:15.889 +02:00 [INF] [BasicAuth] Handling request for /api/bundles
2025-10-17 15:18:15.890 +02:00 [INF] [BasicAuth] User 'admin' authenticated successfully
2025-10-17 15:18:15.904 +02:00 [INF] [BasicAuth] Handling request for /api/servers
2025-10-17 15:18:15.906 +02:00 [INF] [BasicAuth] User 'admin' authenticated successfully
2025-10-17 15:18:15.978 +02:00 [INF] Executed DbCommand (12ms) [Parameters=[], CommandType='"Text"', CommandTimeout='30']
SELECT `b`.`Id`, `b`.`Description`, `b`.`Image`, `b`.`Name`, `b`.`Price`, `b`.`Sale`, `b`.`ServerId`, `s`.`Id`, `s`.`Name`, `s`.`RCONIP`, `s`.`RCONPassword`, `s`.`RCONPort`
FROM `Bundles` AS `b`
INNER JOIN `Servers` AS `s` ON `b`.`ServerId` = `s`.`Id`
2025-10-17 15:18:16.001 +02:00 [INF] Executed DbCommand (25ms) [Parameters=[], CommandType='"Text"', CommandTimeout='30']
SELECT `s`.`Id`, `s`.`Name`, `s`.`RCONIP`, `s`.`RCONPassword`, `s`.`RCONPort`, `k`.`Id`, `k`.`Description`, `k`.`Image`, `k`.`Name`, `k`.`Price`, `k`.`Sale`, `k`.`ServerId`, `s0`.`Id`, `s0`.`Description`, `s0`.`Image`, `s0`.`Name`, `s0`.`Price`, `s0`.`Sale`, `s0`.`ServerId`
FROM `Servers` AS `s`
LEFT JOIN `Keys` AS `k` ON `s`.`Id` = `k`.`ServerId`
LEFT JOIN `Shards` AS `s0` ON `s`.`Id` = `s0`.`ServerId`
ORDER BY `s`.`Id`, `k`.`Id`
2025-10-17 15:18:16.027 +02:00 [INF] Executed DbCommand (12ms) [Parameters=[], CommandType='"Text"', CommandTimeout='30']
SELECT `c`.`Id`, `c`.`CommandText`, `c`.`Type`, `c`.`TypeId`
FROM `Commands` AS `c`
WHERE (`c`.`Type` = 'BUNDLE') AND (`c`.`TypeId` = 2)
2025-10-17 15:18:16.111 +02:00 [INF] [BasicAuth] Handling request for /api/bundles
2025-10-17 15:18:16.113 +02:00 [INF] [BasicAuth] User 'admin' authenticated successfully
2025-10-17 15:18:16.113 +02:00 [INF] [BasicAuth] Handling request for /api/servers
2025-10-17 15:18:16.116 +02:00 [INF] [BasicAuth] User 'admin' authenticated successfully
2025-10-17 15:18:16.194 +02:00 [INF] Executed DbCommand (12ms) [Parameters=[], CommandType='"Text"', CommandTimeout='30']
SELECT `s`.`Id`, `s`.`Name`, `s`.`RCONIP`, `s`.`RCONPassword`, `s`.`RCONPort`, `k`.`Id`, `k`.`Description`, `k`.`Image`, `k`.`Name`, `k`.`Price`, `k`.`Sale`, `k`.`ServerId`, `s0`.`Id`, `s0`.`Description`, `s0`.`Image`, `s0`.`Name`, `s0`.`Price`, `s0`.`Sale`, `s0`.`ServerId`
FROM `Servers` AS `s`
LEFT JOIN `Keys` AS `k` ON `s`.`Id` = `k`.`ServerId`
LEFT JOIN `Shards` AS `s0` ON `s`.`Id` = `s0`.`ServerId`
ORDER BY `s`.`Id`, `k`.`Id`
2025-10-17 15:18:16.194 +02:00 [INF] Executed DbCommand (13ms) [Parameters=[], CommandType='"Text"', CommandTimeout='30']
SELECT `b`.`Id`, `b`.`Description`, `b`.`Image`, `b`.`Name`, `b`.`Price`, `b`.`Sale`, `b`.`ServerId`, `s`.`Id`, `s`.`Name`, `s`.`RCONIP`, `s`.`RCONPassword`, `s`.`RCONPort`
FROM `Bundles` AS `b`
INNER JOIN `Servers` AS `s` ON `b`.`ServerId` = `s`.`Id`
2025-10-17 15:18:16.223 +02:00 [INF] Executed DbCommand (13ms) [Parameters=[], CommandType='"Text"', CommandTimeout='30']
SELECT `c`.`Id`, `c`.`CommandText`, `c`.`Type`, `c`.`TypeId`
FROM `Commands` AS `c`
WHERE (`c`.`Type` = 'BUNDLE') AND (`c`.`TypeId` = 2)
2025-10-17 15:19:11.996 +02:00 [INF] [BasicAuth] Handling request for /api/shards
2025-10-17 15:19:11.998 +02:00 [INF] [BasicAuth] User 'admin' authenticated successfully
2025-10-17 15:19:12.100 +02:00 [INF] Executed DbCommand (12ms) [Parameters=[], CommandType='"Text"', CommandTimeout='30']
SELECT `s`.`Id`, `s`.`Description`, `s`.`Image`, `s`.`Name`, `s`.`Price`, `s`.`Sale`, `s`.`ServerId`, `s0`.`Id`, `s0`.`Name`, `s0`.`RCONIP`, `s0`.`RCONPassword`, `s0`.`RCONPort`
FROM `Shards` AS `s`
INNER JOIN `Servers` AS `s0` ON `s`.`ServerId` = `s0`.`Id`
2025-10-17 15:19:12.134 +02:00 [INF] Executed DbCommand (12ms) [Parameters=[], CommandType='"Text"', CommandTimeout='30']
SELECT `c`.`Id`, `c`.`CommandText`, `c`.`Type`, `c`.`TypeId`
FROM `Commands` AS `c`
WHERE (`c`.`Type` = 'SHARD') AND `c`.`TypeId` IN (1, 2)
2025-10-17 15:19:12.159 +02:00 [INF] [BasicAuth] Handling request for /api/shards
2025-10-17 15:19:12.159 +02:00 [INF] [BasicAuth] User 'admin' authenticated successfully
2025-10-17 15:19:12.235 +02:00 [INF] Executed DbCommand (12ms) [Parameters=[], CommandType='"Text"', CommandTimeout='30']
SELECT `s`.`Id`, `s`.`Description`, `s`.`Image`, `s`.`Name`, `s`.`Price`, `s`.`Sale`, `s`.`ServerId`, `s0`.`Id`, `s0`.`Name`, `s0`.`RCONIP`, `s0`.`RCONPassword`, `s0`.`RCONPort`
FROM `Shards` AS `s`
INNER JOIN `Servers` AS `s0` ON `s`.`ServerId` = `s0`.`Id`
2025-10-17 15:19:12.261 +02:00 [INF] Executed DbCommand (12ms) [Parameters=[], CommandType='"Text"', CommandTimeout='30']
SELECT `c`.`Id`, `c`.`CommandText`, `c`.`Type`, `c`.`TypeId`
FROM `Commands` AS `c`
WHERE (`c`.`Type` = 'SHARD') AND `c`.`TypeId` IN (1, 2)
2025-10-17 15:19:13.393 +02:00 [INF] [BasicAuth] Handling request for /api/ranks
2025-10-17 15:19:13.396 +02:00 [INF] [BasicAuth] User 'admin' authenticated successfully
2025-10-17 15:19:13.492 +02:00 [INF] Executed DbCommand (12ms) [Parameters=[], CommandType='"Text"', CommandTimeout='30']
SELECT `r`.`Id`, `r`.`Description`, `r`.`Image`, `r`.`Name`, `r`.`Price`, `r`.`Sale`
FROM `Ranks` AS `r`
2025-10-17 15:19:13.535 +02:00 [INF] Executed DbCommand (12ms) [Parameters=[], CommandType='"Text"', CommandTimeout='30']
SELECT `c`.`Id`, `c`.`CommandText`, `c`.`Type`, `c`.`TypeId`
FROM `Commands` AS `c`
WHERE (`c`.`Type` = 'RANK') AND (`c`.`TypeId` = 2)
2025-10-17 15:19:13.563 +02:00 [INF] [BasicAuth] Handling request for /api/ranks
2025-10-17 15:19:13.564 +02:00 [INF] [BasicAuth] User 'admin' authenticated successfully
2025-10-17 15:19:13.638 +02:00 [INF] Executed DbCommand (12ms) [Parameters=[], CommandType='"Text"', CommandTimeout='30']
SELECT `r`.`Id`, `r`.`Description`, `r`.`Image`, `r`.`Name`, `r`.`Price`, `r`.`Sale`
FROM `Ranks` AS `r`
2025-10-17 15:19:13.664 +02:00 [INF] Executed DbCommand (12ms) [Parameters=[], CommandType='"Text"', CommandTimeout='30']
SELECT `c`.`Id`, `c`.`CommandText`, `c`.`Type`, `c`.`TypeId`
FROM `Commands` AS `c`
WHERE (`c`.`Type` = 'RANK') AND (`c`.`TypeId` = 2)
2025-10-17 15:44:47.062 +02:00 [INF] Application is shutting down...
2025-10-17 15:44:47.071 +02:00 [INF] [BasicAuth] Handling request for /_blazor/negotiate
2025-10-17 15:44:47.071 +02:00 [WRN] [BasicAuth] Missing Authorization header
2025-10-17 15:44:47.071 +02:00 [INF] BasicAuth was not authenticated. Failure message: Missing Authorization Header
2025-10-17 15:45:18.229 +02:00 [WRN] The ASP.NET Core developer certificate is not trusted. For information about trusting the ASP.NET Core developer certificate, see https://aka.ms/aspnet/https-trust-dev-cert
2025-10-17 15:45:18.490 +02:00 [INF] Now listening on: https://localhost:7271
2025-10-17 15:45:18.497 +02:00 [INF] Now listening on: http://localhost:5230
2025-10-17 15:45:18.508 +02:00 [INF] Application started. Press Ctrl+C to shut down.
2025-10-17 15:45:18.511 +02:00 [INF] Hosting environment: Development
2025-10-17 15:45:18.511 +02:00 [INF] Content root path: /home/tobias/RiderProjects/SentrySMP/SentrySMP.App
2025-10-17 15:45:19.972 +02:00 [INF] [BasicAuth] Handling request for /
2025-10-17 15:45:19.978 +02:00 [WRN] [BasicAuth] Missing Authorization header
2025-10-17 15:45:19.983 +02:00 [INF] BasicAuth was not authenticated. Failure message: Missing Authorization Header
2025-10-17 15:45:20.740 +02:00 [INF] [BasicAuth] Handling request for /_framework/blazor.web.js
2025-10-17 15:45:20.741 +02:00 [WRN] [BasicAuth] Missing Authorization header
2025-10-17 15:45:20.743 +02:00 [INF] BasicAuth was not authenticated. Failure message: Missing Authorization Header
2025-10-17 15:45:23.349 +02:00 [INF] [BasicAuth] Handling request for /
2025-10-17 15:45:23.350 +02:00 [WRN] [BasicAuth] Missing Authorization header
2025-10-17 15:45:23.350 +02:00 [INF] BasicAuth was not authenticated. Failure message: Missing Authorization Header
2025-10-17 15:45:23.568 +02:00 [INF] [BasicAuth] Handling request for /_framework/blazor.web.js
2025-10-17 15:45:23.571 +02:00 [WRN] [BasicAuth] Missing Authorization header
2025-10-17 15:45:23.575 +02:00 [INF] BasicAuth was not authenticated. Failure message: Missing Authorization Header
2025-10-17 15:45:28.727 +02:00 [INF] [BasicAuth] Handling request for /api/servers
2025-10-17 15:45:28.728 +02:00 [INF] [BasicAuth] User 'admin' authenticated successfully
2025-10-17 15:45:30.970 +02:00 [WRN] Compiling a query which loads related collections for more than one collection navigation, either via 'Include' or through projection, but no 'QuerySplittingBehavior' has been configured. By default, Entity Framework will use 'QuerySplittingBehavior.SingleQuery', which can potentially result in slow query performance. See https://go.microsoft.com/fwlink/?linkid=2134277 for more information. To identify the query that's triggering this warning call 'ConfigureWarnings(w => w.Throw(RelationalEventId.MultipleCollectionIncludeWarning))'.
2025-10-17 15:45:31.259 +02:00 [INF] Executed DbCommand (47ms) [Parameters=[], CommandType='"Text"', CommandTimeout='30']
SELECT `s`.`Id`, `s`.`Name`, `s`.`RCONIP`, `s`.`RCONPassword`, `s`.`RCONPort`, `k`.`Id`, `k`.`Description`, `k`.`Image`, `k`.`Name`, `k`.`Price`, `k`.`Sale`, `k`.`ServerId`, `s0`.`Id`, `s0`.`Description`, `s0`.`Image`, `s0`.`Name`, `s0`.`Price`, `s0`.`Sale`, `s0`.`ServerId`
FROM `Servers` AS `s`
LEFT JOIN `Keys` AS `k` ON `s`.`Id` = `k`.`ServerId`
LEFT JOIN `Shards` AS `s0` ON `s`.`Id` = `s0`.`ServerId`
ORDER BY `s`.`Id`, `k`.`Id`
2025-10-17 15:46:06.521 +02:00 [INF] [BasicAuth] Handling request for /api/keys
2025-10-17 15:46:06.531 +02:00 [INF] [BasicAuth] User 'admin' authenticated successfully
2025-10-17 15:46:06.548 +02:00 [INF] [BasicAuth] Handling request for /api/servers
2025-10-17 15:46:06.549 +02:00 [INF] [BasicAuth] User 'admin' authenticated successfully
2025-10-17 15:46:06.706 +02:00 [INF] Executed DbCommand (12ms) [Parameters=[], CommandType='"Text"', CommandTimeout='30']
SELECT `s`.`Id`, `s`.`Name`, `s`.`RCONIP`, `s`.`RCONPassword`, `s`.`RCONPort`, `k`.`Id`, `k`.`Description`, `k`.`Image`, `k`.`Name`, `k`.`Price`, `k`.`Sale`, `k`.`ServerId`, `s0`.`Id`, `s0`.`Description`, `s0`.`Image`, `s0`.`Name`, `s0`.`Price`, `s0`.`Sale`, `s0`.`ServerId`
FROM `Servers` AS `s`
LEFT JOIN `Keys` AS `k` ON `s`.`Id` = `k`.`ServerId`
LEFT JOIN `Shards` AS `s0` ON `s`.`Id` = `s0`.`ServerId`
ORDER BY `s`.`Id`, `k`.`Id`
2025-10-17 15:46:06.742 +02:00 [INF] Executed DbCommand (12ms) [Parameters=[], CommandType='"Text"', CommandTimeout='30']
SELECT `k`.`Id`, `k`.`Description`, `k`.`Image`, `k`.`Name`, `k`.`Price`, `k`.`Sale`, `k`.`ServerId`, `s`.`Id`, `s`.`Name`, `s`.`RCONIP`, `s`.`RCONPassword`, `s`.`RCONPort`
FROM `Keys` AS `k`
INNER JOIN `Servers` AS `s` ON `k`.`ServerId` = `s`.`Id`
2025-10-17 15:46:06.878 +02:00 [INF] Executed DbCommand (12ms) [Parameters=[], CommandType='"Text"', CommandTimeout='30']
SELECT `c`.`Id`, `c`.`CommandText`, `c`.`Type`, `c`.`TypeId`
FROM `Commands` AS `c`
WHERE (`c`.`Type` = 'KEY') AND `c`.`TypeId` IN (6, 7, 8, 9)
2025-10-17 15:46:06.977 +02:00 [INF] [BasicAuth] Handling request for /api/keys
2025-10-17 15:46:06.978 +02:00 [INF] [BasicAuth] User 'admin' authenticated successfully
2025-10-17 15:46:06.979 +02:00 [INF] [BasicAuth] Handling request for /api/servers
2025-10-17 15:46:06.979 +02:00 [INF] [BasicAuth] User 'admin' authenticated successfully
2025-10-17 15:46:07.130 +02:00 [INF] Executed DbCommand (15ms) [Parameters=[], CommandType='"Text"', CommandTimeout='30']
SELECT `s`.`Id`, `s`.`Name`, `s`.`RCONIP`, `s`.`RCONPassword`, `s`.`RCONPort`, `k`.`Id`, `k`.`Description`, `k`.`Image`, `k`.`Name`, `k`.`Price`, `k`.`Sale`, `k`.`ServerId`, `s0`.`Id`, `s0`.`Description`, `s0`.`Image`, `s0`.`Name`, `s0`.`Price`, `s0`.`Sale`, `s0`.`ServerId`
FROM `Servers` AS `s`
LEFT JOIN `Keys` AS `k` ON `s`.`Id` = `k`.`ServerId`
LEFT JOIN `Shards` AS `s0` ON `s`.`Id` = `s0`.`ServerId`
ORDER BY `s`.`Id`, `k`.`Id`
2025-10-17 15:46:07.167 +02:00 [INF] Executed DbCommand (13ms) [Parameters=[], CommandType='"Text"', CommandTimeout='30']
SELECT `k`.`Id`, `k`.`Description`, `k`.`Image`, `k`.`Name`, `k`.`Price`, `k`.`Sale`, `k`.`ServerId`, `s`.`Id`, `s`.`Name`, `s`.`RCONIP`, `s`.`RCONPassword`, `s`.`RCONPort`
FROM `Keys` AS `k`
INNER JOIN `Servers` AS `s` ON `k`.`ServerId` = `s`.`Id`
2025-10-17 15:46:07.199 +02:00 [INF] Executed DbCommand (12ms) [Parameters=[], CommandType='"Text"', CommandTimeout='30']
SELECT `c`.`Id`, `c`.`CommandText`, `c`.`Type`, `c`.`TypeId`
FROM `Commands` AS `c`
WHERE (`c`.`Type` = 'KEY') AND `c`.`TypeId` IN (6, 7, 8, 9)
2025-10-17 16:00:26.212 +02:00 [INF] Application is shutting down...
2025-10-17 16:02:46.649 +02:00 [INF] Acquiring an exclusive lock for migration application. See https://aka.ms/efcore-docs-migrations-lock for more information if this takes too long.
2025-10-17 16:02:46.778 +02:00 [INF] Executed DbCommand (19ms) [Parameters=[], CommandType='"Text"', CommandTimeout='30']
SELECT GET_LOCK('__db29534_EFMigrationsLock', 259200)
2025-10-17 16:02:46.913 +02:00 [INF] Executed DbCommand (12ms) [Parameters=[], CommandType='"Text"', CommandTimeout='30']
CREATE TABLE IF NOT EXISTS `__EFMigrationsHistory` (
    `MigrationId` varchar(150) CHARACTER SET utf8mb4 NOT NULL,
    `ProductVersion` varchar(32) CHARACTER SET utf8mb4 NOT NULL,
    CONSTRAINT `PK___EFMigrationsHistory` PRIMARY KEY (`MigrationId`)
) CHARACTER SET=utf8mb4;
2025-10-17 16:02:47.032 +02:00 [INF] Executed DbCommand (15ms) [Parameters=[], CommandType='"Text"', CommandTimeout='30']
SELECT 1 FROM INFORMATION_SCHEMA.TABLES WHERE TABLE_SCHEMA='db29534' AND TABLE_NAME='__EFMigrationsHistory';
2025-10-17 16:02:47.048 +02:00 [INF] Executed DbCommand (13ms) [Parameters=[], CommandType='"Text"', CommandTimeout='30']
SELECT `MigrationId`, `ProductVersion`
FROM `__EFMigrationsHistory`
ORDER BY `MigrationId`;
2025-10-17 16:02:47.066 +02:00 [INF] Applying migration '20251017140119_WithPasses'.
2025-10-17 16:02:47.129 +02:00 [INF] Executed DbCommand (22ms) [Parameters=[], CommandType='"Text"', CommandTimeout='30']
CREATE TABLE `BattlePasses` (
    `Id` int NOT NULL AUTO_INCREMENT,
    `Name` varchar(100) CHARACTER SET utf8mb4 NOT NULL,
    `Description` varchar(500) CHARACTER SET utf8mb4 NOT NULL,
    `Price` float NOT NULL,
    `ServerId` int NOT NULL,
    `Sale` float NOT NULL DEFAULT 0,
    `Image` varchar(255) CHARACTER SET utf8mb4 NULL,
    CONSTRAINT `PK_BattlePasses` PRIMARY KEY (`Id`),
    CONSTRAINT `FK_BattlePasses_Servers_ServerId` FOREIGN KEY (`ServerId`) REFERENCES `Servers` (`Id`) ON DELETE CASCADE
) CHARACTER SET=utf8mb4;
2025-10-17 16:02:47.149 +02:00 [INF] Executed DbCommand (20ms) [Parameters=[], CommandType='"Text"', CommandTimeout='30']
CREATE INDEX `IX_BattlePasses_ServerId` ON `BattlePasses` (`ServerId`);
2025-10-17 16:02:47.163 +02:00 [INF] Executed DbCommand (12ms) [Parameters=[], CommandType='"Text"', CommandTimeout='30']
INSERT INTO `__EFMigrationsHistory` (`MigrationId`, `ProductVersion`)
VALUES ('20251017140119_WithPasses', '9.0.5');
2025-10-17 16:02:47.189 +02:00 [INF] Executed DbCommand (12ms) [Parameters=[], CommandType='"Text"', CommandTimeout='30']
SELECT RELEASE_LOCK('__db29534_EFMigrationsLock')
2025-10-17 16:03:48.644 +02:00 [WRN] The ASP.NET Core developer certificate is not trusted. For information about trusting the ASP.NET Core developer certificate, see https://aka.ms/aspnet/https-trust-dev-cert
2025-10-17 16:03:48.838 +02:00 [INF] Now listening on: https://localhost:7271
2025-10-17 16:03:48.846 +02:00 [INF] Now listening on: http://localhost:5230
2025-10-17 16:03:48.865 +02:00 [INF] Application started. Press Ctrl+C to shut down.
2025-10-17 16:03:48.866 +02:00 [INF] Hosting environment: Development
2025-10-17 16:03:48.866 +02:00 [INF] Content root path: /home/tobias/RiderProjects/SentrySMP/SentrySMP.App
2025-10-17 16:03:50.006 +02:00 [INF] [BasicAuth] Handling request for /
2025-10-17 16:03:50.011 +02:00 [WRN] [BasicAuth] Missing Authorization header
2025-10-17 16:03:50.022 +02:00 [INF] BasicAuth was not authenticated. Failure message: Missing Authorization Header
2025-10-17 16:03:50.580 +02:00 [INF] [BasicAuth] Handling request for /_framework/blazor.web.js
2025-10-17 16:03:50.588 +02:00 [WRN] [BasicAuth] Missing Authorization header
2025-10-17 16:03:50.590 +02:00 [INF] BasicAuth was not authenticated. Failure message: Missing Authorization Header
2025-10-17 16:13:11.750 +02:00 [INF] Application is shutting down...
2025-10-17 16:13:21.913 +02:00 [WRN] The ASP.NET Core developer certificate is not trusted. For information about trusting the ASP.NET Core developer certificate, see https://aka.ms/aspnet/https-trust-dev-cert
2025-10-17 16:13:22.106 +02:00 [INF] Now listening on: https://localhost:7271
2025-10-17 16:13:22.115 +02:00 [INF] Now listening on: http://localhost:5230
2025-10-17 16:13:22.122 +02:00 [INF] Application started. Press Ctrl+C to shut down.
2025-10-17 16:13:22.123 +02:00 [INF] Hosting environment: Development
2025-10-17 16:13:22.123 +02:00 [INF] Content root path: /home/tobias/RiderProjects/SentrySMP/SentrySMP.App
2025-10-17 16:13:23.261 +02:00 [INF] Application is shutting down...
2025-10-17 16:13:29.129 +02:00 [WRN] The ASP.NET Core developer certificate is not trusted. For information about trusting the ASP.NET Core developer certificate, see https://aka.ms/aspnet/https-trust-dev-cert
2025-10-17 16:13:29.351 +02:00 [INF] Now listening on: https://localhost:7271
2025-10-17 16:13:29.385 +02:00 [INF] Now listening on: http://localhost:5230
2025-10-17 16:13:29.411 +02:00 [INF] Application started. Press Ctrl+C to shut down.
2025-10-17 16:13:29.422 +02:00 [INF] Hosting environment: Development
2025-10-17 16:13:29.422 +02:00 [INF] Content root path: /home/tobias/RiderProjects/SentrySMP/SentrySMP.App
2025-10-17 16:13:35.759 +02:00 [WRN] The ASP.NET Core developer certificate is not trusted. For information about trusting the ASP.NET Core developer certificate, see https://aka.ms/aspnet/https-trust-dev-cert
2025-10-17 16:13:35.836 +02:00 [INF] Now listening on: https://localhost:7271
2025-10-17 16:13:35.838 +02:00 [INF] Now listening on: http://localhost:5230
2025-10-17 16:13:35.842 +02:00 [INF] Application started. Press Ctrl+C to shut down.
2025-10-17 16:13:35.843 +02:00 [INF] Hosting environment: Development
2025-10-17 16:13:35.843 +02:00 [INF] Content root path: /home/tobias/RiderProjects/SentrySMP/SentrySMP.App
2025-10-17 16:13:36.630 +02:00 [INF] [BasicAuth] Handling request for /
2025-10-17 16:13:36.633 +02:00 [WRN] [BasicAuth] Missing Authorization header
2025-10-17 16:13:36.636 +02:00 [INF] BasicAuth was not authenticated. Failure message: Missing Authorization Header
2025-10-17 16:13:37.043 +02:00 [INF] [BasicAuth] Handling request for /_framework/blazor.web.js
2025-10-17 16:13:37.048 +02:00 [WRN] [BasicAuth] Missing Authorization header
2025-10-17 16:13:37.048 +02:00 [INF] BasicAuth was not authenticated. Failure message: Missing Authorization Header
2025-10-17 16:13:48.523 +02:00 [INF] [BasicAuth] Handling request for /battlepasses
2025-10-17 16:13:48.525 +02:00 [WRN] [BasicAuth] Missing Authorization header
2025-10-17 16:13:48.527 +02:00 [INF] BasicAuth was not authenticated. Failure message: Missing Authorization Header
2025-10-17 16:13:48.712 +02:00 [INF] [BasicAuth] Handling request for /api/battlepasses
2025-10-17 16:13:48.712 +02:00 [WRN] [BasicAuth] Missing Authorization header
2025-10-17 16:13:48.712 +02:00 [INF] BasicAuth was not authenticated. Failure message: Missing Authorization Header
2025-10-17 16:13:51.057 +02:00 [INF] Executed DbCommand (47ms) [Parameters=[], CommandType='"Text"', CommandTimeout='30']
SELECT `b`.`Id`, `b`.`Description`, `b`.`Image`, `b`.`Name`, `b`.`Price`, `b`.`Sale`, `b`.`ServerId`, `s`.`Id`, `s`.`Name`, `s`.`RCONIP`, `s`.`RCONPassword`, `s`.`RCONPort`
FROM `BattlePasses` AS `b`
INNER JOIN `Servers` AS `s` ON `b`.`ServerId` = `s`.`Id`
2025-10-17 16:13:51.446 +02:00 [INF] [BasicAuth] Handling request for /_framework/blazor.web.js
2025-10-17 16:13:51.446 +02:00 [WRN] [BasicAuth] Missing Authorization header
2025-10-17 16:13:51.446 +02:00 [INF] BasicAuth was not authenticated. Failure message: Missing Authorization Header
2025-10-17 16:13:51.576 +02:00 [INF] [BasicAuth] Handling request for /_blazor/initializers
2025-10-17 16:13:51.576 +02:00 [WRN] [BasicAuth] Missing Authorization header
2025-10-17 16:13:51.576 +02:00 [INF] BasicAuth was not authenticated. Failure message: Missing Authorization Header
2025-10-17 16:13:51.630 +02:00 [INF] [BasicAuth] Handling request for /_blazor/negotiate
2025-10-17 16:13:51.630 +02:00 [WRN] [BasicAuth] Missing Authorization header
2025-10-17 16:13:51.631 +02:00 [INF] BasicAuth was not authenticated. Failure message: Missing Authorization Header
2025-10-17 16:13:51.684 +02:00 [INF] [BasicAuth] Handling request for /_blazor
2025-10-17 16:13:51.687 +02:00 [WRN] [BasicAuth] Missing Authorization header
2025-10-17 16:13:51.687 +02:00 [INF] BasicAuth was not authenticated. Failure message: Missing Authorization Header
2025-10-17 16:13:52.052 +02:00 [INF] [BasicAuth] Handling request for /api/battlepasses
2025-10-17 16:13:52.053 +02:00 [WRN] [BasicAuth] Missing Authorization header
2025-10-17 16:13:52.053 +02:00 [INF] BasicAuth was not authenticated. Failure message: Missing Authorization Header
2025-10-17 16:13:52.218 +02:00 [INF] Executed DbCommand (12ms) [Parameters=[], CommandType='"Text"', CommandTimeout='30']
SELECT `b`.`Id`, `b`.`Description`, `b`.`Image`, `b`.`Name`, `b`.`Price`, `b`.`Sale`, `b`.`ServerId`, `s`.`Id`, `s`.`Name`, `s`.`RCONIP`, `s`.`RCONPassword`, `s`.`RCONPort`
FROM `BattlePasses` AS `b`
INNER JOIN `Servers` AS `s` ON `b`.`ServerId` = `s`.`Id`
2025-10-17 16:20:09.585 +02:00 [INF] Application is shutting down...
